<?xml version="1.0" encoding="UTF-8"?>
<testsuite name="Linux-c++"
	tests="91"
	failures="1"
	disabled="0"
	skipped="0"
	hostname="codespaces-0bcb78"
	time="128"
	timestamp="2026-09-20T21:52:58"
	>
	<testcase name="mhgp8_q2_node_pool_gate" classname="mhgp8_q2_node_pool_gate" time="0.00554213" status="run">
		<properties/>
		<system-out>mhgp8_q2_node_pool_gate passed checks=55984 plans=2059 pairs=8190 oracle_corners=81160 rejected=3521 candidates=4669 empty_plans=0 saturated=2045 jobs=6177 jobs_pairs=4669 factor_sites=8166 fixed_rescans=236 growing_rescans=1400 model_mutants=3 invalid_inputs=7
</system-out>
	</testcase>
	<testcase name="mhgp8_q2_terminal_pool_gate" classname="mhgp8_q2_terminal_pool_gate" time="0.261539" status="run">
		<properties/>
		<system-out>mhgp8_q2_terminal_pool_gate passed checks=1932787 clouds=22 runs=3088 oracle_pairs=5847 oracle_sites=352725 supports=183584 extra_shells=21796 max_shell=30 selected_rectangles=71489 filtered_pairs=71390 residual_pairs=126237 factor_sites=200732 bands=15441 selected64=56 default_comparisons=88 passthrough_rectangles=62253 unchanged_census=1856 reentrant_calls=1 joint_runs=354 pairwise_runs=4 invalid_inputs=6 callback_failures=3 model_mutants=5
</system-out>
	</testcase>
	<testcase name="mhgp8_wspd_front_jobs_gate" classname="mhgp8_wspd_front_jobs_gate" time="0.436591" status="run">
		<properties/>
		<system-out>mhgp8_wspd_front_jobs_gate passed checks=1107985 clouds=12 oracle_point_tests=44640 mono_runs=2521 plans=14761 ordered_replays=44283 job_runs=498555 zero_job_plans=1035 all_terminal_plans=5266 terminal_jobs=321111 pending_jobs=177444 sparse_masks=864 filtered_cuts=171 mixed_lane_cuts=9 rejected_lane_pairs=44382 residual_lane_pairs=167124 partial_lane_rectangles=1285 nonsingleton_rectangles=10719 reentrant_runs=2 callback_failures=2 invalid_inputs=16 model_mutants=55 widened_plans=1440 extended_products=43863 limit_bites=75 inheriting_plans=3240 inherited_credits=20884 inherited_rejections=402 witness_carrying_jobs=4356
</system-out>
	</testcase>
	<testcase name="mhgp8_wspd_q2_parallel_gate" classname="mhgp8_wspd_q2_parallel_gate" time="0.0879898" status="run">
		<properties/>
		<system-out>{"schema":"mhgp8_wspd_q2_parallel_gate_v1","status":"passed","scope":"bounded_cpu_q2_jobs_not_full","public_status":"not_claimed","checks":184537,"clouds":8,"oracle_pairs":9080,"oracle_sites":1106458,"mono_runs":152,"parallel_runs":438,"supports":45161,"max_shell":30,"empty_job_runs":36,"excess_worker_runs":100,"multi_worker_runs":232,"pool_selected":67,"pool_filtered":50415,"pool_passthrough":38,"selected64":12,"filtered64":50364,"joint_runs":24,"pairwise_runs":12,"sibling_tests":1062,"structural_steps":229661,"callback_failures":1,"reentrant_runs":1,"ownership_resets":1,"joined_checks":5,"launch_failures":1,"invalid_inputs":24,"mutants":6}
</system-out>
	</testcase>
	<testcase name="mhgp8_wspd_front_dispatch_gate" classname="mhgp8_wspd_front_dispatch_gate" time="0.0438297" status="run">
		<properties/>
		<system-out>{"schema":"mhgp8_wspd_front_dispatch_gate_v1","status":"passed","public_status":"not_claimed","checks":60146,"oracle_sites":43890,"reference_runs":298,"dispatch_runs":296,"donations":1428,"full_refusals":3482,"reduced_rectangles":165,"masked_cases":5,"zero_seed_cases":32,"ownership_cases":1,"waits":63,"cross_worker_transfers":1,"callback_failures":1,"launch_failures":1,"invalid_inputs":4,"widened_cases":72,"extended_products":4379,"inheriting_cases":72,"inherited_credits":1586,"seed_witness_ranks":94,"donated_witness_ranks":150,"inherited_transfers":1}
</system-out>
	</testcase>
	<testcase name="mhgp8_wspd_q2_dynamic_gate" classname="mhgp8_wspd_q2_dynamic_gate" time="0.0509744" status="run">
		<properties/>
		<system-out>{"schema":"mhgp8_wspd_q2_dynamic_gate_v1","status":"passed","public_status":"not_claimed","checks":3270,"clouds":8,"oracle_pairs":9073,"oracle_sites":1106432,"mono_runs":68,"coarse_runs":74,"donate_runs":142,"default_runs":8,"supports":24337,"max_shell":30,"donations":1626,"full_refusals":3879,"empty_runs":27,"selected64":11,"filtered64":46260,"passthrough":15,"joint_runs":45,"pairwise_runs":21,"callback_failures":1,"reentrant_runs":1,"index_resets":1,"invalid_inputs":8,"mutants":4}
</system-out>
	</testcase>
	<testcase name="mhgp8_q2_census_resume_gate" classname="mhgp8_q2_census_resume_gate" time="0.00948096" status="run">
		<properties/>
		<system-out>{"schema":"mhgp8_q2_census_resume_gate_v1","status":"pass","scope":"shared_anchor_continuations_not_full","checks":254668,"fixtures":12,"roots":12,"oracle_pairs":590,"oracle_sites":37188,"references":195,"resumptions":768,"advances":24644,"supports":1470,"max_shell":30,"credit_pauses":11049,"split_credit_pauses":2184,"phase_pauses":76,"emission_pauses":452,"deferred_child_pauses":1694,"partial_range_pauses":0,"two_engines":1,"thread_transfers":1,"owner_resets":1,"callback_failures":1,"reentrant_calls":2,"overlap_rejections":1,"invalid_inputs":26,"mutants":3}
</system-out>
	</testcase>
	<testcase name="mhgp8_q2_census_detach_gate" classname="mhgp8_q2_census_detach_gate" time="0.00977176" status="run">
		<properties/>
		<system-out>{"schema":"mhgp8_q2_census_detach_gate_v1","status":"pass","scope":"owned_shared_anchor_detach_not_full","checks":68508,"fixtures":6,"runs":302,"oracle_pairs":1458,"oracle_sites":85416,"supports":732,"max_shell":30,"detaches":1679,"imported_credit":149,"imported_phase":150,"emit_donors":139,"recursive_detaches":1148,"no_child":2245,"destroyed_parents":861,"owner_resets":1,"parallel_pairs":1,"distinct_threads":2,"allocation_failures":9,"allocation_successes":3,"injected_allocations":9,"callback_failures":1,"reentrant_rejections":8,"invalid_inputs":12,"mutants":3}
</system-out>
	</testcase>
	<testcase name="mhgp8_q2_census_parallel_gate" classname="mhgp8_q2_census_parallel_gate" time="0.181143" status="run">
		<properties/>
		<system-out>{"status":"passed","scope":"small_q2_anchor_parallel_not_full","checks":82100,"fixtures":8,"references":128,"resumptions":128,"parallel_calls":2304,"supports":3456,"donations":3915,"multi_slot_outputs":46,"multi_active_runs":141,"max_shell":30,"callback_failures":4,"invalid_inputs":14,"partial_launch_failure_injected":false}
</system-out>
	</testcase>
	<testcase name="mhgp8_wspd_q2_cooperative_gate" classname="mhgp8_wspd_q2_cooperative_gate" time="0.181806" status="run">
		<properties/>
		<system-out>{"schema":"mhgp8_wspd_q2_cooperative_gate_v1","status":"passed","public_status":"not_claimed","checks":54983,"clouds":8,"oracle_pairs":5744,"oracle_sites":396286,"coarse_runs":91,"cooperative_runs":235,"default_runs":8,"supports":50438,"max_shell":30,"continued_anchors":35147,"donations":923,"donations_after_seeds_claimed":864,"credit_pauses":277665,"phase_pauses":60670,"empty_runs":20,"small_only_runs":96,"pool_blocks_continuations":48,"selected64":9,"filtered64":4980,"passthrough":1278,"multiple_callback_threads":2,"callback_threads_joined":2,"callback_failures":1,"reentrant_runs":1,"index_resets":1,"invalid_inputs":14,"mutants":5}
</system-out>
	</testcase>
	<testcase name="mhgp8_wspd_q2_ranges_gate" classname="mhgp8_wspd_q2_ranges_gate" time="0.234869" status="run">
		<properties/>
		<system-out>{"schema":"mhgp8_wspd_q2_ranges_gate_v1","status":"passed","public_status":"not_claimed","checks":138582,"clouds":10,"oracle_pairs":10920,"oracle_sites":778110,"coarse_runs":135,"range_runs":415,"default_runs":10,"supports":126065,"max_shell":30,"donations":1236,"donations_after_seeds_claimed":856,"pool_donations":103,"passthrough_donations":492,"wide_pool_cases":12,"empty_runs":31,"surplus_workers":40,"selected64":26,"filtered64":14328,"passthrough":4362,"multiple_callback_threads":2,"callback_threads_joined":2,"callback_failures":1,"reentrant_runs":1,"index_resets":1,"invalid_inputs":14,"mutants":7}
</system-out>
	</testcase>
	<testcase name="mhgp8_wspd_q2_batched_gate" classname="mhgp8_wspd_q2_batched_gate" time="0.251325" status="run">
		<properties/>
		<system-out>{"schema":"mhgp8_wspd_q2_batched_gate_v1","status":"passed","public_status":"not_claimed","checks":145410,"clouds":13,"oracle_pairs":10958,"oracle_sites":778276,"coarse_runs":178,"batch_runs":595,"default_runs":13,"supports":124145,"max_shell":30,"compact_tasks":177945,"inherited_credit":9830,"phase2_tasks":4482,"siblings_due":40054,"empty_runs":31,"surplus_requests":59,"selected64":26,"filtered64":14328,"passthrough":4267,"multiple_callback_threads":2,"callback_threads_joined":2,"callback_failures":1,"reentrant_runs":1,"index_resets":1,"invalid_inputs":14,"mutants":7}
</system-out>
	</testcase>
	<testcase name="mhgp8_wspd_q2_proposals_gate" classname="mhgp8_wspd_q2_proposals_gate" time="9.83593" status="run">
		<properties/>
		<system-out>{"schema":"mhgp8_wspd_q2_proposals_gate_v1","status":"passed","public_status":"not_claimed","checks":1253806,"windows":35280,"clamped_left":7110,"clamped_right":6080,"whole_permutation_windows":4235,"clouds":15,"replay_runs":1575,"replay_products":1469453,"replay_rectangles":494878,"extended_products":722628,"tangent_extension_sites":184832,"factor_ranks_in_extension":503727,"truncated_windows":9843,"exhausted_extensions":617949,"kth_witness_in_extension":104679,"equal_distance_ties":567188,"limit_skips":152457,"extension_clamped_left":89842,"extension_clamped_right":48352,"truncated_double_windows":1048,"rejections_with_historical_credit":103046,"singleton_tangent_extension_sites":120338,"singleton_kth_in_extension":69327,"named_fixture_checks":8,"historical_constant_checks":6,"mutants":10,"mutant_disagreements":5345,"disagreements_by_mutant":[279,824,509,487,387,633,387,524,570,745],"oracle_pairs":38487,"oracle_sites":2711256,"entry_runs":990,"entry_extended_products":863654,"supports":282656,"max_shell":24...
[This part of the test output was removed since it exceeds the threshold of 1024 bytes.]
</system-out>
	</testcase>
	<testcase name="mhgp8_wspd_front_inheritance_gate" classname="mhgp8_wspd_front_inheritance_gate" time="4.84643" status="run">
		<properties/>
		<system-out>{"schema":"mhgp8_wspd_front_inheritance_gate_v1","status":"passed","public_status":"not_claimed","checks":9008,"clouds":15,"replay_runs":1125,"replay_products":1010472,"replay_rectangles":334528,"nonempty_lists":398900,"full_lists":127175,"duplicates":830274,"extension_duplicates":111173,"inherited_rejections":64952,"true_inherited_rejections":16809,"overcounted_rejections":48143,"gained_rejected_mass":21010,"fewer_rejected_products":111,"safety_runs":1125,"safety_pairs":986250,"rejected_pairs_judged":711237,"named_fixture_checks":13,"model_constant_checks":12,"historical_constant_checks":6,"mutants":10,"unsafe_mutants":4,"mutant_disagreements":1334,"mutant_lost_supports":41271,"disagreements_by_mutant":[165,75,165,40,165,165,164,75,165,155],"lost_supports_by_unsafe_mutant":[14768,2348,23911,244],"oracle_pairs":39450,"oracle_sites":2738760,"entry_runs":990,"entry_inherited_credits":1347192,"supports":293788,"max_shell":24,"invalid_inputs":19,"fit_checks":6,"wide_rank_runs":4,"max_duplicate_rank":319}
</system-out>
	</testcase>
	<testcase name="mhgp8_q4_family_gate" classname="mhgp8_q4_family_gate" time="0.540239" status="run">
		<properties/>
		<system-out>{"schema":"mhgp8_q4_family_gate_v1","status":"passed","checks":67354,"clouds":57,"runs":206,"primitive_sites":3153,"root_comparisons":52507,"oracle_sites":55408,"groups":2210,"mixed_groups":49,"decreasing_steps":688,"max_depth":35,"max_shell":30,"max_cross_bits":145,"permutations":42,"invalid_inputs":12,"callback_failures":1,"reentrant_calls":1,"parallel_calls":4,"judge_mutants":5}
</system-out>
	</testcase>
	<testcase name="mhgp8_exact_ball_gate" classname="mhgp8_exact_ball_gate" time="0.055287" status="run">
		<properties/>
		<system-out>{"schema":"mhgp8_exact_ball_gate_v1","status":"passed","checks":34460,"cases":1807,"accepted_q2":453,"accepted_q3":232,"accepted_q4":192,"rejected":930,"rank_deficient":67,"boundary_centres":61,"exterior_centres":802,"permutations":496,"powers":12675,"strict_interiors":2082,"shell_sites":3871,"strict_exteriors":6722,"same_ball_across_arities":3,"max_coefficient_bits":95,"max_power_bits":95,"max_naive_radius_bits":160,"translated":9,"judge_mutants":3}
</system-out>
	</testcase>
	<testcase name="mhgp8_q34_seed_gate" classname="mhgp8_q34_seed_gate" time="0.218687" status="run">
		<properties/>
		<system-out>{"schema":"mhgp8_q34_seed_gate_v1","status":"passed","checks":24590,"calls":635,"oracle_completions":2451,"oracle_sites":24351,"candidates":488,"q3":405,"q4":83,"owner_refusals":5,"q3_rejected":150,"q4_without_q3":6,"late_valid":4,"max_shell":30,"canonical_refusals":26,"positive_refusals":569,"depth_refusals":869,"exhaustive_clouds":13,"exhaustive_balls":229,"invalid_inputs":6,"callback_failures":1,"parallel_calls":4,"judge_mutants":3,"unexamined":104,"depth_drop_runs":28,"larger_than_minimal":1}
</system-out>
	</testcase>
	<testcase name="mhgp8_q34_cover_gate" classname="mhgp8_q34_cover_gate" time="0.0540708" status="run">
		<properties/>
		<system-out>{"schema":"mhgp8_q34_cover_gate_v1","status":"passed","checks":11702,"clouds":12,"covers":186,"edge_calls":186,"seed_calls":184,"reference_calls":184,"oracle_completions":1414,"oracle_sites":3742,"candidates":198,"q3":152,"q4":46,"max_shell":30,"cover_boundary":10,"cover_excluded":289,"cover_admitted_nodes":362,"cover_rejected_nodes":227,"cover_split_nodes":403,"reused_covers":37,"q4_without_q3":8,"invalid_root_depth_changed":1,"exhaustive_edges":171,"permutations":3,"invalid_inputs":9,"callback_failures":1,"parallel_calls":4,"judge_mutants":3,"edge_seed_count":178,"edge_pruned_sites":363,"covered_site_reads":1859}
</system-out>
	</testcase>
	<testcase name="mhgp8_q34_family_pruning_gate" classname="mhgp8_q34_family_pruning_gate" time="0.0400627" status="run">
		<properties/>
		<system-out>{"schema":"mhgp8_q34_family_pruning_gate_v1","status":"passed","checks":5176,"primitive_calls":178,"refused":74,"certified_q3":190,"certified_q4":170,"positive_completions":92,"universal_inside_checks":162,"strict_boundary":12,"nonintegral_radius_bounds":32,"max_j_bits":98,"max_product_bits":97,"edge_calls":63,"seed_calls":129,"reference_calls":192,"oracle_completions":985,"oracle_sites":2201,"candidates":106,"q3":71,"q4":35,"max_shell":30,"q3_only_rejections":11,"q4_only_rejections":9,"both_rejections":5,"neither_rejections":92,"saved_site_reads":54,"pool_calls":64,"exhaustive_edges":20,"permutations":169,"invalid_inputs":9,"callback_failures":1,"parallel_calls":4}
</system-out>
	</testcase>
	<testcase name="mhgp8_q34_collective_gate" classname="mhgp8_q34_collective_gate" time="0.044588" status="run">
		<properties/>
		<system-out>{"schema":"mhgp8_q34_collective_gate_v1","status":"passed","checks":8549,"assessments":349,"collective_queries":81,"universal_shortcuts":32,"collective_gains":2,"tighter_bounds":50,"variance_roundings":52,"wide_variance_numerators":4,"q3_only_rejections":40,"q4_only_rejections":45,"both_rejections":20,"neither_rejections":120,"lower_tangencies":11,"upper_tangencies":8,"equal_mixed_roots":23,"endpoint_dips":24,"initial_saturation_drops":38,"exact_minimum_checks":81,"workspace_reuses":108,"option_calls":348,"zero_budget_calls":92,"jung_universal_pairs":87,"foreign_owner_calls":4,"edge_calls":244,"seed_calls":348,"reference_calls":87,"oracle_completions":408,"oracle_sites":999,"candidates":240,"q3":192,"q4":48,"max_shell":30,"pool_calls":61,"exhaustive_edges":20,"permutations":1,"invalid_inputs":9,"callback_failures":1,"parallel_calls":4}
</system-out>
	</testcase>
	<testcase name="mhgp8_q4_center_map_gate" classname="mhgp8_q4_center_map_gate" time="0.0313019" status="run">
		<properties/>
		<system-out>{"schema":"mhgp8_q4_center_map_gate_v1","status":"passed","checks":1956,"domains":14,"domain_sites":36,"empty_domains":1,"obtuse_completions":3,"lens_boundary":21,"outside_lens_inside":8,"admitted_domain_blocks":32,"rejected_domain_blocks":3,"maps":46,"queries":268,"rejected_queries":32,"unknown_queries":236,"requeries":134,"order_trials":16,"positive_presentations":128,"pool_depth_checks":256,"shallow_pool_roots":192,"disk_contacts":88,"line_skips":1697,"witness_tests":1445,"inside_credits":94,"outside_witnesses":302,"outside_cells":419,"deep_cells":94,"splits":516,"compressed_deep":2,"compressed_outside":0,"depth_stops":140,"budget_stops":40,"empty_stops":40,"max_depth":21,"rotations":2,"extreme_calls":4,"map_q3_only":6,"map_both_rejected":4,"bypass_calls":6,"deferred_calls":22,"edge_calls":51,"seed_calls":118,"reference_calls":118,"oracle_completions":684,"oracle_sites":1622,"candidates":126,"q3":88,"q4":38,"max_shell":30,"exhaustive_edges":15,"invalid_inputs":14,"callback_failures":1,"parallel_calls":4,"a...
[This part of the test output was removed since it exceeds the threshold of 1024 bytes.]
</system-out>
	</testcase>
	<testcase name="mhgp8_q4_local_gate" classname="mhgp8_q4_local_gate" time="0.0545495" status="run">
		<properties/>
		<system-out>{"schema":"mhgp8_q4_local_gate_v1","status":"passed","checks":11981,"partitions":9,"fragment_checks":212,"active_blocks":698,"active_sites":1126,"inactive_inside":246,"inactive_outside":166,"tangent_active":61,"parent_checks":202,"closed_roots":1,"owned_roots":1,"unowned_boundary_roots":244,"corner_roots":1,"root_cells":9,"child_cells":180,"exhausted_partitions":51,"extreme_calls":4,"clipped_events":200,"retained_events":1144,"clipped_inside":75,"constant_shells":1968,"depth_drops":559,"clip_pairs":38,"atlas_reuses":170,"full_sweeps":76,"empty_outputs":102,"rotations":2,"partition_inside":82,"partition_outside":98,"partition_splits":84,"allocation_failures":5,"refinements":18,"refine_inside_added":12,"edge_calls":76,"seed_calls":170,"reference_calls":85,"oracle_completions":488,"oracle_sites":1146,"candidates":68,"q4":68,"max_shell":30,"exhaustive_edges":10,"invalid_inputs":17,"callback_failures":1,"parallel_calls":4}
</system-out>
	</testcase>
	<testcase name="mhgp8_q4_shallow_gate" classname="mhgp8_q4_shallow_gate" time="0.157179" status="run">
		<properties/>
		<system-out>{"schema":"mhgp8_q4_shallow_gate_v1","status":"passed","checks":3686,"sets":23,"oracle_layers":55,"boundary_groups":149,"degenerate_groups":62,"duplicate_ids":14,"retained_ids":284,"discarded_ids":31,"zero_sites":59,"positive_sites":173,"negative_sites":83,"query_centres":1942,"shallow_centres":535,"removed_nonpositive":2085,"strict_witness_checks":12501,"removed_shell_contacts":253,"t0_queries":23,"collinear_cases":4,"extreme_calls":6,"boundary_nonvertices":15,"coincident_duals":6,"saved_seed_sites":24,"allocation_failures":4,"removed_seed_rejections":24,"retained_seed_queries":111,"constant_shells":339,"mixed_sign_cases":8,"edge_calls":37,"seed_calls":135,"reference_calls":135,"oracle_completions":1894,"oracle_sites":7543,"candidates":85,"q4":85,"max_shell":30,"exhaustive_edges":10,"permutations":1,"invalid_inputs":9,"callback_failures":1,"parallel_calls":4}
</system-out>
	</testcase>
	<testcase name="mhgp8_q4_window_gate" classname="mhgp8_q4_window_gate" time="0.074452" status="run">
		<properties/>
		<system-out>{"schema":"mhgp8_q4_window_gate_v1","status":"passed","checks":6206,"families":173,"root_groups":352,"root_ids":1287,"constant_rejections":18,"empty_windows":6,"fixed_rejections":2,"point_windows":35,"point_windows_with_constants":4,"point_window_candidates":11,"lower_infinite":71,"upper_infinite":70,"both_infinite":57,"finite_intervals":30,"mixed_groups":42,"constant_inside":140,"constant_shells":543,"endpoint_ids":1049,"inner_ids":238,"fixed_inside":53,"outside_ids":122,"depth_rejected_groups":30,"removed_seed_rejections":12,"interior_bound_checks":149,"strict_shell_checks":352,"extreme_calls":6,"allocation_failures":4,"second_pass_sites":2195,"heap_comparisons":2207,"heap_replacements":470,"huge_k_calls":1,"isolated_point_fixtures":1,"edge_calls":50,"seed_calls":185,"reference_calls":235,"oracle_completions":2185,"oracle_sites":6322,"candidates":95,"q4":95,"max_shell":30,"exhaustive_edges":10,"permutations":2,"invalid_inputs":7,"callback_failures":1,"parallel_calls":4}
</system-out>
	</testcase>
	<testcase name="mhgp8_q2_joint_gate" classname="mhgp8_q2_joint_gate" time="0.100906" status="run">
		<properties/>
		<system-out>mhgp8_q2_joint_gate passed checks=1026250 clouds=18 oracle_pairs=725 oracle_sites=10372 runs=5336 supports=124698 shell_sites=285376 root_products=108008 joint_tasks=111740 splits_a=1674 splits_b=192 joint_tests=3436 joint_credits=90 joint_rejected_pairs=84 joint_accepted_pairs=0 handoffs=109860 handoffs_after_credit=152 handoff_pair_mass=116836 structural_splits=840 phase_switches=0 shared_anchor_runs=1732 default_comparisons=144 invalid_inputs=4 callback_failures=4 model_mutants=5
</system-out>
	</testcase>
	<testcase name="mhgp8_q2_joint_bounds_gate" classname="mhgp8_q2_joint_bounds_gate" time="0.0513924" status="run">
		<properties/>
		<system-out>mhgp8_q2_joint_bounds_gate passed checks=12058 cases=3190 oracle_values=211108 dense_values=120366 interior=45 exterior=348 shell=229 mixed=2568 swaps=3190 singleton_reductions=2413 symmetries=48 model_mutants=9 invalid_inputs=9 copies=3 prepared_bytes=96
</system-out>
	</testcase>
	<testcase name="mhgp8_q2_witness_order_gate" classname="mhgp8_q2_witness_order_gate" time="0.0540178" status="run">
		<properties/>
		<system-out>mhgp8_q2_witness_order_gate passed checks=436117 clouds=16 oracle_pairs=3612 oracle_sites=235572 runs=1798 supports=48922 shell_sites=138352 structural_splits=186274 deferred_skips=22258 anchor_skips=29722 phase_switches=22078 default_comparisons=256 transformed_clouds=8 invalid_inputs=3 callback_failures=2 model_mutants=5 fixture_global_splits=1638 fixture_complement_splits=1384 fixture_universal_witnesses=12
</system-out>
	</testcase>
	<testcase name="mhgp8_q2_sibling_gate" classname="mhgp8_q2_sibling_gate" time="0.0718096" status="run">
		<properties/>
		<system-out>mhgp8_q2_sibling_gate passed checks=485775 clouds=24 oracle_pairs=7442 oracle_sites=429028 runs=1449 supports=64725 proposals=23924 cardinality_skips=17088 bound_tests=6836 rejected_tasks=3417 rejected_pairs=7466 rejected_after_credit=10 transformed_clouds=16 permutations=16 default_comparisons=192 invalid_inputs=3 callback_failures=2 model_mutants=5 fragmentation_bound=2633 fragmentation_disabled_tasks=2261 fragmentation_enabled_tasks=1967
</system-out>
	</testcase>
	<testcase name="mhgp8_wspd_q2_census_gate" classname="mhgp8_wspd_q2_census_gate" time="0.0510709" status="run">
		<properties/>
		<system-out>mhgp8_wspd_q2_census_gate passed checks=467858 clouds=26 oracle_pairs=1749 oracle_sites=28869 front_reference_runs=631 integrated_runs=1255 supports=46762 interior_sites=72204 shell_sites=125060 front_rejected_pairs=12628 census_rejected_pairs=22562 empty_runs=96 permutations=13 nonidentity_orders=20 query_splits=3178 split_after_credit=60 uniform_credit=1236 uniform_reject=512 root_savings=3434 invalid_inputs=11 callback_exceptions=4 model_mutants=8
</system-out>
	</testcase>
	<testcase name="mhgp8_wspd_front_gate" classname="mhgp8_wspd_front_gate" time="1.33736" status="run">
		<properties/>
		<system-out>mhgp8_wspd_front_gate passed checks=3325964 clouds=30 spatial_nodes=1476 nonidentity_orders=52 oracle_point_tests=235134 front_runs=4687 rectangles=339657 nonsingleton_rectangles=4798 partial_lane_rectangles=3917 absent_lane_pairs=179043 residual_lane_pairs=486138 q2_support_checks=239520 permutations=15 invalid_inputs=25 model_mutants=7 callback_exceptions=1 witness_searches=669998 witness_descent_steps=3231854 proposed_sites=5622774 widened_runs=1440 extended_products=295792 extended_proposals=2203804 extended_rejections=20876 extension_only_pairs=6352 limit_bites=414 inheriting_runs=1440 inherited_credits=171648 inherited_duplicates=155702 inheritance_only_pairs=72
</system-out>
	</testcase>
	<testcase name="mhgp8_cloud_owner_gate" classname="mhgp8_cloud_owner_gate" time="0.00305236" status="run">
		<properties/>
		<system-out>mhgp8_cloud_owner_gate passed checks=7780 clouds=19 range_queries=2404 multi_node_queries=2042 max_range_visits=8 max_range_steps=6 oracle_sites=299 census_runs=24 supports=38 invalid_inputs=89 model_mutants=17 lifetime_checks=2
</system-out>
	</testcase>
	<testcase name="mhgp8_p0_gate" classname="mhgp8_p0_gate" time="0.683214" status="run">
		<properties/>
		<system-out>mhgp8_p0_gate passed checks=148587 plans=390 rejections=32 strict_mutants=3 killed_pairs=40763 retained_pairs=9592 credited_blocks=605 noncredit_blocks=1628 leaf_pairs=2750 saturated_tasks=220
</system-out>
	</testcase>
	<testcase name="mhgp8_tube_gate" classname="mhgp8_tube_gate" time="0.392626" status="run">
		<properties/>
		<system-out>mhgp8_tube_gate passed checks=108730 small_plans=295 permutations=135 geometric_rejections=28995 retained_pairs=8073 missed_credits=10 mutants=5 fallback_cases=3 large_rails_residual=2916
</system-out>
	</testcase>
	<testcase name="mhgp8_batch_gate" classname="mhgp8_batch_gate" time="0.00666659" status="run">
		<properties/>
		<system-out>mhgp8_batch_gate passed checks=10872 batches=195 lane_comparisons=585 shared_preparations=27 saturated_batches=81 fallback_batches=5 rejections=3
</system-out>
	</testcase>
	<testcase name="mhgp8_axis_q2_gate" classname="mhgp8_axis_q2_gate" time="0.54344" status="run">
		<properties/>
		<system-out>mhgp8_axis_q2_gate passed checks=1495478 small_plans=158 exact_census_pairs=58556 rejected_pairs=14752 retained_pairs=43804 permutations=72 model_mutants=5 conservative_cases=1 invalid_inputs=5 moved_rejections=3 large_grid_points=56000 large_grid_candidates=11067600
</system-out>
	</testcase>
	<testcase name="mhgp8_axis_additive_gate" classname="mhgp8_axis_additive_gate" time="0.835302" status="run">
		<properties/>
		<system-out>mhgp8_axis_additive_gate passed checks=2947081 small_cases=81 checked_plans=650 census_pairs=29946 additive_prunes=572 intersection_prunes=1894 axis_queries=5569431 restriction_queries=55856 restriction_copies=15916 rejected_pairs=81918 retained_pairs=157988 core_partial=3 core_saturated=5 model_mutants=7 rejections=15 ownership_cases=2 large_points=56000 large_candidates=6759210
</system-out>
	</testcase>
	<testcase name="mhgp8_plan_assignment_gate" classname="mhgp8_plan_assignment_gate" time="0.00283653" status="run">
		<properties/>
		<system-out>mhgp8_plan_assignment_gate passed checks=1110 plan_allocation_failures=5 batch_allocation_failures=15 physical_comparisons=70 successful_assignments=2 self_operations=4 move_operations=4 moved_rejections=24
</system-out>
	</testcase>
	<testcase name="mhgp8_q2_census_gate" classname="mhgp8_q2_census_gate" time="0.0448865" status="run">
		<properties/>
		<system-out>mhgp8_q2_census_gate passed checks=186162 cases=277 runs=557 oracle_pairs=8376 oracle_sites=259780 prefilter_rejections=1501 census_rejections=4970 accepted=8828 shell_sites=51896 interior_sites=15248 uniform_credit=276 uniform_accept=144 uniform_reject=76 query_splits=5472 witness_splits=116536 split_after_credit=130 cursor_reuses=10944 cursor_advances=113941 deep_indices=3 root_savings=75 permutations=72 model_mutants=10 rejections=10
</system-out>
	</testcase>
	<testcase name="mhgp8_q2_prepared_bounds_gate" classname="mhgp8_q2_prepared_bounds_gate" time="0.0445139" status="run">
		<properties/>
		<system-out>mhgp8_q2_prepared_bounds_gate passed checks=61803 cases=1424 oracle_values=243167 dense_values=57675 interior=39 exterior=226 shell=158 mixed=1001 symmetries=48 model_mutants=8 invalid_inputs=6 copies=3 prepared_bytes=48
</system-out>
	</testcase>
	<testcase name="mhgp8_wspd_q2_batched_receipts_normal_gate" classname="mhgp8_wspd_q2_batched_receipts_normal_gate" time="2.18472" status="run">
		<properties/>
		<system-out>{"completed_captures": 24, "credited_captures": 12, "full_contract_qualified": false, "invalid_cli": 24, "max_as_sum_models": 12, "paired_workers": 12, "pool_captures": 2, "real_captures": 24, "rejected_mutants": 3556, "status": "passed", "unit_contract_mutants": 12}
</system-out>
	</testcase>
	<testcase name="mhgp8_wspd_q2_batched_receipts_optimized_gate" classname="mhgp8_wspd_q2_batched_receipts_optimized_gate" time="2.1657" status="run">
		<properties/>
		<system-out>{"completed_captures": 24, "credited_captures": 12, "full_contract_qualified": false, "invalid_cli": 24, "max_as_sum_models": 12, "paired_workers": 12, "pool_captures": 2, "real_captures": 24, "rejected_mutants": 3556, "status": "passed", "unit_contract_mutants": 12}
</system-out>
	</testcase>
	<testcase name="mhgp8_wspd_q2_proposals_receipts_normal_gate" classname="mhgp8_wspd_q2_proposals_receipts_normal_gate" time="3.90136" status="run">
		<properties/>
		<system-out>{"comparison_groups": 24, "extended_captures": 96, "full_contract_qualified": false, "invalid_cli": 27, "pair_mutants": 10, "pool_captures": 10, "real_captures": 120, "rejected_mutants": 7607, "rejecting_captures": 72, "status": "passed", "unit_contract_mutants": 12}
</system-out>
	</testcase>
	<testcase name="mhgp8_wspd_q2_proposals_receipts_optimized_gate" classname="mhgp8_wspd_q2_proposals_receipts_optimized_gate" time="3.86197" status="run">
		<properties/>
		<system-out>{"comparison_groups": 24, "extended_captures": 96, "full_contract_qualified": false, "invalid_cli": 27, "pair_mutants": 10, "pool_captures": 10, "real_captures": 120, "rejected_mutants": 7607, "rejecting_captures": 72, "status": "passed", "unit_contract_mutants": 12}
</system-out>
	</testcase>
	<testcase name="mhgp8_wspd_q2_inheritance_receipts_normal_gate" classname="mhgp8_wspd_q2_inheritance_receipts_normal_gate" time="5.99429" status="run">
		<properties/>
		<system-out>{"comparison_groups": 24, "compensated_labels": 14, "differential_mutants": 10, "extended_captures": 96, "extension_duplicate_captures": 18, "full_contract_qualified": false, "gaining_twin_captures": 22, "generic_floor_mutants": 3, "invalid_cli": 31, "pair_mutants": 15, "pool_captures": 12, "real_captures": 144, "rejected_mutants": 11023, "rejecting_captures": 36, "status": "passed", "unit_contract_mutants": 12}
</system-out>
	</testcase>
	<testcase name="mhgp8_wspd_q2_inheritance_receipts_optimized_gate" classname="mhgp8_wspd_q2_inheritance_receipts_optimized_gate" time="5.94762" status="run">
		<properties/>
		<system-out>{"comparison_groups": 24, "compensated_labels": 14, "differential_mutants": 10, "extended_captures": 96, "extension_duplicate_captures": 18, "full_contract_qualified": false, "gaining_twin_captures": 22, "generic_floor_mutants": 3, "invalid_cli": 31, "pair_mutants": 15, "pool_captures": 12, "real_captures": 144, "rejected_mutants": 11023, "rejecting_captures": 36, "status": "passed", "unit_contract_mutants": 12}
</system-out>
	</testcase>
	<testcase name="mhgp8_wspd_q2_ranges_receipts_normal_gate" classname="mhgp8_wspd_q2_ranges_receipts_normal_gate" time="2.24698" status="run">
		<properties/>
		<system-out>{"full_contract_qualified": false, "invalid_cli": 24, "max_as_sum_models": 14, "paired_workers": 12, "passthrough_captures": 2, "pool_captures": 2, "real_captures": 24, "rejected_mutants": 3722, "shared_captures": 24, "status": "passed", "unit_contract_mutants": 12}
</system-out>
	</testcase>
	<testcase name="mhgp8_wspd_q2_ranges_receipts_optimized_gate" classname="mhgp8_wspd_q2_ranges_receipts_optimized_gate" time="2.25017" status="run">
		<properties/>
		<system-out>{"full_contract_qualified": false, "invalid_cli": 24, "max_as_sum_models": 15, "paired_workers": 12, "passthrough_captures": 2, "pool_captures": 2, "real_captures": 24, "rejected_mutants": 3723, "shared_captures": 24, "status": "passed", "unit_contract_mutants": 12}
</system-out>
	</testcase>
	<testcase name="mhgp8_wspd_q2_cooperative_receipts_normal_gate" classname="mhgp8_wspd_q2_cooperative_receipts_normal_gate" time="2.64805" status="run">
		<properties/>
		<system-out>{"continued_captures": 12, "full_contract_qualified": false, "invalid_cli": 26, "max_as_sum_models": 26, "paired_workers": 12, "pool_selection_models": 8, "real_captures": 24, "rejected_mutants": 4153, "status": "passed", "unit_contract_mutants": 12}
</system-out>
	</testcase>
	<testcase name="mhgp8_wspd_q2_cooperative_receipts_optimized_gate" classname="mhgp8_wspd_q2_cooperative_receipts_optimized_gate" time="2.68677" status="run">
		<properties/>
		<system-out>{"continued_captures": 12, "full_contract_qualified": false, "invalid_cli": 26, "max_as_sum_models": 26, "paired_workers": 12, "pool_selection_models": 8, "real_captures": 24, "rejected_mutants": 4153, "status": "passed", "unit_contract_mutants": 12}
</system-out>
	</testcase>
	<testcase name="mhgp8_q2_split_receipts_gate" classname="mhgp8_q2_split_receipts_gate" time="0.318353" status="run">
		<properties/>
		<system-out>{"full_contract_qualified": false, "invalid_cli": 21, "paired_workers": 12, "real_captures": 24, "rejected_mutants": 1993, "status": "passed"}
</system-out>
	</testcase>
	<testcase name="mhgp8_q2_split_receipts_gate_optimized" classname="mhgp8_q2_split_receipts_gate_optimized" time="0.321872" status="run">
		<properties/>
		<system-out>{"full_contract_qualified": false, "invalid_cli": 21, "paired_workers": 12, "real_captures": 24, "rejected_mutants": 1993, "status": "passed"}
</system-out>
	</testcase>
	<testcase name="mhgp8_q2_resume_receipts_gate" classname="mhgp8_q2_resume_receipts_gate" time="0.157568" status="run">
		<properties/>
		<system-out>{"invalid_cli": 7, "real_captures": 24, "rejected_mutants": 552, "status": "passed"}
</system-out>
	</testcase>
	<testcase name="mhgp8_q2_resume_receipts_gate_optimized" classname="mhgp8_q2_resume_receipts_gate_optimized" time="0.156785" status="run">
		<properties/>
		<system-out>{"invalid_cli": 7, "real_captures": 24, "rejected_mutants": 552, "status": "passed"}
</system-out>
	</testcase>
	<testcase name="mhgp8_q3_q4_owner_independence_gate" classname="mhgp8_q3_q4_owner_independence_gate" time="0.0351132" status="run">
		<properties/>
		<system-out>{"claim": "q2_survival_is_not_a_q3_q4_owner_filter", "deep_seed_fixtures": [{"kmax": 5, "q3_seed_depth": 4, "q4_depth": 0, "q4_power_distance_minus_radius": ["425", "426", "429", "434"], "seed_ids": [0, 1, 2], "seed_power_distance_minus_radius": ["-1050", "-1049", "-1046", "-1041"]}, {"kmax": 10, "q3_seed_depth": 9, "q4_depth": 0, "q4_power_distance_minus_radius": ["425", "426", "429", "434", "441", "450", "461", "474", "489"], "seed_ids": [0, 1, 2], "seed_power_distance_minus_radius": ["-1050", "-1049", "-1046", "-1041", "-1034", "-1025", "-1014", "-1001", "-986"]}], "fixtures": [{"center": ["1000", "3055/3", "1000"], "kmax": 5, "lane_rejection_threshold": 4, "q": 3, "q2_depth_at_least": 5, "radius_squared": "93025/9", "shell": [0, 1, 2], "sites": 8, "support_depth": 0, "unique_maximal_edge": [0, 1], "witness_powers": ["-1400", "-1401", "-1404", "-1409", "-1416"]}, {"center": ["1000", "1025", "1000"], "kmax": 5, "lane_rejection_threshold": 3, "q": 4, "q2_depth_at_least": 5, "radius_squared": "10625", "shell"...
[This part of the test output was removed since it exceeds the threshold of 1024 bytes.]
</system-out>
	</testcase>
	<testcase name="mhgp8_q3_q4_owner_independence_gate_optimized" classname="mhgp8_q3_q4_owner_independence_gate_optimized" time="0.0352462" status="run">
		<properties/>
		<system-out>{"claim": "q2_survival_is_not_a_q3_q4_owner_filter", "deep_seed_fixtures": [{"kmax": 5, "q3_seed_depth": 4, "q4_depth": 0, "q4_power_distance_minus_radius": ["425", "426", "429", "434"], "seed_ids": [0, 1, 2], "seed_power_distance_minus_radius": ["-1050", "-1049", "-1046", "-1041"]}, {"kmax": 10, "q3_seed_depth": 9, "q4_depth": 0, "q4_power_distance_minus_radius": ["425", "426", "429", "434", "441", "450", "461", "474", "489"], "seed_ids": [0, 1, 2], "seed_power_distance_minus_radius": ["-1050", "-1049", "-1046", "-1041", "-1034", "-1025", "-1014", "-1001", "-986"]}], "fixtures": [{"center": ["1000", "3055/3", "1000"], "kmax": 5, "lane_rejection_threshold": 4, "q": 3, "q2_depth_at_least": 5, "radius_squared": "93025/9", "shell": [0, 1, 2], "sites": 8, "support_depth": 0, "unique_maximal_edge": [0, 1], "witness_powers": ["-1400", "-1401", "-1404", "-1409", "-1416"]}, {"center": ["1000", "1025", "1000"], "kmax": 5, "lane_rejection_threshold": 3, "q": 4, "q2_depth_at_least": 5, "radius_squared": "10625", "shell"...
[This part of the test output was removed since it exceeds the threshold of 1024 bytes.]
</system-out>
	</testcase>
	<testcase name="mhgp8_wspd_q2_dynamic_receipts_gate" classname="mhgp8_wspd_q2_dynamic_receipts_gate" time="10.2518" status="run">
		<properties/>
		<system-out>{"domain_checks": 12, "failed_captures": 3, "genuine_rows": 108, "invalid_options": 13, "mutants": 60, "positive_reads": 1, "status": "passed"}
</system-out>
	</testcase>
	<testcase name="mhgp8_wspd_q2_dynamic_receipts_gate_optimized" classname="mhgp8_wspd_q2_dynamic_receipts_gate_optimized" time="6.09469" status="fail">
		<failure message="Failed"/>
		<properties/>
		<system-out>parallel q2 receipt gate failed: mutant survived: worker_digest b'{\n  "status": "passed",\n  "campaigns": 4,\n  "measurements": 108,\n  "configurations_including_threads_seed": 60,\n  "scope": "q2_all_cloud_supports_not_full",\n  "full_contract_qualified": false,\n  "gcp_used": false,\n  "provenance_policy": {\n    "version": "paired_provenance_v1",\n    "grouping": "homogeneous_build_per_probe_kind_and_common_machine_metadata",\n    "cpuinfo_ignored_fields": [\n      "cpu MHz"\n    ],\n    "machine_identity_scope": "recorded_metadata_not_unique_physical_host"\n  },\n  "provenance": {\n    "build_id": "58d7ca3cae23f11d049d8b8a8d88b3ad9ebacf81492bf8b85c95f42b16d7252a",\n    "machine_id": "8a3cdb4905b368576e1dcca798ad462deafc60f4d0d376972acacc3ee3437484",\n    "probe_sha256": "932cabac8157cea250030a1997e3349bd0508dafef15696e11e29f36ad78cf97",\n    "compiler_version": "c++ (Ubuntu 13.3.0-6ubuntu2~24.04.1) 13.3.0\\nCopyright (C) 2023 Free Software Foundation, Inc.\\nThis is free software; see the source for copying conditions.  There is NO\\nwarranty; not even for MERCHANTABILITY or FITNESS FOR A PARTICULAR PURPOSE.\\n\\n",\n    "cmake_cache_sha256": "54d5a5a65b70ba61634877951830d2d9d943c2f9a5242675b8fccca8a969f1dc",\n    "cpuinfo_normalized_sha256": "234a2f079af0a227d5f101dabae7df53c04b3496fd91fbee8ce67f4769964745",\n    "platform": "Linux-6.8.0-1064-azure-x86_64-with-glibc2.39",\n    "logical_cpu_count": 8,\n    "threads": "per_measurement",\n    "cpu_affinity": [\n      0,\n      1,\n      2,\n      3,\n      4,\n      5,\n      6,\n      7\n    ]\n  },\n  "current_reader_sha256": "32ad73e0c86f35e5955ee36aeae577a2598a74691abb9237cb84322e2d76565c",\n  "source_check": "current_content_and_closing_pins_not_a_rebuild",\n  "mode_comparison": "same_input_supports_and_integer_geometry_across_threads_and_jobs",\n  "excluded_schedule_fields": [\n    "pool_time_sums",\n    "memory",\n    "parallel_work",\n    "dispatch_work",\n    "workers",\n    "timings"\n  ],\n  "input_files": {\n    "file:/tmp/mhgp8_dynamic_receipts_k8kfpeab/points with \\"quote\\".u16le": {\n      "path": "/tmp/mhgp8_dynamic_receipts_k8kfpeab/points with \\"quote\\".u16le",\n      "n": 4,\n      "bytes": 24,\n      "sha256": "a5eec1b081a64d6236d1e790df81fe16ce0a06343b36cd8b808578d2afd6ea79",\n      "input_hash": "ba84a6820a0710a4"\n    },\n    "file:/tmp/mhgp8_dynamic_receipts_k8kfpeab/second.u16le": {\n      "path": "/tmp/mhgp8_dynamic_receipts_k8kfpeab/second.u16le",\n      "n": 6,\n      "bytes": 36,\n      "sha256": "8c6b980f48b4ae923bc31bd19ea33c628d5e49aafdb7d50ff72e723fd735701a",\n      "input_hash": "5e9e170509d758fd"\n    }\n  },\n  "summary": [\n    {\n      "family": "clusters",\n      "n": 32,\n      "kmax": 1,\n      "s": 8,\n      "seed": 3,\n      "threads": 0,\n      "jobs_per_worker": 1,\n      "schedule": "coarse",\n      "queue_capacity": 1,\n      "donation_interval": 1,\n      "pool_min_factor": 1,\n      "repeats": 2,\n      "recipe": "eight_corner_clusters_splitmix64_v1",\n      "seed_affects_input": true,\n      "input_hash": "217ad6c970a7d2df",\n      "input_kind": "synthetic",\n      "input_path": "",\n      "input_bytes": 0,\n      "input_work": {\n        "bytes_read": 0,\n        "decoded_points": 0,\n        "hash_words": 0\n      },\n      "total_unordered_pairs": 496,\n      "active_lane_mask": 1,\n      "generation_work": {\n        "rng_calls": 128,\n        "proposed_points": 32,\n        "duplicate_rejections": 0,\n        "accepted_points": 32,\n        "ordered_set_comparisons": 187\n      },\n      "cloud_work": {\n        "coordinate_copies": 32,\n        "validation_points": 32,\n        "uniqueness_comparisons": 192,\n        "uniqueness_adjacent_tests": 31,\n        "range_tree_leaf_visits": 32,\n        "range_tree_nodes": 63,\n        "range_tree_merges": 31\n      },\n      "index_work": {\n        "point_visits": 372,\n        "nodes": 63,\n        "max_depth": 7,\n        "escape_links": 63\n      },\n      "front_work": {\n        "product_visits": 202,\n        "diagonal_splits": 31,\n        "diagonal_leaves": 32,\n        "disjoint_splits": 54,\n        "separation_tests": 121,\n        "witness_searches": 138,\n        "witness_descent_steps": 773,\n        "witness_box_distance_tests": 1546,\n        "proposed_sites": 138,\n        "proposals_in_factors": 114,\n        "h_bound_tests": 24,\n        "xi_bound_tests": 0,\n        "witness_lane_credits": 18,\n        "fully_rejected_products": 18,\n        "emitted_rectangles": 67,\n        "emitted_factor_sites": 271,\n        "max_factor_size": 6,\n        "leaf_pair_rectangles": 44,\n        "max_stack_size": 11,\n        "max_product_depth": 8,\n        "size_class_rectangles": [\n          44,\n          23,\n          0,\n          0,\n          0\n        ],\n        "size_class_pair_mass": [\n          44,\n          357,\n          0,\n          0,\n          0\n        ],\n        "rejected_pair_mass": [\n          95,\n          0,\n          0\n        ],\n        "residual_pair_mass": [\n          401,\n          0,\n          0\n        ],\n        "lane_rectangles": [\n          67,\n          0,\n          0\n        ]\n      },\n      "census_work": {\n        "query_build_point_visits": 0,\n        "query_build_nodes": 0,\n        "query_build_max_depth": 0,\n        "input_descriptors": 67,\n        "query_cover_visits": 0,\n        "query_tasks": 67,\n        "query_splits": 0,\n        "witness_splits": 168,\n        "count_root_starts": 67,\n        "shared_splits_after_credit": 0,\n        "cursor_advances": 648,\n        "cursor_reuses": 0,\n        "count_node_visits": 599,\n        "count_bound_tests": 395,\n        "count_point_tests": 204,\n        "uniform_credited_pairs": 0,\n        "uniform_rejected_pairs": 0,\n        "uniform_accepted_pairs": 0,\n        "consumed_witness_sites": 1871,\n        "frontier_restarts": 0,\n        "payload_node_visits": 808,\n        "payload_bound_tests": 586,\n        "payload_point_tests": 222,\n        "payload_interior_sites": 0,\n        "payload_shell_sites": 108,\n        "payload_supports": 54\n      },\n      "sibling_work": {\n        "proposals": 0,\n        "cardinality_skips": 0,\n        "bound_tests": 0,\n        "rejected_tasks": 0,\n        "rejected_pairs": 0,\n        "rejected_after_credit": 0\n      },\n      "order_work": {\n        "structural_splits": 272,\n        "deferred_skips": 37,\n        "anchor_skips": 42,\n        "phase_switches": 36\n      },\n      "joint_work": {\n        "root_products": 0,\n        "tasks": 0,\n        "splits_a": 0,\n        "splits_b": 0,\n        "witness_splits": 0,\n        "bound_tests": 0,\n        "cursor_advances": 0,\n        "structural_splits": 0,\n        "deferred_skips": 0,\n        "phase_switches": 0,\n        "consumed_witness_sites": 0,\n        "credit_events": 0,\n        "credited_pair_mass": 0,\n        "splits_after_credit": 0,\n        "singleton_handoffs": 0,\n        "handoffs_after_credit": 0,\n        "handoff_pair_mass": 0,\n        "rejected_pairs": 0,\n        "accepted_pairs": 0,\n        "max_depth": 0\n      },\n      "callback_work": {\n        "copied_ids": 108,\n        "sort_calls": 108,\n        "sort_comparisons": 84,\n        "validation_ids": 108,\n        "adjacent_tests": 54,\n        "cross_set_comparisons": 0,\n        "support_key_axis_checks": 162,\n        "hash_words": 594\n      },\n      "digest": {\n        "encoding": "canonical_q2_support_v2",\n        "supports": 54,\n        "interior_ids": 0,\n        "shell_ids": 108,\n        "sum": "1084a792a323777f",\n        "xor": "95591fe7d06e1f1f"\n      },\n      "input_rectangles": 67,\n      "anchor_queries": 113,\n      "candidate_pairs": 67,\n      "accepted_pairs": 54,\n      "rejected_pairs": 13,\n      "median_timings": {\n        "generation_ms": 0.007394,\n        "load_ms": 0.0,\n        "cloud_ms": 0.0057859999999999995,\n        "index_ms": 0.014557500000000001,\n        "pipeline_and_callback_ms": 0.102481,\n        "validation_ms": 0.000476,\n        "destruction_ms": 0.000466,\n        "total_ms": 0.1311605,\n        "pipeline_wall_ms": 0.1010285,\n        "partition_ms": 0.0,\n        "worker_ms_sum": 0.1010285,\n        "payload_ms_sum": 0.0228475\n      }\n    },\n    {\n      "family": "clusters",\n      "n": 32,\n      "kmax": 1,\n      "s": 8,\n      "seed": 3,\n      "threads": 0,\n      "jobs_per_worker": 1,\n      "schedule": "coarse",\n      "queue_capacity": 1,\n      "donation_interval": 1,\n      "pool_min_factor": 64,\n      "repeats": 2,\n      "recipe": "eight_corner_clusters_splitmix64_v1",\n      "seed_affects_input": true,\n      "input_hash": "217ad6c970a7d2df",\n      "input_kind": "synthetic",\n      "input_path": "",\n      "input_bytes": 0,\n      "input_work": {\n        "bytes_read": 0,\n        "decoded_points": 0,\n        "hash_words": 0\n      },\n      "total_unordered_pairs": 496,\n      "active_lane_mask": 1,\n      "generation_work": {\n        "rng_calls": 128,\n        "proposed_points": 32,\n        "duplicate_rejections": 0,\n        "accepted_points": 32,\n        "ordered_set_comparisons": 187\n      },\n      "cloud_work": {\n        "coordinate_copies": 32,\n        "validation_points": 32,\n        "uniqueness_comparisons": 192,\n        "uniqueness_adjacent_tests": 31,\n        "range_tree_leaf_visits": 32,\n        "range_tree_nodes": 63,\n        "range_tree_merges": 31\n      },\n      "index_work": {\n        "point_visits": 372,\n        "nodes": 63,\n        "max_depth": 7,\n        "escape_links": 63\n      },\n      "front_work": {\n        "product_visits": 202,\n        "diagonal_splits": 31,\n        "diagonal_leaves": 32,\n        "disjoint_splits": 54,\n        "separation_tests": 121,\n        "witness_searches": 138,\n        "witness_descent_steps": 773,\n        "witness_box_distance_tests": 1546,\n        "proposed_sites": 138,\n        "proposals_in_factors": 114,\n        "h_bound_tests": 24,\n        "xi_bound_tests": 0,\n        "witness_lane_credits": 18,\n        "fully_rejected_products": 18,\n        "emitted_rectangles": 67,\n        "emitted_factor_sites": 271,\n        "max_factor_size": 6,\n        "leaf_pair_rectangles": 44,\n        "max_stack_size": 11,\n        "max_product_depth": 8,\n        "size_class_rectangles": [\n          44,\n          23,\n          0,\n          0,\n          0\n        ],\n        "size_class_pair_mass": [\n          44,\n          357,\n          0,\n          0,\n          0\n        ],\n        "rejected_pair_mass": [\n          95,\n          0,\n          0\n        ],\n        "residual_pair_mass": [\n          401,\n          0,\n          0\n        ],\n        "lane_rectangles": [\n          67,\n          0,\n          0\n        ]\n      },\n      "census_work": {\n        "query_build_point_visits": 0,\n        "query_build_nodes": 0,\n        "query_build_max_depth": 0,\n        "input_descriptors": 67,\n        "query_cover_visits": 0,\n        "query_tasks": 303,\n        "query_splits": 95,\n        "witness_splits": 145,\n        "count_root_starts": 113,\n        "shared_splits_after_credit": 0,\n        "cursor_advances": 1584,\n        "cursor_reuses": 190,\n        "count_node_visits": 871,\n        "count_bound_tests": 654,\n        "count_point_tests": 217,\n        "uniform_credited_pairs": 201,\n        "uniform_rejected_pairs": 269,\n        "uniform_accepted_pairs": 0,\n        "consumed_witness_sites": 2476,\n        "frontier_restarts": 0,\n        "payload_node_visits": 808,\n        "payload_bound_tests": 586,\n        "payload_point_tests": 222,\n        "payload_interior_sites": 0,\n        "payload_shell_sites": 108,\n        "payload_supports": 54\n      },\n      "sibling_work": {\n        "proposals": 190,\n        "cardinality_skips": 0,\n        "bound_tests": 190,\n        "rejected_tasks": 59,\n        "rejected_pairs": 102,\n        "rejected_after_credit": 0\n      },\n      "order_work": {\n        "structural_splits": 604,\n        "deferred_skips": 67,\n        "anchor_skips": 80,\n        "phase_switches": 57\n      },\n      "joint_work": {\n        "root_products": 0,\n        "tasks": 0,\n        "splits_a": 0,\n        "splits_b": 0,\n        "witness_splits": 0,\n        "bound_tests": 0,\n        "cursor_advances": 0,\n        "structural_splits": 0,\n        "deferred_skips": 0,\n        "phase_switches": 0,\n        "consumed_witness_sites": 0,\n        "credit_events": 0,\n        "credited_pair_mass": 0,\n        "splits_after_credit": 0,\n        "singleton_handoffs": 0,\n        "handoffs_after_credit": 0,\n        "handoff_pair_mass": 0,\n        "rejected_pairs": 0,\n        "accepted_pairs": 0,\n        "max_depth": 0\n      },\n      "callback_work": {\n        "copied_ids": 108,\n        "sort_calls": 108,\n        "sort_comparisons": 84,\n        "validation_ids": 108,\n        "adjacent_tests": 54,\n        "cross_set_comparisons": 0,\n        "support_key_axis_checks": 162,\n        "hash_words": 594\n      },\n      "digest": {\n        "encoding": "canonical_q2_support_v2",\n        "supports": 54,\n        "interior_ids": 0,\n        "shell_ids": 108,\n        "sum": "1084a792a323777f",\n        "xor": "95591fe7d06e1f1f"\n      },\n      "input_rectangles": 67,\n      "anchor_queries": 113,\n      "candidate_pairs": 401,\n      "accepted_pairs": 54,\n      "rejected_pairs": 347,\n      "median_timings": {\n        "generation_ms": 0.007925,\n        "load_ms": 0.0,\n        "cloud_ms": 0.005235,\n        "index_ms": 0.015389,\n        "pipeline_and_callback_ms": 0.090699,\n        "validation_ms": 0.0004305,\n        "destruction_ms": 0.000431,\n        "total_ms": 0.12010950000000001,\n        "pipeline_wall_ms": 0.08937149999999999,\n        "partition_ms": 0.0,\n        "worker_ms_sum": 0.08937149999999999,\n        "payload_ms_sum": 0.022653499999999997\n      }\n    },\n    {\n      "family": "clusters",\n      "n": 32,\n      "kmax": 1,\n      "s": 8,\n      "seed": 3,\n      "threads": 0,\n      "jobs_per_worker": 1,\n      "schedule": "donate",\n      "queue_capacity": 1,\n      "donation_interval": 1,\n      "pool_min_factor": 1,\n      "repeats": 2,\n      "recipe": "eight_corner_clusters_splitmix64_v1",\n      "seed_affects_input": true,\n      "input_hash": "217ad6c970a7d2df",\n      "input_kind": "synthetic",\n      "input_path": "",\n      "input_bytes": 0,\n      "input_work": {\n        "bytes_read": 0,\n        "decoded_points": 0,\n        "hash_words": 0\n      },\n      "total_unordered_pairs": 496,\n      "active_lane_mask": 1,\n      "generation_work": {\n        "rng_calls": 128,\n        "proposed_points": 32,\n        "duplicate_rejections": 0,\n        "accepted_points": 32,\n        "ordered_set_comparisons": 187\n      },\n      "cloud_work": {\n        "coordinate_copies": 32,\n        "validation_points": 32,\n        "uniqueness_comparisons": 192,\n        "uniqueness_adjacent_tests": 31,\n        "range_tree_leaf_visits": 32,\n        "range_tree_nodes": 63,\n        "range_tree_merges": 31\n      },\n      "index_work": {\n        "point_visits": 372,\n        "nodes": 63,\n        "max_depth": 7,\n        "escape_links": 63\n      },\n      "front_work": {\n        "product_visits": 202,\n        "diagonal_splits": 31,\n        "diagonal_leaves": 32,\n        "disjoint_splits": 54,\n        "separation_tests": 121,\n        "witness_searches": 138,\n        "witness_descent_steps": 773,\n        "witness_box_distance_tests": 1546,\n        "proposed_sites": 138,\n        "proposals_in_factors": 114,\n        "h_bound_tests": 24,\n        "xi_bound_tests": 0,\n        "witness_lane_credits": 18,\n        "fully_rejected_products": 18,\n        "emitted_rectangles": 67,\n        "emitted_factor_sites": 271,\n        "max_factor_size": 6,\n        "leaf_pair_rectangles": 44,\n        "max_stack_size": 11,\n        "max_product_depth": 8,\n        "size_class_rectangles": [\n          44,\n          23,\n          0,\n          0,\n          0\n        ],\n        "size_class_pair_mass": [\n          44,\n          357,\n          0,\n          0,\n          0\n        ],\n        "rejected_pair_mass": [\n          95,\n          0,\n          0\n        ],\n        "residual_pair_mass": [\n          401,\n          0,\n          0\n        ],\n        "lane_rectangles": [\n          67,\n          0,\n          0\n        ]\n      },\n      "census_work": {\n        "query_build_point_visits": 0,\n        "query_build_nodes": 0,\n        "query_build_max_depth": 0,\n        "input_descriptors": 67,\n        "query_cover_visits": 0,\n        "query_tasks": 67,\n        "query_splits": 0,\n        "witness_splits": 168,\n        "count_root_starts": 67,\n        "shared_splits_after_credit": 0,\n        "cursor_advances": 648,\n        "cursor_reuses": 0,\n        "count_node_visits": 599,\n        "count_bound_tests": 395,\n        "count_point_tests": 204,\n        "uniform_credited_pairs": 0,\n        "uniform_rejected_pairs": 0,\n        "uniform_accepted_pairs": 0,\n        "consumed_witness_sites": 1871,\n        "frontier_restarts": 0,\n        "payload_node_visits": 808,\n        "payload_bound_tests": 586,\n        "payload_point_tests": 222,\n        "payload_interior_sites": 0,\n        "payload_shell_sites": 108,\n        "payload_supports": 54\n      },\n      "sibling_work": {\n        "proposals": 0,\n        "cardinality_skips": 0,\n        "bound_tests": 0,\n        "rejected_tasks": 0,\n        "rejected_pairs": 0,\n        "rejected_after_credit": 0\n      },\n      "order_work": {\n        "structural_splits": 272,\n        "deferred_skips": 37,\n        "anchor_skips": 42,\n        "phase_switches": 36\n      },\n      "joint_work": {\n        "root_products": 0,\n        "tasks": 0,\n        "splits_a": 0,\n        "splits_b": 0,\n        "witness_splits": 0,\n        "bound_tests": 0,\n        "cursor_advances": 0,\n        "structural_splits": 0,\n        "deferred_skips": 0,\n        "phase_switches": 0,\n        "consumed_witness_sites": 0,\n        "credit_events": 0,\n        "credited_pair_mass": 0,\n        "splits_after_credit": 0,\n        "singleton_handoffs": 0,\n        "handoffs_after_credit": 0,\n        "handoff_pair_mass": 0,\n        "rejected_pairs": 0,\n        "accepted_pairs": 0,\n        "max_depth": 0\n      },\n      "callback_work": {\n        "copied_ids": 108,\n        "sort_calls": 108,\n        "sort_comparisons": 84,\n        "validation_ids": 108,\n        "adjacent_tests": 54,\n        "cross_set_comparisons": 0,\n        "support_key_axis_checks": 162,\n        "hash_words": 594\n      },\n      "digest": {\n        "encoding": "canonical_q2_support_v2",\n        "supports": 54,\n        "interior_ids": 0,\n        "shell_ids": 108,\n        "sum": "1084a792a323777f",\n        "xor": "95591fe7d06e1f1f"\n      },\n      "input_rectangles": 67,\n      "anchor_queries": 113,\n      "candidate_pairs": 67,\n      "accepted_pairs": 54,\n      "rejected_pairs": 13,\n      "median_timings": {\n        "generation_ms": 0.0059265,\n        "load_ms": 0.0,\n        "cloud_ms": 0.006036,\n        "index_ms": 0.0178985,\n        "pipeline_and_callback_ms": 0.117063,\n        "validation_ms": 0.000461,\n        "destruction_ms": 0.000471,\n        "total_ms": 0.147856,\n        "pipeline_wall_ms": 0.115556,\n        "partition_ms": 0.0,\n        "worker_ms_sum": 0.115556,\n        "payload_ms_sum": 0.025966000000000003\n      }\n    },\n    {\n      "family": "clusters",\n      "n": 32,\n      "kmax": 1,\n      "s": 8,\n      "seed": 3,\n      "threads": 0,\n      "jobs_per_worker": 1,\n      "schedule": "donate",\n      "queue_capacity": 1,\n      "donation_interval": 1,\n      "pool_min_factor": 64,\n      "repeats": 2,\n      "recipe": "eight_corner_clusters_splitmix64_v1",\n      "seed_affects_input": true,\n      "input_hash": "217ad6c970a7d2df",\n      "input_kind": "synthetic",\n      "input_path": "",\n      "input_bytes": 0,\n      "input_work": {\n        "bytes_read": 0,\n        "decoded_points": 0,\n        "hash_words": 0\n      },\n      "total_unordered_pairs": 496,\n      "active_lane_mask": 1,\n      "generation_work": {\n        "rng_calls": 128,\n        "proposed_points": 32,\n        "duplicate_rejections": 0,\n        "accepted_points": 32,\n        "ordered_set_comparisons": 187\n      },\n      "cloud_work": {\n        "coordinate_copies": 32,\n        "validation_points": 32,\n        "uniqueness_comparisons": 192,\n        "uniqueness_adjacent_tests": 31,\n        "range_tree_leaf_visits": 32,\n        "range_tree_nodes": 63,\n        "range_tree_merges": 31\n      },\n      "index_work": {\n        "point_visits": 372,\n        "nodes": 63,\n        "max_depth": 7,\n        "escape_links": 63\n      },\n      "front_work": {\n        "product_visits": 202,\n        "diagonal_splits": 31,\n        "diagonal_leaves": 32,\n        "disjoint_splits": 54,\n        "separation_tests": 121,\n        "witness_searches": 138,\n        "witness_descent_steps": 773,\n        "witness_box_distance_tests": 1546,\n        "proposed_sites": 138,\n        "proposals_in_factors": 114,\n        "h_bound_tests": 24,\n        "xi_bound_tests": 0,\n        "witness_lane_credits": 18,\n        "fully_rejected_products": 18,\n        "emitted_rectangles": 67,\n        "emitted_factor_sites": 271,\n        "max_factor_size": 6,\n        "leaf_pair_rectangles": 44,\n        "max_stack_size": 11,\n        "max_product_depth": 8,\n        "size_class_rectangles": [\n          44,\n          23,\n          0,\n          0,\n          0\n        ],\n        "size_class_pair_mass": [\n          44,\n          357,\n          0,\n          0,\n          0\n        ],\n        "rejected_pair_mass": [\n          95,\n          0,\n          0\n        ],\n        "residual_pair_mass": [\n          401,\n          0,\n          0\n        ],\n        "lane_rectangles": [\n          67,\n          0,\n          0\n        ]\n      },\n      "census_work": {\n        "query_build_point_visits": 0,\n        "query_build_nodes": 0,\n        "query_build_max_depth": 0,\n        "input_descriptors": 67,\n        "query_cover_visits": 0,\n        "query_tasks": 303,\n        "query_splits": 95,\n        "witness_splits": 145,\n        "count_root_starts": 113,\n        "shared_splits_after_credit": 0,\n        "cursor_advances": 1584,\n        "cursor_reuses": 190,\n        "count_node_visits": 871,\n        "count_bound_tests": 654,\n        "count_point_tests": 217,\n        "uniform_credited_pairs": 201,\n        "uniform_rejected_pairs": 269,\n        "uniform_accepted_pairs": 0,\n        "consumed_witness_sites": 2476,\n        "frontier_restarts": 0,\n        "payload_node_visits": 808,\n        "payload_bound_tests": 586,\n        "payload_point_tests": 222,\n        "payload_interior_sites": 0,\n        "payload_shell_sites": 108,\n        "payload_supports": 54\n      },\n      "sibling_work": {\n        "proposals": 190,\n        "cardinality_skips": 0,\n        "bound_tests": 190,\n        "rejected_tasks": 59,\n        "rejected_pairs": 102,\n        "rejected_after_credit": 0\n      },\n      "order_work": {\n        "structural_splits": 604,\n        "deferred_skips": 67,\n        "anchor_skips": 80,\n        "phase_switches": 57\n      },\n      "joint_work": {\n        "root_products": 0,\n        "tasks": 0,\n        "splits_a": 0,\n        "splits_b": 0,\n        "witness_splits": 0,\n        "bound_tests": 0,\n        "cursor_advances": 0,\n        "structural_splits": 0,\n        "deferred_skips": 0,\n        "phase_switches": 0,\n        "consumed_witness_sites": 0,\n        "credit_events": 0,\n        "credited_pair_mass": 0,\n        "splits_after_credit": 0,\n        "singleton_handoffs": 0,\n        "handoffs_after_credit": 0,\n        "handoff_pair_mass": 0,\n        "rejected_pairs": 0,\n        "accepted_pairs": 0,\n        "max_depth": 0\n      },\n      "callback_work": {\n        "copied_ids": 108,\n        "sort_calls": 108,\n        "sort_comparisons": 84,\n        "validation_ids": 108,\n        "adjacent_tests": 54,\n        "cross_set_comparisons": 0,\n        "support_key_axis_checks": 162,\n        "hash_words": 594\n      },\n      "digest": {\n        "encoding": "canonical_q2_support_v2",\n        "supports": 54,\n        "interior_ids": 0,\n        "shell_ids": 108,\n        "sum": "1084a792a323777f",\n        "xor": "95591fe7d06e1f1f"\n      },\n      "input_rectangles": 67,\n      "anchor_queries": 113,\n      "candidate_pairs": 401,\n      "accepted_pairs": 54,\n      "rejected_pairs": 347,\n      "median_timings": {\n        "generation_ms": 0.006332,\n        "load_ms": 0.0,\n        "cloud_ms": 0.005235,\n        "index_ms": 0.0158495,\n        "pipeline_and_callback_ms": 0.0915505,\n        "validation_ms": 0.000426,\n        "destruction_ms": 0.000411,\n        "total_ms": 0.119804,\n        "pipeline_wall_ms": 0.0901275,\n        "partition_ms": 0.0,\n        "worker_ms_sum": 0.0901275,\n        "payload_ms_sum": 0.022816000000000006\n      }\n    },\n    {\n      "family": "clusters",\n      "n": 32,\n      "kmax": 1,\n      "s": 8,\n      "seed": 3,\n      "threads": 0,\n      "jobs_per_worker": 4,\n      "schedule": "coarse",\n      "queue_capacity": 1,\n      "donation_interval": 1,\n      "pool_min_factor": 1,\n      "repeats": 2,\n      "recipe": "eight_corner_clusters_splitmix64_v1",\n      "seed_affects_input": true,\n      "input_hash": "217ad6c970a7d2df",\n      "input_kind": "synthetic",\n      "input_path": "",\n      "input_bytes": 0,\n      "input_work": {\n        "bytes_read": 0,\n        "decoded_points": 0,\n        "hash_words": 0\n      },\n      "total_unordered_pairs": 496,\n      "active_lane_mask": 1,\n      "generation_work": {\n        "rng_calls": 128,\n        "proposed_points": 32,\n        "duplicate_rejections": 0,\n        "accepted_points": 32,\n        "ordered_set_comparisons": 187\n      },\n      "cloud_work": {\n        "coordinate_copies": 32,\n        "validation_points": 32,\n        "uniqueness_comparisons": 192,\n        "uniqueness_adjacent_tests": 31,\n        "range_tree_leaf_visits": 32,\n        "range_tree_nodes": 63,\n        "range_tree_merges": 31\n      },\n      "index_work": {\n        "point_visits": 372,\n        "nodes": 63,\n        "max_depth": 7,\n        "escape_links": 63\n      },\n      "front_work": {\n        "product_visits": 202,\n        "diagonal_splits": 31,\n        "diagonal_leaves": 32,\n        "disjoint_splits": 54,\n        "separation_tests": 121,\n        "witness_searches": 138,\n        "witness_descent_steps": 773,\n        "witness_box_distance_tests": 1546,\n        "proposed_sites": 138,\n        "proposals_in_factors": 114,\n        "h_bound_tests": 24,\n        "xi_bound_tests": 0,\n        "witness_lane_credits": 18,\n        "fully_rejected_products": 18,\n        "emitted_rectangles": 67,\n        "emitted_factor_sites": 271,\n        "max_factor_size": 6,\n        "leaf_pair_rectangles": 44,\n        "max_stack_size": 11,\n        "max_product_depth": 8,\n        "size_class_rectangles": [\n          44,\n          23,\n          0,\n          0,\n          0\n        ],\n        "size_class_pair_mass": [\n          44,\n          357,\n          0,\n          0,\n          0\n        ],\n        "rejected_pair_mass": [\n          95,\n          0,\n          0\n        ],\n        "residual_pair_mass": [\n          401,\n          0,\n          0\n        ],\n        "lane_rectangles": [\n          67,\n          0,\n          0\n        ]\n      },\n      "census_work": {\n        "query_build_point_visits": 0,\n        "query_build_nodes": 0,\n        "query_build_max_depth": 0,\n        "input_descriptors": 67,\n        "query_cover_visits": 0,\n        "query_tasks": 67,\n        "query_splits": 0,\n        "witness_splits": 168,\n        "count_root_starts": 67,\n        "shared_splits_after_credit": 0,\n        "cursor_advances": 648,\n        "cursor_reuses": 0,\n        "count_node_visits": 599,\n        "count_bound_tests": 395,\n        "count_point_tests": 204,\n        "uniform_credited_pairs": 0,\n        "uniform_rejected_pairs": 0,\n        "uniform_accepted_pairs": 0,\n        "consumed_witness_sites": 1871,\n        "frontier_restarts": 0,\n        "payload_node_visits": 808,\n        "payload_bound_tests": 586,\n        "payload_point_tests": 222,\n        "payload_interior_sites": 0,\n        "payload_shell_sites": 108,\n        "payload_supports": 54\n      },\n      "sibling_work": {\n        "proposals": 0,\n        "cardinality_skips": 0,\n        "bound_tests": 0,\n        "rejected_tasks": 0,\n        "rejected_pairs": 0,\n        "rejected_after_credit": 0\n      },\n      "order_work": {\n        "structural_splits": 272,\n        "deferred_skips": 37,\n        "anchor_skips": 42,\n        "phase_switches": 36\n      },\n      "joint_work": {\n        "root_products": 0,\n        "tasks": 0,\n        "splits_a": 0,\n        "splits_b": 0,\n        "witness_splits": 0,\n        "bound_tests": 0,\n        "cursor_advances": 0,\n        "structural_splits": 0,\n        "deferred_skips": 0,\n        "phase_switches": 0,\n        "consumed_witness_sites": 0,\n        "credit_events": 0,\n        "credited_pair_mass": 0,\n        "splits_after_credit": 0,\n        "singleton_handoffs": 0,\n        "handoffs_after_credit": 0,\n        "handoff_pair_mass": 0,\n        "rejected_pairs": 0,\n        "accepted_pairs": 0,\n        "max_depth": 0\n      },\n      "callback_work": {\n        "copied_ids": 108,\n        "sort_calls": 108,\n        "sort_comparisons": 84,\n        "validation_ids": 108,\n        "adjacent_tests": 54,\n        "cross_set_comparisons": 0,\n        "support_key_axis_checks": 162,\n        "hash_words": 594\n      },\n      "digest": {\n        "encoding": "canonical_q2_support_v2",\n        "supports": 54,\n        "interior_ids": 0,\n        "shell_ids": 108,\n        "sum": "1084a792a323777f",\n        "xor": "95591fe7d06e1f1f"\n      },\n      "input_rectangles": 67,\n      "anchor_queries": 113,\n      "candidate_pairs": 67,\n      "accepted_pairs": 54,\n      "rejected_pairs": 13,\n      "median_timings": {\n        "generation_ms": 0.0062315,\n        "load_ms": 0.0,\n        "cloud_ms": 0.006933,\n        "index_ms": 0.0155895,\n        "pipeline_and_callback_ms": 0.0985435,\n        "validation_ms": 0.00044550000000000004,\n        "destruction_ms": 0.000406,\n        "total_ms": 0.128149,\n        "pipeline_wall_ms": 0.0971465,\n        "partition_ms": 0.0,\n        "worker_ms_sum": 0.0971465,\n        "payload_ms_sum": 0.0227415\n      }\n    },\n    {\n      "family": "clusters",\n      "n": 32,\n      "kmax": 1,\n      "s": 8,\n      "seed": 3,\n      "threads": 0,\n      "jobs_per_worker": 4,\n      "schedule": "coarse",\n      "queue_capacity": 1,\n      "donation_interval": 1,\n      "pool_min_factor": 64,\n      "repeats": 2,\n      "recipe": "eight_corner_clusters_splitmix64_v1",\n      "seed_affects_input": true,\n      "input_hash": "217ad6c970a7d2df",\n      "input_kind": "synthetic",\n      "input_path": "",\n      "input_bytes": 0,\n      "input_work": {\n        "bytes_read": 0,\n        "decoded_points": 0,\n        "hash_words": 0\n      },\n      "total_unordered_pairs": 496,\n      "active_lane_mask": 1,\n      "generation_work": {\n        "rng_calls": 128,\n        "proposed_points": 32,\n        "duplicate_rejections": 0,\n        "accepted_points": 32,\n        "ordered_set_comparisons": 187\n      },\n      "cloud_work": {\n        "coordinate_copies": 32,\n        "validation_points": 32,\n        "uniqueness_comparisons": 192,\n        "uniqueness_adjacent_tests": 31,\n        "range_tree_leaf_visits": 32,\n        "range_tree_nodes": 63,\n        "range_tree_merges": 31\n      },\n      "index_work": {\n        "point_visits": 372,\n        "nodes": 63,\n        "max_depth": 7,\n        "escape_links": 63\n      },\n      "front_work": {\n        "product_visits": 202,\n        "diagonal_splits": 31,\n        "diagonal_leaves": 32,\n        "disjoint_splits": 54,\n        "separation_tests": 121,\n        "witness_searches": 138,\n        "witness_descent_steps": 773,\n        "witness_box_distance_tests": 1546,\n        "proposed_sites": 138,\n        "proposals_in_factors": 114,\n        "h_bound_tests": 24,\n        "xi_bound_tests": 0,\n        "witness_lane_credits": 18,\n        "fully_rejected_products": 18,\n        "emitted_rectangles": 67,\n        "emitted_factor_sites": 271,\n        "max_factor_size": 6,\n        "leaf_pair_rectangles": 44,\n        "max_stack_size": 11,\n        "max_product_depth": 8,\n        "size_class_rectangles": [\n          44,\n          23,\n          0,\n          0,\n          0\n        ],\n        "size_class_pair_mass": [\n          44,\n          357,\n          0,\n          0,\n          0\n        ],\n        "rejected_pair_mass": [\n          95,\n          0,\n          0\n        ],\n        "residual_pair_mass": [\n          401,\n          0,\n          0\n        ],\n        "lane_rectangles": [\n          67,\n          0,\n          0\n        ]\n      },\n      "census_work": {\n        "query_build_point_visits": 0,\n        "query_build_nodes": 0,\n        "query_build_max_depth": 0,\n        "input_descriptors": 67,\n        "query_cover_visits": 0,\n        "query_tasks": 303,\n        "query_splits": 95,\n        "witness_splits": 145,\n        "count_root_starts": 113,\n        "shared_splits_after_credit": 0,\n        "cursor_advances": 1584,\n        "cursor_reuses": 190,\n        "count_node_visits": 871,\n        "count_bound_tests": 654,\n        "count_point_tests": 217,\n        "uniform_credited_pairs": 201,\n        "uniform_rejected_pairs": 269,\n        "uniform_accepted_pairs": 0,\n        "consumed_witness_sites": 2476,\n        "frontier_restarts": 0,\n        "payload_node_visits": 808,\n        "payload_bound_tests": 586,\n        "payload_point_tests": 222,\n        "payload_interior_sites": 0,\n        "payload_shell_sites": 108,\n        "payload_supports": 54\n      },\n      "sibling_work": {\n        "proposals": 190,\n        "cardinality_skips": 0,\n        "bound_tests": 190,\n        "rejected_tasks": 59,\n        "rejected_pairs": 102,\n        "rejected_after_credit": 0\n      },\n      "order_work": {\n        "structural_splits": 604,\n        "deferred_skips": 67,\n        "anchor_skips": 80,\n        "phase_switches": 57\n      },\n      "joint_work": {\n        "root_products": 0,\n        "tasks": 0,\n        "splits_a": 0,\n        "splits_b": 0,\n        "witness_splits": 0,\n        "bound_tests": 0,\n        "cursor_advances": 0,\n        "structural_splits": 0,\n        "deferred_skips": 0,\n        "phase_switches": 0,\n        "consumed_witness_sites": 0,\n        "credit_events": 0,\n        "credited_pair_mass": 0,\n        "splits_after_credit": 0,\n        "singleton_handoffs": 0,\n        "handoffs_after_credit": 0,\n        "handoff_pair_mass": 0,\n        "rejected_pairs": 0,\n        "accepted_pairs": 0,\n        "max_depth": 0\n      },\n      "callback_work": {\n        "copied_ids": 108,\n        "sort_calls": 108,\n        "sort_comparisons": 84,\n        "validation_ids": 108,\n        "adjacent_tests": 54,\n        "cross_set_comparisons": 0,\n        "support_key_axis_checks": 162,\n        "hash_words": 594\n      },\n      "digest": {\n        "encoding": "canonical_q2_support_v2",\n        "supports": 54,\n        "interior_ids": 0,\n        "shell_ids": 108,\n        "sum": "1084a792a323777f",\n        "xor": "95591fe7d06e1f1f"\n      },\n      "input_rectangles": 67,\n      "anchor_queries": 113,\n      "candidate_pairs": 401,\n      "accepted_pairs": 54,\n      "rejected_pairs": 347,\n      "median_timings": {\n        "generation_ms": 0.00523,\n        "load_ms": 0.0,\n        "cloud_ms": 0.017908,\n        "index_ms": 0.018174,\n        "pipeline_and_callback_ms": 0.09629499999999999,\n        "validation_ms": 0.000446,\n        "destruction_ms": 0.00046049999999999997,\n        "total_ms": 0.1385135,\n        "pipeline_wall_ms": 0.094782,\n        "partition_ms": 0.0,\n        "worker_ms_sum": 0.094782,\n        "payload_ms_sum": 0.025303\n      }\n    },\n    {\n      "family": "clusters",\n      "n": 32,\n      "kmax": 1,\n      "s": 8,\n      "seed": 3,\n      "threads": 0,\n      "jobs_per_worker": 4,\n      "schedule": "donate",\n      "queue_capacity": 1,\n      "donation_interval": 1,\n      "pool_min_factor": 1,\n      "repeats": 2,\n      "recipe": "eight_corner_clusters_splitmix64_v1",\n      "seed_affects_input": true,\n      "input_hash": "217ad6c970a7d2df",\n      "input_kind": "synthetic",\n      "input_path": "",\n      "input_bytes": 0,\n      "input_work": {\n        "bytes_read": 0,\n        "decoded_points": 0,\n        "hash_words": 0\n      },\n      "total_unordered_pairs": 496,\n      "active_lane_mask": 1,\n      "generation_work": {\n        "rng_calls": 128,\n        "proposed_points": 32,\n        "duplicate_rejections": 0,\n        "accepted_points": 32,\n        "ordered_set_comparisons": 187\n      },\n      "cloud_work": {\n        "coordinate_copies": 32,\n        "validation_points": 32,\n        "uniqueness_comparisons": 192,\n        "uniqueness_adjacent_tests": 31,\n        "range_tree_leaf_visits": 32,\n        "range_tree_nodes": 63,\n        "range_tree_merges": 31\n      },\n      "index_work": {\n        "point_visits": 372,\n        "nodes": 63,\n        "max_depth": 7,\n        "escape_links": 63\n      },\n      "front_work": {\n        "product_visits": 202,\n        "diagonal_splits": 31,\n        "diagonal_leaves": 32,\n        "disjoint_splits": 54,\n        "separation_tests": 121,\n        "witness_searches": 138,\n        "witness_descent_steps": 773,\n        "witness_box_distance_tests": 1546,\n        "proposed_sites": 138,\n        "proposals_in_factors": 114,\n        "h_bound_tests": 24,\n        "xi_bound_tests": 0,\n        "witness_lane_credits": 18,\n        "fully_rejected_products": 18,\n        "emitted_rectangles": 67,\n        "emitted_factor_sites": 271,\n        "max_factor_size": 6,\n        "leaf_pair_rectangles": 44,\n        "max_stack_size": 11,\n        "max_product_depth": 8,\n        "size_class_rectangles": [\n          44,\n          23,\n          0,\n          0,\n          0\n        ],\n        "size_class_pair_mass": [\n          44,\n          357,\n          0,\n          0,\n          0\n        ],\n        "rejected_pair_mass": [\n          95,\n          0,\n          0\n        ],\n        "residual_pair_mass": [\n          401,\n          0,\n          0\n        ],\n        "lane_rectangles": [\n          67,\n          0,\n          0\n        ]\n      },\n      "census_work": {\n        "query_build_point_visits": 0,\n        "query_build_nodes": 0,\n        "query_build_max_depth": 0,\n        "input_descriptors": 67,\n        "query_cover_visits": 0,\n        "query_tasks": 67,\n        "query_splits": 0,\n        "witness_splits": 168,\n        "count_root_starts": 67,\n        "shared_splits_after_credit": 0,\n        "cursor_advances": 648,\n        "cursor_reuses": 0,\n        "count_node_visits": 599,\n        "count_bound_tests": 395,\n        "count_point_tests": 204,\n        "uniform_credited_pairs": 0,\n        "uniform_rejected_pairs": 0,\n        "uniform_accepted_pairs": 0,\n        "consumed_witness_sites": 1871,\n        "frontier_restarts": 0,\n        "payload_node_visits": 808,\n        "payload_bound_tests": 586,\n        "payload_point_tests": 222,\n        "payload_interior_sites": 0,\n        "payload_shell_sites": 108,\n        "payload_supports": 54\n      },\n      "sibling_work": {\n        "proposals": 0,\n        "cardinality_skips": 0,\n        "bound_tests": 0,\n        "rejected_tasks": 0,\n        "rejected_pairs": 0,\n        "rejected_after_credit": 0\n      },\n      "order_work": {\n        "structural_splits": 272,\n        "deferred_skips": 37,\n        "anchor_skips": 42,\n        "phase_switches": 36\n      },\n      "joint_work": {\n        "root_products": 0,\n        "tasks": 0,\n        "splits_a": 0,\n        "splits_b": 0,\n        "witness_splits": 0,\n        "bound_tests": 0,\n        "cursor_advances": 0,\n        "structural_splits": 0,\n        "deferred_skips": 0,\n        "phase_switches": 0,\n        "consumed_witness_sites": 0,\n        "credit_events": 0,\n        "credited_pair_mass": 0,\n        "splits_after_credit": 0,\n        "singleton_handoffs": 0,\n        "handoffs_after_credit": 0,\n        "handoff_pair_mass": 0,\n        "rejected_pairs": 0,\n        "accepted_pairs": 0,\n        "max_depth": 0\n      },\n      "callback_work": {\n        "copied_ids": 108,\n        "sort_calls": 108,\n        "sort_comparisons": 84,\n        "validation_ids": 108,\n        "adjacent_tests": 54,\n        "cross_set_comparisons": 0,\n        "support_key_axis_checks": 162,\n        "hash_words": 594\n      },\n      "digest": {\n        "encoding": "canonical_q2_support_v2",\n        "supports": 54,\n        "interior_ids": 0,\n        "shell_ids": 108,\n        "sum": "1084a792a323777f",\n        "xor": "95591fe7d06e1f1f"\n      },\n      "input_rectangles": 67,\n      "anchor_queries": 113,\n      "candidate_pairs": 67,\n      "accepted_pairs": 54,\n      "rejected_pairs": 13,\n      "median_timings": {\n        "generation_ms": 0.0062924999999999995,\n        "load_ms": 0.0,\n        "cloud_ms": 0.005239499999999999,\n        "index_ms": 0.013846,\n        "pipeline_and_callback_ms": 0.1141475,\n        "validation_ms": 0.00043599999999999997,\n        "destruction_ms": 0.0004205,\n        "total_ms": 0.140382,\n        "pipeline_wall_ms": 0.11275550000000001,\n        "partition_ms": 0.0,\n        "worker_ms_sum": 0.11275550000000001,\n        "payload_ms_sum": 0.035898\n      }\n    },\n    {\n      "family": "clusters",\n      "n": 32,\n      "kmax": 1,\n      "s": 8,\n      "seed": 3,\n      "threads": 0,\n      "jobs_per_worker": 4,\n      "schedule": "donate",\n      "queue_capacity": 1,\n      "donation_interval": 1,\n      "pool_min_factor": 64,\n      "repeats": 2,\n      "recipe": "eight_corner_clusters_splitmix64_v1",\n      "seed_affects_input": true,\n      "input_hash": "217ad6c970a7d2df",\n      "input_kind": "synthetic",\n      "input_path": "",\n      "input_bytes": 0,\n      "input_work": {\n        "bytes_read": 0,\n        "decoded_points": 0,\n        "hash_words": 0\n      },\n      "total_unordered_pairs": 496,\n      "active_lane_mask": 1,\n    
[...]
d_point_tests": 328,\n        "payload_interior_sites": 0,\n        "payload_shell_sites": 212,\n        "payload_supports": 76\n      },\n      "sibling_work": {\n        "proposals": 246,\n        "cardinality_skips": 0,\n        "bound_tests": 246,\n        "rejected_tasks": 59,\n        "rejected_pairs": 105,\n        "rejected_after_credit": 0\n      },\n      "order_work": {\n        "structural_splits": 300,\n        "deferred_skips": 60,\n        "anchor_skips": 63,\n        "phase_switches": 60\n      },\n      "joint_work": {\n        "root_products": 0,\n        "tasks": 0,\n        "splits_a": 0,\n        "splits_b": 0,\n        "witness_splits": 0,\n        "bound_tests": 0,\n        "cursor_advances": 0,\n        "structural_splits": 0,\n        "deferred_skips": 0,\n        "phase_switches": 0,\n        "consumed_witness_sites": 0,\n        "credit_events": 0,\n        "credited_pair_mass": 0,\n        "splits_after_credit": 0,\n        "singleton_handoffs": 0,\n        "handoffs_after_credit": 0,\n        "handoff_pair_mass": 0,\n        "rejected_pairs": 0,\n        "accepted_pairs": 0,\n        "max_depth": 0\n      },\n      "callback_work": {\n        "copied_ids": 212,\n        "sort_calls": 152,\n        "sort_comparisons": 272,\n        "validation_ids": 212,\n        "adjacent_tests": 136,\n        "cross_set_comparisons": 0,\n        "support_key_axis_checks": 228,\n        "hash_words": 896\n      },\n      "digest": {\n        "encoding": "canonical_q2_support_v2",\n        "supports": 76,\n        "interior_ids": 0,\n        "shell_ids": 212,\n        "sum": "4c1be9e74db0d7d8",\n        "xor": "aa35461e555ff8e8"\n      },\n      "input_rectangles": 31,\n      "anchor_queries": 46,\n      "candidate_pairs": 286,\n      "accepted_pairs": 76,\n      "rejected_pairs": 210,\n      "median_timings": {\n        "generation_ms": 0.000736,\n        "load_ms": 0.0,\n        "cloud_ms": 0.0055805,\n        "index_ms": 0.015539,\n        "pipeline_and_callback_ms": 0.2526165,\n        "validation_ms": 0.0011225,\n        "destruction_ms": 0.000761,\n        "total_ms": 0.2763555,\n        "pipeline_wall_ms": 0.2513345,\n        "partition_ms": 0.001222,\n        "worker_ms_sum": 0.157464,\n        "payload_ms_sum": 0.028824999999999996\n      }\n    },\n    {\n      "family": "rows",\n      "n": 32,\n      "kmax": 1,\n      "s": 8,\n      "seed": 3,\n      "threads": 2,\n      "jobs_per_worker": 4,\n      "schedule": "coarse",\n      "queue_capacity": 1,\n      "donation_interval": 1,\n      "pool_min_factor": 64,\n      "repeats": 2,\n      "recipe": "parallel_rows_v1",\n      "seed_affects_input": false,\n      "input_hash": "c98754d0ca7523e4",\n      "input_kind": "synthetic",\n      "input_path": "",\n      "input_bytes": 0,\n      "input_work": {\n        "bytes_read": 0,\n        "decoded_points": 0,\n        "hash_words": 0\n      },\n      "total_unordered_pairs": 496,\n      "active_lane_mask": 1,\n      "generation_work": {\n        "rng_calls": 0,\n        "proposed_points": 32,\n        "duplicate_rejections": 0,\n        "accepted_points": 32,\n        "ordered_set_comparisons": 0\n      },\n      "cloud_work": {\n        "coordinate_copies": 32,\n        "validation_points": 32,\n        "uniqueness_comparisons": 101,\n        "uniqueness_adjacent_tests": 31,\n        "range_tree_leaf_visits": 32,\n        "range_tree_nodes": 63,\n        "range_tree_merges": 31\n      },\n      "index_work": {\n        "point_visits": 352,\n        "nodes": 63,\n        "max_depth": 5,\n        "escape_links": 63\n      },\n      "front_work": {\n        "product_visits": 182,\n        "diagonal_splits": 31,\n        "diagonal_leaves": 32,\n        "disjoint_splits": 44,\n        "separation_tests": 75,\n        "witness_searches": 118,\n        "witness_descent_steps": 590,\n        "witness_box_distance_tests": 1180,\n        "proposed_sites": 118,\n        "proposals_in_factors": 74,\n        "h_bound_tests": 44,\n        "xi_bound_tests": 0,\n        "witness_lane_credits": 44,\n        "fully_rejected_products": 44,\n        "emitted_rectangles": 31,\n        "emitted_factor_sites": 92,\n        "max_factor_size": 16,\n        "leaf_pair_rectangles": 30,\n        "max_stack_size": 11,\n        "max_product_depth": 8,\n        "size_class_rectangles": [\n          30,\n          0,\n          1,\n          0,\n          0\n        ],\n        "size_class_pair_mass": [\n          30,\n          0,\n          256,\n          0,\n          0\n        ],\n        "rejected_pair_mass": [\n          210,\n          0,\n          0\n        ],\n        "residual_pair_mass": [\n          286,\n          0,\n          0\n        ],\n        "lane_rectangles": [\n          31,\n          0,\n          0\n        ]\n      },\n      "census_work": {\n        "query_build_point_visits": 0,\n        "query_build_nodes": 0,\n        "query_build_max_depth": 0,\n        "input_descriptors": 31,\n        "query_cover_visits": 0,\n        "query_tasks": 292,\n        "query_splits": 123,\n        "witness_splits": 126,\n        "count_root_starts": 46,\n        "shared_splits_after_credit": 0,\n        "cursor_advances": 1144,\n        "cursor_reuses": 246,\n        "count_node_visits": 784,\n        "count_bound_tests": 680,\n        "count_point_tests": 104,\n        "uniform_credited_pairs": 88,\n        "uniform_rejected_pairs": 162,\n        "uniform_accepted_pairs": 0,\n        "consumed_witness_sites": 2170,\n        "frontier_restarts": 0,\n        "payload_node_visits": 1336,\n        "payload_bound_tests": 1008,\n        "payload_point_tests": 328,\n        "payload_interior_sites": 0,\n        "payload_shell_sites": 212,\n        "payload_supports": 76\n      },\n      "sibling_work": {\n        "proposals": 246,\n        "cardinality_skips": 0,\n        "bound_tests": 246,\n        "rejected_tasks": 59,\n        "rejected_pairs": 105,\n        "rejected_after_credit": 0\n      },\n      "order_work": {\n        "structural_splits": 300,\n        "deferred_skips": 60,\n        "anchor_skips": 63,\n        "phase_switches": 60\n      },\n      "joint_work": {\n        "root_products": 0,\n        "tasks": 0,\n        "splits_a": 0,\n        "splits_b": 0,\n        "witness_splits": 0,\n        "bound_tests": 0,\n        "cursor_advances": 0,\n        "structural_split...
[This part of the test output was removed since it exceeds the threshold of 307200 bytes.]
</system-out>
	</testcase>
	<testcase name="mhgp8_wspd_q2_receipts_gate" classname="mhgp8_wspd_q2_receipts_gate" time="22.8662" status="run">
		<properties/>
		<system-out>{"domain_checks": 2, "failed_captures": 2, "genuine_rows": 128, "joint_cli_rejects": 4, "joint_positive_reads": 2, "joint_rows": 96, "mutants": 152, "order_cli_rejects": 3, "order_positive_reads": 1, "order_rows": 64, "pool_cli_rejects": 7, "pool_positive_reads": 3, "pool_rows": 128, "positive_reads": 1, "sibling_cli_rejects": 2, "sibling_positive_reads": 1, "sibling_rows": 64, "status": "passed"}
</system-out>
	</testcase>
	<testcase name="mhgp8_wspd_q2_receipts_gate_optimized" classname="mhgp8_wspd_q2_receipts_gate_optimized" time="22.8203" status="run">
		<properties/>
		<system-out>{"domain_checks": 2, "failed_captures": 2, "genuine_rows": 128, "joint_cli_rejects": 4, "joint_positive_reads": 2, "joint_rows": 96, "mutants": 152, "order_cli_rejects": 3, "order_positive_reads": 1, "order_rows": 64, "pool_cli_rejects": 7, "pool_positive_reads": 3, "pool_rows": 128, "positive_reads": 1, "sibling_cli_rejects": 2, "sibling_positive_reads": 1, "sibling_rows": 64, "status": "passed"}
</system-out>
	</testcase>
	<testcase name="mhgp8_wspd_front_receipts_gate" classname="mhgp8_wspd_front_receipts_gate" time="4.61662" status="run">
		<properties/>
		<system-out>{"domain_checks": 2, "failed_captures": 2, "genuine_rows": 48, "mutants": 40, "positive_reads": 1, "status": "passed"}
</system-out>
	</testcase>
	<testcase name="mhgp8_wspd_front_receipts_gate_optimized" classname="mhgp8_wspd_front_receipts_gate_optimized" time="4.62653" status="run">
		<properties/>
		<system-out>{"domain_checks": 2, "failed_captures": 2, "genuine_rows": 48, "mutants": 40, "positive_reads": 1, "status": "passed"}
</system-out>
	</testcase>
	<testcase name="mhgp8_cloud_reuse_receipts_gate" classname="mhgp8_cloud_reuse_receipts_gate" time="3.72419" status="run">
		<properties/>
		<system-out>{"failed_captures": 2, "genuine_rows": 12, "mutants": 31, "positive_reads": 1, "status": "passed"}
</system-out>
	</testcase>
	<testcase name="mhgp8_cloud_reuse_receipts_gate_optimized" classname="mhgp8_cloud_reuse_receipts_gate_optimized" time="3.82199" status="run">
		<properties/>
		<system-out>{"failed_captures": 2, "genuine_rows": 12, "mutants": 31, "positive_reads": 1, "status": "passed"}
</system-out>
	</testcase>
	<testcase name="mhgp8_q2_revision_comparison_gate" classname="mhgp8_q2_revision_comparison_gate" time="3.59272" status="run">
		<properties/>
		<system-out>{"status": "passed", "genuine_probe_rows": 6, "positive_comparisons": 2, "mutants": 20, "python_optimized": false, "scope": "synthetic_revision_reader_fixtures_not_performance_qualification"}
</system-out>
	</testcase>
	<testcase name="mhgp8_q2_revision_comparison_gate_optimized" classname="mhgp8_q2_revision_comparison_gate_optimized" time="3.61439" status="run">
		<properties/>
		<system-out>{"status": "passed", "genuine_probe_rows": 6, "positive_comparisons": 2, "mutants": 20, "python_optimized": true, "scope": "synthetic_revision_reader_fixtures_not_performance_qualification"}
</system-out>
	</testcase>
	<testcase name="mhgp8_q2_census_probe_gate" classname="mhgp8_q2_census_probe_gate" time="3.058" status="run">
		<properties/>
		<system-out>{"status": "passed", "invalid_cli": 17, "oracle_cases": 47, "probe_rows": 846, "python_optimized": false, "scope": "tiny_q2_payload_digest_oracle_not_full_hgp"}
</system-out>
	</testcase>
	<testcase name="mhgp8_q2_census_probe_gate_optimized" classname="mhgp8_q2_census_probe_gate_optimized" time="3.08764" status="run">
		<properties/>
		<system-out>{"status": "passed", "invalid_cli": 17, "oracle_cases": 47, "probe_rows": 846, "python_optimized": true, "scope": "tiny_q2_payload_digest_oracle_not_full_hgp"}
</system-out>
	</testcase>
	<testcase name="mhgp8_q2_census_campaign_gate" classname="mhgp8_q2_census_campaign_gate" time="6.43807" status="run">
		<properties/>
		<system-out>{"status": "passed", "genuine_rows": 12, "positive_reads": 2, "index_scan_boundary_controls": 1, "runner_mutants": 15, "initial_failure_group_controls": 1, "reader_mutants": 17, "archive_mutants": 4, "python_optimized": false, "scope": "q2_materialized_receipts_not_geometry_or_full"}
</system-out>
	</testcase>
	<testcase name="mhgp8_q2_census_campaign_gate_optimized" classname="mhgp8_q2_census_campaign_gate_optimized" time="6.31149" status="run">
		<properties/>
		<system-out>{"status": "passed", "genuine_rows": 12, "positive_reads": 2, "index_scan_boundary_controls": 1, "runner_mutants": 15, "initial_failure_group_controls": 1, "reader_mutants": 17, "archive_mutants": 4, "python_optimized": true, "scope": "q2_materialized_receipts_not_geometry_or_full"}
</system-out>
	</testcase>
	<testcase name="mhgp8_wspd_q2_parallel_receipts_gate" classname="mhgp8_wspd_q2_parallel_receipts_gate" time="5.90822" status="run">
		<properties/>
		<system-out>{"domain_checks": 8, "failed_captures": 2, "genuine_rows": 50, "invalid_options": 6, "mutants": 42, "positive_reads": 1, "status": "passed"}
</system-out>
	</testcase>
	<testcase name="mhgp8_wspd_q2_parallel_receipts_gate_optimized" classname="mhgp8_wspd_q2_parallel_receipts_gate_optimized" time="5.79464" status="run">
		<properties/>
		<system-out>{"domain_checks": 8, "failed_captures": 2, "genuine_rows": 50, "invalid_options": 6, "mutants": 42, "positive_reads": 1, "status": "passed"}
</system-out>
	</testcase>
	<testcase name="mhgp8_docs_scope" classname="mhgp8_docs_scope" time="0.386954" status="run">
		<properties/>
		<system-out>{"checks": 27, "independent_audits_excluded": true, "missing_link_mutants_refuted": 1, "positive_validations": 1, "recursive_directories": 3, "required_entries": 8, "scope": "documentation_only_not_an_engine_test", "status": "passed", "writes": 0}
</system-out>
	</testcase>
	<testcase name="mhgp8_docs_scope_optimized" classname="mhgp8_docs_scope_optimized" time="0.389894" status="run">
		<properties/>
		<system-out>{"checks": 27, "independent_audits_excluded": true, "missing_link_mutants_refuted": 1, "positive_validations": 1, "recursive_directories": 3, "required_entries": 8, "scope": "documentation_only_not_an_engine_test", "status": "passed", "writes": 0}
</system-out>
	</testcase>
	<testcase name="mhgp8_probe_cli" classname="mhgp8_probe_cli" time="0.244941" status="run">
		<properties/>
		<system-out>{"status": "passed", "checks": 118, "scope": "p0_probe_cli"}
</system-out>
	</testcase>
	<testcase name="mhgp8_probe_cli_optimized" classname="mhgp8_probe_cli_optimized" time="0.246238" status="run">
		<properties/>
		<system-out>{"status": "passed", "checks": 118, "scope": "p0_probe_cli"}
</system-out>
	</testcase>
	<testcase name="mhgp8_campaign_gate" classname="mhgp8_campaign_gate" time="23.1221" status="run">
		<properties/>
		<system-out>{"status": "passed", "checks": 41, "spawn_signal_checks": 6, "read_signal_checks": 6, "python_optimized": false, "scope": "p0_campaign_receipt_ingestion_not_geometry"}
</system-out>
	</testcase>
	<testcase name="mhgp8_campaign_gate_optimized" classname="mhgp8_campaign_gate_optimized" time="23.0191" status="run">
		<properties/>
		<system-out>{"status": "passed", "checks": 41, "spawn_signal_checks": 6, "read_signal_checks": 6, "python_optimized": true, "scope": "p0_campaign_receipt_ingestion_not_geometry"}
</system-out>
	</testcase>
	<testcase name="mhgp8_batch_probe_cli" classname="mhgp8_batch_probe_cli" time="0.857437" status="run">
		<properties/>
		<system-out>{"status": "passed", "checks": 301, "literal_checksum_plans": 72, "historical_recipe_differentials": 12, "python_optimized": false, "scope": "paired_three_lane_probe_not_full_tower"}
</system-out>
	</testcase>
	<testcase name="mhgp8_batch_probe_cli_optimized" classname="mhgp8_batch_probe_cli_optimized" time="0.906648" status="run">
		<properties/>
		<system-out>{"status": "passed", "checks": 301, "literal_checksum_plans": 72, "historical_recipe_differentials": 12, "python_optimized": true, "scope": "paired_three_lane_probe_not_full_tower"}
</system-out>
	</testcase>
	<testcase name="mhgp8_axis_probe_cli" classname="mhgp8_axis_probe_cli" time="1.1731" status="run">
		<properties/>
		<system-out>{"status": "passed", "checks": 466, "literal_checksums": 144, "reduced_sheet_cases": 126, "single_q2_controls": 90, "python_optimized": false, "scope": "axis_probe_receipts_and_full_sheet_formula_not_full_hgp"}
</system-out>
	</testcase>
	<testcase name="mhgp8_axis_probe_cli_optimized" classname="mhgp8_axis_probe_cli_optimized" time="1.16619" status="run">
		<properties/>
		<system-out>{"status": "passed", "checks": 466, "literal_checksums": 144, "reduced_sheet_cases": 126, "single_q2_controls": 90, "python_optimized": true, "scope": "axis_probe_receipts_and_full_sheet_formula_not_full_hgp"}
</system-out>
	</testcase>
	<testcase name="mhgp8_additive_probe_cli" classname="mhgp8_additive_probe_cli" time="2.2246" status="run">
		<properties/>
		<system-out>{"status": "passed", "checks": 809, "literal_checksums": 396, "reduced_sheet_cases": 72, "intersection_improvements": 144, "independent_axis_controls": 198, "python_optimized": false, "scope": "additive_probe_receipts_and_sheet_formula_not_full_hgp"}
</system-out>
	</testcase>
	<testcase name="mhgp8_additive_probe_cli_optimized" classname="mhgp8_additive_probe_cli_optimized" time="2.27178" status="run">
		<properties/>
		<system-out>{"status": "passed", "checks": 809, "literal_checksums": 396, "reduced_sheet_cases": 72, "intersection_improvements": 144, "independent_axis_controls": 198, "python_optimized": true, "scope": "additive_probe_receipts_and_sheet_formula_not_full_hgp"}
</system-out>
	</testcase>
	<testcase name="mhgp8_additive_campaign_gate" classname="mhgp8_additive_campaign_gate" time="3.99861" status="run">
		<properties/>
		<system-out>{"status": "passed", "genuine_campaigns": 2, "genuine_measurements": 24, "positive_reads": 1, "runner_mutants": 7, "reader_mutants": 14, "python_optimized": false, "scope": "additive_component_receipts_not_geometry_or_full"}
</system-out>
	</testcase>
	<testcase name="mhgp8_additive_campaign_gate_optimized" classname="mhgp8_additive_campaign_gate_optimized" time="4.00267" status="run">
		<properties/>
		<system-out>{"status": "passed", "genuine_campaigns": 2, "genuine_measurements": 24, "positive_reads": 1, "runner_mutants": 7, "reader_mutants": 14, "python_optimized": true, "scope": "additive_component_receipts_not_geometry_or_full"}
</system-out>
	</testcase>
	<testcase name="mhgp8_paired_campaign_gate" classname="mhgp8_paired_campaign_gate" time="1.00895" status="run">
		<properties/>
		<system-out>{"status": "passed", "genuine_probe_rows": 4, "direct_rejections": 132, "tuple_rejections": 12, "parser_rejections": 8, "genuine_campaigns": 2, "genuine_campaign_rows": 4, "proxy_campaigns_rejected": 2, "python_optimized": false, "scope": "paired_component_receipt_ingestion_not_geometry_or_full"}
</system-out>
	</testcase>
	<testcase name="mhgp8_paired_campaign_gate_optimized" classname="mhgp8_paired_campaign_gate_optimized" time="1.04122" status="run">
		<properties/>
		<system-out>{"status": "passed", "genuine_probe_rows": 4, "direct_rejections": 132, "tuple_rejections": 12, "parser_rejections": 8, "genuine_campaigns": 2, "genuine_campaign_rows": 4, "proxy_campaigns_rejected": 2, "python_optimized": true, "scope": "paired_component_receipt_ingestion_not_geometry_or_full"}
</system-out>
	</testcase>
	<testcase name="mhgp8_campaign_reader_gate" classname="mhgp8_campaign_reader_gate" time="0.522501" status="run">
		<properties/>
		<system-out>{"status": "passed", "checks": 4, "genuine_measurements": 9, "active_sheet_mutants": 3, "inactive_q3_controls": 3, "python_optimized": false, "scope": "sheet_receipt_active_lane_invariant_not_full_hgp"}
</system-out>
	</testcase>
	<testcase name="mhgp8_campaign_reader_gate_optimized" classname="mhgp8_campaign_reader_gate_optimized" time="0.540109" status="run">
		<properties/>
		<system-out>{"status": "passed", "checks": 4, "genuine_measurements": 9, "active_sheet_mutants": 3, "inactive_q3_controls": 3, "python_optimized": true, "scope": "sheet_receipt_active_lane_invariant_not_full_hgp"}
</system-out>
	</testcase>
	<testcase name="mhgp8_paired_reader_gate" classname="mhgp8_paired_reader_gate" time="7.73134" status="run">
		<properties/>
		<system-out>{"status": "passed", "genuine_campaigns": 5, "genuine_measurements": 10, "positive_reads": 2, "cpu_frequency_policy_controls": 1, "mutants_rejected": 46, "empty_matrix_rejections": 8, "duplicate_matrix_rejections": 7, "source_coverage_rejections": 8, "cross_campaign_identity_rejections": 3, "heterogeneous_provenance_rejections": 6, "invalid_provenance_rejections": 5, "python_optimized": false, "scope": "paired_campaign_reader_not_geometry_or_full"}
</system-out>
	</testcase>
	<testcase name="mhgp8_paired_reader_gate_optimized" classname="mhgp8_paired_reader_gate_optimized" time="7.73054" status="run">
		<properties/>
		<system-out>{"status": "passed", "genuine_campaigns": 5, "genuine_measurements": 10, "positive_reads": 2, "cpu_frequency_policy_controls": 1, "mutants_rejected": 46, "empty_matrix_rejections": 8, "duplicate_matrix_rejections": 7, "source_coverage_rejections": 8, "cross_campaign_identity_rejections": 3, "heterogeneous_provenance_rejections": 6, "invalid_provenance_rejections": 5, "python_optimized": true, "scope": "paired_campaign_reader_not_geometry_or_full"}
</system-out>
	</testcase>
</testsuite>
