<?xml version="1.0" encoding="UTF-8"?>
<testsuite name="(empty)"
	tests="323"
	failures="0"
	disabled="0"
	skipped="0"
	hostname=""
	time="607"
	timestamp="2026-09-05T06:12:18"
	>
	<testcase name="mhgp7_arith_selftest" classname="mhgp7_arith_selftest" time="0.0138429" status="run">
		<properties>
			<property name="cmake_labels" value="gate"/>
		</properties>
		<system-out>selftest --arith : conforme

</system-out>
	</testcase>
	<testcase name="mhgp7_sha256_selftest" classname="mhgp7_sha256_selftest" time="0.0239742" status="run">
		<properties>
			<property name="cmake_labels" value="gate"/>
		</properties>
		<system-out>sha256 : SHA-NI ACTIF (comparaison inter-chemins effective) ; 1 Mo auto=723e637049bb54d4... portable=723e637049bb54d4...
selftest --sha256 : conforme

</system-out>
	</testcase>
	<testcase name="mhgp7_families_fixture" classname="mhgp7_families_fixture" time="0.0214419" status="run">
		<properties>
			<property name="cmake_labels" value="gate"/>
		</properties>
		<system-out>selftest --families : conforme

</system-out>
	</testcase>
	<testcase name="mhgp7_families_mutant_overshoot" classname="mhgp7_families_mutant_overshoot" time="0.0146662" status="run">
		<properties>
			<property name="cmake_labels" value="gate"/>
		</properties>
		<system-out>mutant uniform                      digest identique
mutant terrain                      digest identique
mutant scanline_single_pass         digest identique
mutant scanline_overlap_multiecho   digest DIVERGE
mutant eight_clusters               digest identique
mutant two_lines                    digest identique
mutant collinear_seven              digest identique
mutant terrain_stationnaire         digest identique
mutant scanline_stationnaire        digest identique
families : mutant TUE (1 famille(s) divergente(s))

</system-out>
	</testcase>
	<testcase name="mhgp7_tree_selftest" classname="mhgp7_tree_selftest" time="0.0174966" status="run">
		<properties>
			<property name="cmake_labels" value="gate"/>
		</properties>
		<system-out>selftest --tree : conforme

</system-out>
	</testcase>
	<testcase name="mhgp7_wspd_ledger" classname="mhgp7_wspd_ledger" time="0.0205336" status="run">
		<properties>
			<property name="cmake_labels" value="gate"/>
		</properties>
		<system-out>selftest --wspd-ledger : conforme

</system-out>
	</testcase>
	<testcase name="mhgp7_wspd_ownership" classname="mhgp7_wspd_ownership" time="0.417695" status="run">
		<properties>
			<property name="cmake_labels" value="gate"/>
		</properties>
		<system-out>selftest --wspd-ownership : conforme

</system-out>
	</testcase>
	<testcase name="mhgp7_wspd_mutant_cap" classname="mhgp7_wspd_mutant_cap" time="0.173833" status="run">
		<properties>
			<property name="cmake_labels" value="gate"/>
		</properties>
		<system-out>uniform : 7769 rectangles vivants != fixture 23586
uniform : rectangle NON separe emis
eight_clusters : 5989 rectangles vivants != fixture 12520
eight_clusters : rectangle NON separe emis

</system-out>
	</testcase>
	<testcase name="mhgp7_wspd_mutant_split" classname="mhgp7_wspd_mutant_split" time="0.687577" status="run">
		<properties>
			<property name="cmake_labels" value="gate"/>
		</properties>
		<system-out>uniform : 31570 rectangles vivants != fixture 23586
eight_clusters : 22144 rectangles vivants != fixture 12520

</system-out>
	</testcase>
	<testcase name="mhgp7_contrat_echec" classname="mhgp7_contrat_echec" time="1.49539" status="run">
		<properties>
			<property name="cmake_labels" value="gate"/>
		</properties>
		<system-out>selftest --failure-contract : conforme

</system-out>
	</testcase>
	<testcase name="mhgp7_contrat_echec_census" classname="mhgp7_contrat_echec_census" time="2.77725" status="run">
		<properties>
			<property name="cmake_labels" value="gate"/>
		</properties>
		<system-out>
</system-out>
	</testcase>
	<testcase name="mhgp7_contrat_echec_fold_k2" classname="mhgp7_contrat_echec_fold_k2" time="3.161" status="run">
		<properties>
			<property name="cmake_labels" value="gate"/>
		</properties>
		<system-out>
</system-out>
	</testcase>
	<testcase name="mhgp7_contrat_echec_fuite_sum_parents" classname="mhgp7_contrat_echec_fuite_sum_parents" time="3.63728" status="run">
		<properties>
			<property name="cmake_labels" value="gate"/>
		</properties>
		<system-out>echec sous mutant (inflight=1) : champ provisoire NON vide apres echec
echec sous mutant (inflight=2) : champ provisoire NON vide apres echec
echec sous mutant (inflight=8) : champ provisoire NON vide apres echec
mutant provisional-keep-sum-parents : contrat des provisoires VIOLE — tue

</system-out>
	</testcase>
	<testcase name="mhgp7_bad_alloc_temoin" classname="mhgp7_bad_alloc_temoin" time="1.05204" status="run">
		<properties>
			<property name="cmake_labels" value="gate"/>
		</properties>
		<system-out>temoin : run complet, etage_atteint=publication, 10 callbacks (kmax_eff=10) — conforme

</system-out>
	</testcase>
	<testcase name="mhgp7_bad_alloc_etage_provision" classname="mhgp7_bad_alloc_etage_provision" time="0.0131803" status="run">
		<properties>
			<property name="cmake_labels" value="gate"/>
		</properties>
		<system-out>caps-throw-bad-alloc-provision inflight=1 : resource_exhausted : allocation impossible a l'etage entree (rss_mb apres_generation=0 apres_rle=0 apres_prefiltre=0 apres_census=0 max_fold=0)
caps-throw-bad-alloc-provision inflight=2 : resource_exhausted : allocation impossible a l'etage entree (rss_mb apres_generation=0 apres_rle=0 apres_prefiltre=0 apres_census=0 max_fold=0)
caps-throw-bad-alloc-provision inflight=8 : resource_exhausted : allocation impossible a l'etage entree (rss_mb apres_generation=0 apres_rle=0 apres_prefiltre=0 apres_census=0 max_fold=0)
bad_alloc a l'etage entree : refus transactionnel conforme (statut, curseur, zero callback, aucun provisoire) sur inflight 1/2/8 — jamais un abort

</system-out>
	</testcase>
	<testcase name="mhgp7_bad_alloc_etage_census" classname="mhgp7_bad_alloc_etage_census" time="1.90338" status="run">
		<properties>
			<property name="cmake_labels" value="gate"/>
		</properties>
		<system-out>caps-throw-bad-alloc-census inflight=1 : resource_exhausted : allocation impossible a l'etage census (rss_mb apres_generation=24 apres_rle=24 apres_prefiltre=25 apres_census=0 max_fold=0)
caps-throw-bad-alloc-census inflight=2 : resource_exhausted : allocation impossible a l'etage census (rss_mb apres_generation=55 apres_rle=55 apres_prefiltre=55 apres_census=0 max_fold=0)
caps-throw-bad-alloc-census inflight=8 : resource_exhausted : allocation impossible a l'etage census (rss_mb apres_generation=55 apres_rle=55 apres_prefiltre=55 apres_census=0 max_fold=0)
bad_alloc a l'etage census : refus transactionnel conforme (statut, curseur, zero callback, aucun provisoire) sur inflight 1/2/8 — jamais un abort

</system-out>
	</testcase>
	<testcase name="mhgp7_bad_alloc_etage_fold" classname="mhgp7_bad_alloc_etage_fold" time="2.41022" status="run">
		<properties>
			<property name="cmake_labels" value="gate"/>
		</properties>
		<system-out>caps-throw-bad-alloc-fold inflight=1 : resource_exhausted : allocation impossible a l'etage fold (rss_mb apres_generation=24 apres_rle=24 apres_prefiltre=25 apres_census=47 max_fold=0)
caps-throw-bad-alloc-fold inflight=2 : resource_exhausted : allocation impossible a l'etage fold (rss_mb apres_generation=54 apres_rle=54 apres_prefiltre=54 apres_census=77 max_fold=0)
caps-throw-bad-alloc-fold inflight=8 : resource_exhausted : allocation impossible a l'etage fold (rss_mb apres_generation=85 apres_rle=85 apres_prefiltre=85 apres_census=85 max_fold=0)
bad_alloc a l'etage fold : refus transactionnel conforme (statut, curseur, zero callback, aucun provisoire) sur inflight 1/2/8 — jamais un abort

</system-out>
	</testcase>
	<testcase name="mhgp7_e6_grille_objet" classname="mhgp7_e6_grille_objet" time="140.771" status="run">
		<properties>
			<property name="cmake_labels" value="gate"/>
		</properties>
		<system-out>selftest --e6-equal : conforme

</system-out>
	</testcase>
	<testcase name="mhgp7_fused_descent" classname="mhgp7_fused_descent" time="2.79298" status="run">
		<properties>
			<property name="cmake_labels" value="gate"/>
		</properties>
		<system-out>selftest --fused-descent : conforme

</system-out>
	</testcase>
	<testcase name="mhgp7_sweep_oracle" classname="mhgp7_sweep_oracle" time="0.216867" status="run">
		<properties>
			<property name="cmake_labels" value="gate;oracle"/>
		</properties>
		<system-out>selftest --sweep-oracle : conforme

</system-out>
	</testcase>
	<testcase name="mhgp7_caps_refus" classname="mhgp7_caps_refus" time="31.6719" status="run">
		<properties>
			<property name="cmake_labels" value="gate"/>
		</properties>
		<system-out>selftest --caps-refus : conforme

</system-out>
	</testcase>
	<testcase name="mhgp7_caps_mutant_emission" classname="mhgp7_caps_mutant_emission" time="10.2071" status="run">
		<properties>
			<property name="cmake_labels" value="gate"/>
		</properties>
		<system-out>mutant caps-drop-emission TUE : plafond d'emission ignore detecte

</system-out>
	</testcase>
	<testcase name="mhgp7_caps_mutant_late_wave" classname="mhgp7_caps_mutant_late_wave" time="10.2906" status="run">
		<properties>
			<property name="cmake_labels" value="gate"/>
		</properties>
		<system-out>mutant caps-late-wave-check TUE : pic 2518 &gt; cap 2048 (controle apres insertion detecte)

</system-out>
	</testcase>
	<testcase name="mhgp7_caps_mutant_prefusion" classname="mhgp7_caps_mutant_prefusion" time="14.2855" status="run">
		<properties>
			<property name="cmake_labels" value="gate"/>
		</properties>
		<system-out>mutant caps-skip-prefusion-budget TUE : refus retombe sur le tri, payload 2E materialise atteste (emitted=684491 capacite=684491)

</system-out>
	</testcase>
	<testcase name="mhgp7_executor_pool" classname="mhgp7_executor_pool" time="0.0513911" status="run">
		<properties>
			<property name="cmake_labels" value="gate"/>
		</properties>
		<system-out>ok : N=1 : pic d'activite 1 == N (latch)
ok : N=1 : 1 executeurs construits
ok : N=2 : pic d'activite 2 == N (latch)
ok : N=2 : 2 executeurs construits
ok : N=4 : pic d'activite 4 == N (latch)
ok : N=4 : 4 executeurs construits
ok : N=8 : pic d'activite 8 == N (latch)
ok : N=8 : 8 executeurs construits
ok : 0 executeur : REFUS (jamais un clamp)
ok : 9 executeurs : REFUS (jamais un clamp)
ok : 3 executeurs : accepte (le domaine est tout entier de 1 a 8)
ok : soumission reentrante depuis un travail du meme pool : REFUS immediat
ok : soumission emboitee vers un AUTRE pool : REFUS immediat
ok : queue_cap=1 : pic de file 1 &lt;= 1, capacite annoncee 1
ok : erreur fatale : les deux travaux retenus attestes demarres
ok : erreur fatale : file remplie (4) attestee avant fermeture
ok : erreur fatale : soumis=6 reussis=2 echoues=0 annules=4 actifs=0 en_file=0 (solde)
ok : erreur fatale : admission fermee
ok : erreur fatale : toute soumission ulterieure est refusee
ok : erreur fatale : aucun producteur laisse en attente
ok ...
[This part of the test output was removed since it exceeds the threshold of 1024 bytes.]
</system-out>
	</testcase>
	<testcase name="mhgp7_executor_pool_mutant_serial" classname="mhgp7_executor_pool_mutant_serial" time="0.0130271" status="run">
		<properties>
			<property name="cmake_labels" value="gate"/>
		</properties>
		<system-out>mutant pool-serial TUE : N=2 demande, actif=1 file=1 g_built=1 pic=1 attestes

</system-out>
	</testcase>
	<testcase name="mhgp7_executor_pool_mutant_drop_exception" classname="mhgp7_executor_pool_mutant_drop_exception" time="0.0127806" status="run">
		<properties>
			<property name="cmake_labels" value="gate"/>
		</properties>
		<system-out>mutant pool-drop-exception TUE : exception d'un travail avalee (retour normal)

</system-out>
	</testcase>
	<testcase name="mhgp7_executor_pool_mutant_worker_resume" classname="mhgp7_executor_pool_mutant_worker_resume" time="0.0126962" status="run">
		<properties>
			<property name="cmake_labels" value="gate"/>
		</properties>
		<system-out>mutant pool-worker-resume-after-fatal TUE : travail poste-fatal execute

</system-out>
	</testcase>
	<testcase name="mhgp7_executor_pool_mutant_activate_late" classname="mhgp7_executor_pool_mutant_activate_late" time="0.0124491" status="run">
		<properties>
			<property name="cmake_labels" value="gate"/>
		</properties>
		<system-out>mutant pool-activate-after-unlock TUE : ticket manque a la fermeture (ni actif ni en file)

</system-out>
	</testcase>
	<testcase name="mhgp7_wire" classname="mhgp7_wire" time="0.0124858" status="run">
		<properties>
			<property name="cmake_labels" value="gate"/>
		</properties>
		<system-out>ok : quotient hors i64 : candidats satures a 65535 (jamais un wrap)
ok : b = INT128_MIN : candidats satures, aucun debordement signe
ok : reparse champ par champ == cle appendue (a, b, c, h)
ok : axis_min par candidats == balayage exhaustif (fixtures graves)
ok : serialisation sans refus sur l'index reel
ok : aller-retour bit-exact (nœuds, boites, positions, prefixes)
ok : host_wire_digest == valeur gravee
ok : refus : boite hors u16
ok : refus : position hors u16
ok : refus : prefixe au-dela de u32
ok : framing : 112 octets par boule
ok : refus transactionnel : cle non canonisee, tout vide
ok : refus : seuil h nul
ok : valide -&gt; invalide -&gt; valide : plus rien ne s'ecrit apres la premiere erreur
ok : refus d'index transactionnel : aucun prefixe consommable

</system-out>
	</testcase>
	<testcase name="mhgp7_wire_mutant_drop_node" classname="mhgp7_wire_mutant_drop_node" time="0.0125824" status="run">
		<properties>
			<property name="cmake_labels" value="gate"/>
		</properties>
		<system-out>ok : quotient hors i64 : candidats satures a 65535 (jamais un wrap)
ok : b = INT128_MIN : candidats satures, aucun debordement signe
ok : reparse champ par champ == cle appendue (a, b, c, h)
ok : axis_min par candidats == balayage exhaustif (fixtures graves)
mutant gpu-index-drop-node TUE : 1592 octets de nœuds pour n_nodes=399, digest divergent

</system-out>
	</testcase>
	<testcase name="mhgp7_wire_mutant_t1" classname="mhgp7_wire_mutant_t1" time="0.0143838" status="run">
		<properties>
			<property name="cmake_labels" value="gate"/>
		</properties>
		<system-out>ok : quotient hors i64 : candidats satures a 65535 (jamais un wrap)
mutant wire-t1-plus-one TUE : 7 minima d'axe divergents sur 203 cas exhaustifs (chemin append-&gt;octets-&gt;reparse)

</system-out>
	</testcase>
	<testcase name="mhgp7_census_device_stub" classname="mhgp7_census_device_stub" time="2.92108" status="run">
		<properties>
			<property name="cmake_labels" value="gate"/>
		</properties>
		<system-out>bilan boules=172153 tuees=3441 coquille4=68016 masse_range_add=877420 div_prefiltre=0 div_census=0 div_ordre=0 overflow=0
validateur_refus=0 (statut_omis=0 count_omis=0 comptes_profil=0 autre=0)
ok : validateur D2H : aucune sentinelle ni valeur hors profil au nominal
ok : prefiltre bit-identique au scalaire (statut et compte exact)
ok : census bit-identique (statut, comptes, listes EN ORDRE)
ok : aucun stack_overflow au nominal (pile legitime &lt;= 49)
ok : plancher : &gt;= 20 000 boules jugees
ok : plancher : &gt;= 100 boules tuees au prefiltre
ok : plancher : &gt;= 100 survivants a coquille &gt;= 4
ok : plancher : chemin d'ajout de sous-arbre exerce

</system-out>
	</testcase>
	<testcase name="mhgp7_census_stub_mutant_range_le" classname="mhgp7_census_stub_mutant_range_le" time="2.9044" status="run">
		<properties>
			<property name="cmake_labels" value="gate"/>
		</properties>
		<system-out>bilan boules=172153 tuees=3441 coquille4=50565 masse_range_add=877420 div_prefiltre=37570 div_census=0 div_ordre=0 overflow=0
validateur_refus=0 (statut_omis=0 count_omis=0 comptes_profil=0 autre=0)
mutant gpu-range-add-le TUE : 37570 divergences de prefiltre

</system-out>
	</testcase>
	<testcase name="mhgp7_census_stub_mutant_stack" classname="mhgp7_census_stub_mutant_stack" time="2.70111" status="run">
		<properties>
			<property name="cmake_labels" value="gate"/>
		</properties>
		<system-out>bilan boules=172153 tuees=2526 coquille4=53668 masse_range_add=877420 div_prefiltre=0 div_census=0 div_ordre=0 overflow=36472
validateur_refus=0 (statut_omis=0 count_omis=0 comptes_profil=0 autre=0)
mutant gpu-stack-shallow TUE : 36472 stack_overflow sur arbre legitime

</system-out>
	</testcase>
	<testcase name="mhgp7_census_stub_mutant_swap_push" classname="mhgp7_census_stub_mutant_swap_push" time="2.92488" status="run">
		<properties>
			<property name="cmake_labels" value="gate"/>
		</properties>
		<system-out>bilan boules=172153 tuees=3441 coquille4=68016 masse_range_add=877420 div_prefiltre=0 div_census=0 div_ordre=168712 overflow=0
validateur_refus=0 (statut_omis=0 count_omis=0 comptes_profil=0 autre=0)
mutant gpu-swap-push-order TUE : 168712 divergences d'ORDRE a multiset egal

</system-out>
	</testcase>
	<testcase name="mhgp7_census_stub_mutant_nonstrict" classname="mhgp7_census_stub_mutant_nonstrict" time="2.87182" status="run">
		<properties>
			<property name="cmake_labels" value="gate"/>
		</properties>
		<system-out>bilan boules=172153 tuees=3441 coquille4=13178 masse_range_add=877420 div_prefiltre=0 div_census=168712 div_ordre=0 overflow=0
validateur_refus=0 (statut_omis=0 count_omis=0 comptes_profil=0 autre=0)
mutant gpu-census-nonstrict TUE : 168712 divergences de census

</system-out>
	</testcase>
	<testcase name="mhgp7_census_stub_mutant_skip_write" classname="mhgp7_census_stub_mutant_skip_write" time="2.91943" status="run">
		<properties>
			<property name="cmake_labels" value="gate"/>
		</properties>
		<system-out>bilan boules=172153 tuees=3441 coquille4=67998 masse_range_add=877225 div_prefiltre=0 div_census=0 div_ordre=0 overflow=0
validateur_refus=43 (statut_omis=43 count_omis=0 comptes_profil=0 autre=0)
mutant gpu-skip-ball-write TUE : 43 statuts omis (dent de statut, jamais celle du count)

</system-out>
	</testcase>
	<testcase name="mhgp7_census_stub_mutant_nshell" classname="mhgp7_census_stub_mutant_nshell" time="2.89968" status="run">
		<properties>
			<property name="cmake_labels" value="gate"/>
		</properties>
		<system-out>bilan boules=172153 tuees=3440 coquille4=68001 masse_range_add=877213 div_prefiltre=0 div_census=0 div_ordre=0 overflow=0
validateur_refus=43 (statut_omis=0 count_omis=0 comptes_profil=43 autre=0)
mutant gpu-nshell-overdomain TUE : 43 comptes hors profil refuses

</system-out>
	</testcase>
	<testcase name="mhgp7_census_stub_mutant_skip_count" classname="mhgp7_census_stub_mutant_skip_count" time="2.89141" status="run">
		<properties>
			<property name="cmake_labels" value="gate"/>
		</properties>
		<system-out>bilan boules=172153 tuees=3441 coquille4=68001 masse_range_add=877203 div_prefiltre=0 div_census=0 div_ordre=0 overflow=0
validateur_refus=43 (statut_omis=0 count_omis=43 comptes_profil=0 autre=0)
mutant gpu-skip-count-write TUE : 43 counts jamais ecrits (motif exact)

</system-out>
	</testcase>
	<testcase name="mhgp7_pilot_stub" classname="mhgp7_pilot_stub" time="41.5532" status="run">
		<properties>
			<property name="cmake_labels" value="gate"/>
		</properties>
		<system-out>ok : route directe : la faute tardive forcee refuse
ok : route directe : sorties et stats CANARISEES identiques apres refus (commit local transactionnel)
ok : route directe : nb=0 publie des sorties VIDES
ok : objet identique CPU vs route serie C : uniform n=400
ok : objet identique CPU vs route serie C : uniform n=2000
ok : objet identique CPU vs route serie C : eight_clusters n=400
ok : objet identique CPU vs route serie C : eight_clusters n=2000

</system-out>
	</testcase>
	<testcase name="mhgp7_pilote_stub_refus_n" classname="mhgp7_pilote_stub_refus_n" time="0.0128857" status="run">
		<properties>
			<property name="cmake_labels" value="gate"/>
		</properties>
		<system-out>REFUS : parametre hors domaine ou mal forme

</system-out>
	</testcase>
	<testcase name="mhgp7_pilote_stub_parite_200" classname="mhgp7_pilote_stub_parite_200" time="3.91882" status="run">
		<properties>
			<property name="cmake_labels" value="gate"/>
		</properties>
		<system-out>pilote_serie_c device=stub-hote sm=0.0 arch_compilees=non_signees famille=uniform n=200 graine=3 fils=4 lot=2097152
repetition=0 retenue=NON ordre=cpu-device parite=OUI mur_cpu_ms=327.0 mur_route_device_ms=450.9 prefiltre_census_cpu_ms=54.6 route_device_etage_ms=197.9 wire_ms=6.8 setup_alloc_ms=0.0 h2d_ms=1.2 kernels_ms=181.7 d2h_ms=0.3 rebuild_ms=4.0 nb_total=42109 lot_effectif=42109 h2d_octets_index=7576 h2d_octets_boules=4716208 h2d_octets_sentinelles=4210900 d2h_octets=4210900 lots=1 digest_all=ba6c220dcb922202837dde19007da6ec5e3587a0654f53ceff6c20ddb9764f45 signature_cpu=155d5c66d175998989c4295082c3ee8eb530dd6275021c6f44d2d23b9ea670e3 signature_device=155d5c66d175998989c4295082c3ee8eb530dd6275021c6f44d2d23b9ea670e3
repetition=1 retenue=OUI ordre=cpu-device parite=OUI mur_cpu_ms=322.2 mur_route_device_ms=449.1 prefiltre_census_cpu_ms=59.0 route_device_etage_ms=201.4 wire_ms=8.1 setup_alloc_ms=0.0 h2d_ms=1.4 kernels_ms=184.0 d2h_ms=0.2 rebuild_ms=4.4 nb_total=42109 lot_effectif=42109 h2d_octets_index=7576 ...
[This part of the test output was removed since it exceeds the threshold of 1024 bytes.]
</system-out>
	</testcase>
	<testcase name="mhgp7_pilote_stub_lot17" classname="mhgp7_pilote_stub_lot17" time="4.44177" status="run">
		<properties>
			<property name="cmake_labels" value="gate"/>
		</properties>
		<system-out>pilote_serie_c device=stub-hote sm=0.0 arch_compilees=non_signees famille=uniform n=200 graine=3 fils=4 lot=17
repetition=0 retenue=NON ordre=cpu-device parite=OUI mur_cpu_ms=386.9 mur_route_device_ms=499.1 prefiltre_census_cpu_ms=66.4 route_device_etage_ms=230.8 wire_ms=11.2 setup_alloc_ms=0.0 h2d_ms=0.6 kernels_ms=213.0 d2h_ms=0.5 rebuild_ms=5.1 nb_total=42109 lot_effectif=17 h2d_octets_index=7576 h2d_octets_boules=4716208 h2d_octets_sentinelles=4210900 d2h_octets=4210900 lots=2477 digest_all=ba6c220dcb922202837dde19007da6ec5e3587a0654f53ceff6c20ddb9764f45 signature_cpu=155d5c66d175998989c4295082c3ee8eb530dd6275021c6f44d2d23b9ea670e3 signature_device=155d5c66d175998989c4295082c3ee8eb530dd6275021c6f44d2d23b9ea670e3
repetition=1 retenue=OUI ordre=cpu-device parite=OUI mur_cpu_ms=365.9 mur_route_device_ms=492.6 prefiltre_census_cpu_ms=69.5 route_device_etage_ms=222.6 wire_ms=5.2 setup_alloc_ms=0.0 h2d_ms=0.8 kernels_ms=210.4 d2h_ms=0.4 rebuild_ms=5.6 nb_total=42109 lot_effectif=17 h2d_octets_index=7576 h2d_oct...
[This part of the test output was removed since it exceeds the threshold of 1024 bytes.]
</system-out>
	</testcase>
	<testcase name="mhgp7_pilote_stub_mutant_base" classname="mhgp7_pilote_stub_mutant_base" time="0.877013" status="run">
		<properties>
			<property name="cmake_labels" value="gate"/>
		</properties>
		<system-out>pilote_serie_c device=stub-hote sm=0.0 arch_compilees=non_signees famille=uniform n=200 graine=3 fils=4 lot=17
mutant gpu-lot-base-reset TUE : cand_idx refuse au second lot (lots=2477)

</system-out>
	</testcase>
	<testcase name="mhgp7_pilote_juge_contre_fixtures" classname="mhgp7_pilote_juge_contre_fixtures" time="0.0604343" status="run">
		<properties>
			<property name="cmake_labels" value="gate"/>
		</properties>
		<system-out>contre-fixture tuee : record manquant (4 records au lieu de 5)
contre-fixture tuee : echauffement retenu (record 0 : retenue=OUI (attendu NON))
contre-fixture tuee : ordre hors ABBA (record 2 : ordre=cpu-device hors sequence ABBA (attendu device-cpu))
contre-fixture tuee : signatures divergentes (record 0 : signatures CPU/device divergentes)
contre-fixture tuee : octets boules falsifies (record 0 : h2d_octets_boules=11201 != 112*nb_total)
contre-fixture tuee : octets d2h falsifies (record 0 : d2h_octets=9999 != 100*nb_total)
contre-fixture tuee : lots incoherents (record 0 : lots=5 != ceil(nb_total/lot_effectif))
contre-fixture tuee : chrono non fini (champ mur_route_device_ms non fini ou negatif : 'nan')
contre-fixture tuee : mur nul (record 0 : mur nul (chrono non termine ?))
contre-fixture tuee : plancher lots (record 0 : lots=6 &lt; min_lots=7)
contre-fixture tuee : digest instable (record 4 : digest_all differe de l'echauffement (instabilite))
contre-fixture tuee : champ manquant (champ manquant lots)
contr...
[This part of the test output was removed since it exceeds the threshold of 1024 bytes.]
</system-out>
	</testcase>
	<testcase name="mhgp7_pilote_stub_juge" classname="mhgp7_pilote_stub_juge" time="4.62714" status="run">
		<properties>
			<property name="cmake_labels" value="gate"/>
		</properties>
		<system-out>pilote juge conforme (5 records, ordre_base=cpu-device)

</system-out>
	</testcase>
	<testcase name="mhgp7_pilote_stub_juge_ordre_inverse" classname="mhgp7_pilote_stub_juge_ordre_inverse" time="4.78332" status="run">
		<properties>
			<property name="cmake_labels" value="gate"/>
		</properties>
		<system-out>pilote juge conforme (5 records, ordre_base=device-cpu)

</system-out>
	</testcase>
	<testcase name="mhgp7_pilot_stub_mutant_stack" classname="mhgp7_pilot_stub_mutant_stack" time="2.2982" status="run">
		<properties>
			<property name="cmake_labels" value="gate"/>
		</properties>
		<system-out>mutant gpu-stack-shallow TUE : refus transactionnel du run entier (uniform 400)

</system-out>
	</testcase>
	<testcase name="mhgp7_pilot_stub_mutant_nonstrict" classname="mhgp7_pilot_stub_mutant_nonstrict" time="2.4222" status="run">
		<properties>
			<property name="cmake_labels" value="gate"/>
		</properties>
		<system-out>mutant gpu-census-nonstrict TUE : refus transactionnel du run entier (uniform 400)

</system-out>
	</testcase>
	<testcase name="mhgp7_pilot_stub_mutant_skip_write" classname="mhgp7_pilot_stub_mutant_skip_write" time="2.53285" status="run">
		<properties>
			<property name="cmake_labels" value="gate"/>
		</properties>
		<system-out>mutant gpu-skip-ball-write TUE : refus transactionnel du run entier (uniform 400)

</system-out>
	</testcase>
	<testcase name="mhgp7_pilot_stub_mutant_nshell" classname="mhgp7_pilot_stub_mutant_nshell" time="2.36728" status="run">
		<properties>
			<property name="cmake_labels" value="gate"/>
		</properties>
		<system-out>mutant gpu-nshell-overdomain TUE : refus transactionnel du run entier (uniform 400)

</system-out>
	</testcase>
	<testcase name="mhgp7_pilot_stub_mutant_skip_count" classname="mhgp7_pilot_stub_mutant_skip_count" time="2.26981" status="run">
		<properties>
			<property name="cmake_labels" value="gate"/>
		</properties>
		<system-out>mutant gpu-skip-count-write TUE : refus transactionnel du run entier (uniform 400)

</system-out>
	</testcase>
	<testcase name="mhgp7_device_witness_stub" classname="mhgp7_device_witness_stub" time="0.0669072" status="run">
		<properties>
			<property name="cmake_labels" value="gate"/>
		</properties>
		<system-out>device=stub-hote sm=0.0
ecritures_arith=262144/262144 ecritures_native=262144/262144 mulhi_branche_attendue=2 hors_branche_ecrites=0
arith cas=262144 desaccords=0
arith_detail sum=0 dif=0 mul64=0 mulx=0 shl=0 div4=0 cmp=0 retenues_attendues=130902
arith_native cas=262144 desaccords=0 (sum=0 mul=0 mulx=0 divrem=0 cmp=0)
device_witness OK

</system-out>
	</testcase>
	<testcase name="mhgp7_device_witness_stub_mutant_carry" classname="mhgp7_device_witness_stub_mutant_carry" time="0.0724126" status="run">
		<properties>
			<property name="cmake_labels" value="gate"/>
		</properties>
		<system-out>device=stub-hote sm=0.0
ecritures_arith=262144/262144 ecritures_native=262144/262144 mulhi_branche_attendue=2 hors_branche_ecrites=0
arith cas=262144 desaccords=130902
arith_detail sum=130902 dif=0 mul64=0 mulx=0 shl=0 div4=0 cmp=0 retenues_attendues=130902
arith_native cas=262144 desaccords=0 (sum=0 mul=0 mulx=0 divrem=0 cmp=0)
mutant witness-di128-lost-carry TUE : 130902 desaccords de somme = retenues attendues, ssi par cas (0 violation)

</system-out>
	</testcase>
	<testcase name="mhgp7_device_witness_stub_mutant_skip_write" classname="mhgp7_device_witness_stub_mutant_skip_write" time="0.071291" status="run">
		<properties>
			<property name="cmake_labels" value="gate"/>
		</properties>
		<system-out>device=stub-hote sm=0.0
ecritures_arith=262080/262144 ecritures_native=262144/262144 mulhi_branche_attendue=2 hors_branche_ecrites=0
arith cas=262144 desaccords=0
arith_detail sum=0 dif=0 mul64=0 mulx=0 shl=0 div4=0 cmp=0 retenues_attendues=130902
arith_native cas=262144 desaccords=0 (sum=0 mul=0 mulx=0 divrem=0 cmp=0)
mutant witness-skip-write TUE : 64 sentinelles aux indices exacts, natif complet, oracles conformes

</system-out>
	</testcase>
	<testcase name="mhgp7_device_witness_stub_mutant_skip_native" classname="mhgp7_device_witness_stub_mutant_skip_native" time="0.0658353" status="run">
		<properties>
			<property name="cmake_labels" value="gate"/>
		</properties>
		<system-out>device=stub-hote sm=0.0
ecritures_arith=262144/262144 ecritures_native=262080/262144 mulhi_branche_attendue=2 hors_branche_ecrites=0
arith cas=262144 desaccords=0
arith_detail sum=0 dif=0 mul64=0 mulx=0 shl=0 div4=0 cmp=0 retenues_attendues=130902
arith_native cas=262144 desaccords=0 (sum=0 mul=0 mulx=0 divrem=0 cmp=0)
mutant witness-skip-native-write TUE : 64 sentinelles natives aux indices exacts, arith complet, oracles conformes

</system-out>
	</testcase>
	<testcase name="mhgp7_device_witness_stub_contre_double" classname="mhgp7_device_witness_stub_contre_double" time="0.0673416" status="run">
		<properties>
			<property name="cmake_labels" value="gate"/>
		</properties>
		<system-out>device=stub-hote sm=0.0
ecritures_arith=262080/262144 ecritures_native=262144/262144 mulhi_branche_attendue=2 hors_branche_ecrites=0
arith cas=262144 desaccords=130878
arith_detail sum=130878 dif=0 mul64=0 mulx=0 shl=0 div4=0 cmp=0 retenues_attendues=130902
arith_native cas=262144 desaccords=0 (sum=0 mul=0 mulx=0 divrem=0 cmp=0)
MUTANT NON TUE OU DIVERGENCE PARASITE (di=130878 natif=0)

</system-out>
	</testcase>
	<testcase name="mhgp7_sweep_mutant_depth" classname="mhgp7_sweep_mutant_depth" time="0.240043" status="run">
		<properties>
			<property name="cmake_labels" value="gate"/>
		</properties>
		<system-out>oracle uniform n=44 seed=3 : v6=4113 boules, oracle=4456
  MANQUANTE arite=4 (perte de completude)
oracle uniform n=44 seed=4 : v6=3644 boules, oracle=3925
  MANQUANTE arite=4 (perte de completude)
oracle eight_clusters n=48 seed=3 : v6=4229 boules, oracle=4712
  MANQUANTE arite=4 (perte de completude)
oracle terrain n=44 seed=3 : v6=1544 boules, oracle=1559
  MANQUANTE arite=4 (perte de completude)
oracle scanline_single_pass n=44 seed=3 : v6=1494 boules, oracle=1510
  MANQUANTE arite=4 (perte de completude)

</system-out>
	</testcase>
	<testcase name="mhgp7_fused_mutant_mask" classname="mhgp7_fused_mutant_mask" time="5.54013" status="run">
		<properties>
			<property name="cmake_labels" value="gate"/>
		</properties>
		<system-out>lane 2 : rectangle emis avec cœur &gt;= h (uniform)
lane 2 : rectangle emis avec cœur &gt;= h (uniform)
lane 2 : rectangle emis avec cœur &gt;= h (uniform)
lane 2 : rectangle emis avec cœur &gt;= h (uniform)
lane 2 : rectangle emis avec cœur &gt;= h (uniform)
lane 2 : rectangle emis avec cœur &gt;= h (uniform)
lane 2 : rectangle emis avec cœur &gt;= h (uniform)
lane 2 : rectangle emis avec cœur &gt;= h (uniform)
lane 2 : rectangle emis avec cœur &gt;= h (uniform)
lane 2 : rectangle emis avec cœur &gt;= h (uniform)
lane 2 : rectangle emis avec cœur &gt;= h (uniform)
lane 2 : rectangle emis avec cœur &gt;= h (uniform)
lane 2 : rectangle emis avec cœur &gt;= h (uniform)
lane 2 : rectangle emis avec cœur &gt;= h (uniform)
lane 2 : rectangle emis avec cœur &gt;= h (uniform)
lane 2 : rectangle emis avec cœur &gt;= h (uniform)
lane 2 : rectangle emis avec cœur &gt;= h (uniform)
lane 2 : rectangle emis avec cœur &gt;= h (uniform)
lane 2 : rectangle emis avec cœur &gt;= h (uniform)
lane 2 : rectangle emis avec cœur &gt;= h (uniform)
lane 2 : rectangle emis ...
[This part of the test output was removed since it exceeds the threshold of 1024 bytes.]
</system-out>
	</testcase>
	<testcase name="mhgp7_conformity_uniform_400" classname="mhgp7_conformity_uniform_400" time="1.14843" status="run">
		<properties>
			<property name="cmake_labels" value="gate"/>
		</properties>
		<system-out>forest_layout=classic csr_fallback=0 ordres_storage_conformes=10
conformite v5=v6 : uniform n=400 : 10 forets + digest_all identiques (objet)

</system-out>
	</testcase>
	<testcase name="mhgp7_conformity_terrain_400" classname="mhgp7_conformity_terrain_400" time="0.250326" status="run">
		<properties>
			<property name="cmake_labels" value="gate"/>
		</properties>
		<system-out>forest_layout=classic csr_fallback=0 ordres_storage_conformes=10
conformite v5=v6 : terrain n=400 : 10 forets + digest_all identiques (objet)

</system-out>
	</testcase>
	<testcase name="mhgp7_conformity_eight_clusters_400" classname="mhgp7_conformity_eight_clusters_400" time="0.879805" status="run">
		<properties>
			<property name="cmake_labels" value="gate"/>
		</properties>
		<system-out>forest_layout=classic csr_fallback=0 ordres_storage_conformes=10
conformite v5=v6 : eight_clusters n=400 : 10 forets + digest_all identiques (objet)

</system-out>
	</testcase>
	<testcase name="mhgp7_conformity_scanline_single_pass_400" classname="mhgp7_conformity_scanline_single_pass_400" time="0.275441" status="run">
		<properties>
			<property name="cmake_labels" value="gate"/>
		</properties>
		<system-out>forest_layout=classic csr_fallback=0 ordres_storage_conformes=10
conformite v5=v6 : scanline_single_pass n=400 : 10 forets + digest_all identiques (objet)

</system-out>
	</testcase>
	<testcase name="mhgp7_conformity_collinear_seven_600" classname="mhgp7_conformity_collinear_seven_600" time="0.0226607" status="run">
		<properties>
			<property name="cmake_labels" value="gate"/>
		</properties>
		<system-out>forest_layout=classic csr_fallback=0 ordres_storage_conformes=8
conformite v5=v6 : collinear_seven n=600 : 8 forets + digest_all identiques (objet)

</system-out>
	</testcase>
	<testcase name="mhgp7_conformity_two_lines_200" classname="mhgp7_conformity_two_lines_200" time="0.22132" status="run">
		<properties>
			<property name="cmake_labels" value="gate"/>
		</properties>
		<system-out>forest_layout=classic csr_fallback=0 ordres_storage_conformes=10
conformite v5=v6 : two_lines n=200 : 10 forets + digest_all identiques (objet)

</system-out>
	</testcase>
	<testcase name="mhgp7_conformity_uniform_2000" classname="mhgp7_conformity_uniform_2000" time="7.90593" status="run">
		<properties>
			<property name="cmake_labels" value="gate"/>
		</properties>
		<system-out>note : divergence diagnostique NON JUGEE des candidats v5-compat (v5=9a906c53fa09b949... v6=da5bca802cd68b89...)
forest_layout=classic csr_fallback=0 ordres_storage_conformes=10
conformite v5=v6 : uniform n=2000 : 10 forets + digest_all identiques (objet)

</system-out>
	</testcase>
	<testcase name="mhgp7_conformity_terrain_2000" classname="mhgp7_conformity_terrain_2000" time="1.66593" status="run">
		<properties>
			<property name="cmake_labels" value="gate"/>
		</properties>
		<system-out>forest_layout=classic csr_fallback=0 ordres_storage_conformes=10
conformite v5=v6 : terrain n=2000 : 10 forets + digest_all identiques (objet)

</system-out>
	</testcase>
	<testcase name="mhgp7_sweep_mutant_exit" classname="mhgp7_sweep_mutant_exit" time="0.5287" status="run">
		<properties>
			<property name="cmake_labels" value="gate"/>
		</properties>
		<system-out>note : divergence diagnostique NON JUGEE des candidats v5-compat (v5=5d21fd8c0cd02339... v6=1945ddea2d44736c...)
digest_forest_K3 : v5=307ef0f9080c9b6f227c3bc04bed36c609a1e1b3e798611034745fb4c6adddcf v6=e9eb2c391ec9677e2001515fc6bb63d56d7b66aca8383ff86b5cb3a7523b0624
digest_forest_K4 : v5=6589be6b01f8a1213207c7521ce3638f17d5c69e0fc7efecca159a60ca4462c2 v6=49c5a1ead73184107c81a15be997918a7b81481263cdf700a92d611b7217a625
digest_forest_K5 : v5=0b0288b9b2f5b1f087301219d0954f9d14f28642fcf0720ca86d8fa2e25edce0 v6=d509941606689e642b98eb818f204ae3dd2373adcac3793db13e781ce06937b8
digest_forest_K6 : v5=f61e3f6d8d972005319ca20e0871e496e03d44e18bc5e83bbc2be7f656738361 v6=d630eeb5f67d771cde5645f429af2f6426d198cc94a16aef7aeb799b3edac69e
digest_forest_K7 : v5=a96d984cf71a26bb076affd2f028d085d70993f83e349d6ed952d2d776cdfadd v6=42a6f3cc804fbb5c2aa449842c2d55ae4d6b76b0e98aeb990348b766d21e5048
digest_forest_K8 : v5=c6e917c3de43036591595e408c44a8d254e9eb9b4eda70a6e4934c3f05e79028 v6=1a9030fd87a67a7e2da922a85c3db647758f4dfe7d1e1e...
[This part of the test output was removed since it exceeds the threshold of 1024 bytes.]
</system-out>
	</testcase>
	<testcase name="mhgp7_conformity_mutant_rle" classname="mhgp7_conformity_mutant_rle" time="2.66546" status="run">
		<properties>
			<property name="cmake_labels" value="gate"/>
		</properties>
		<system-out>note : divergence diagnostique NON JUGEE des candidats v5-compat (v5=2b50f878e2ddb641... v6=d58de36b0629517f...)
digest_postprefilter : golden=97be65b6e0c66e3b3b2262510bd7274f8e557ae4bdb78024467c1f9ee05c4d72 v6=81f99ac59e05a683d764e9eda44d57a9b8c8b977dfeeeda4a82b23c9d2ff902c
mutant rle-drop : 1 divergence(s) — tue
forest_layout=classic csr_fallback=0 ordres_storage_conformes=10

</system-out>
	</testcase>
	<testcase name="mhgp7_cli_refus_s7" classname="mhgp7_cli_refus_s7" time="0.0170799" status="run">
		<properties>
			<property name="cmake_labels" value="gate"/>
		</properties>
		<system-out>REFUS : arguments (parsing exact ; profil s &gt;= 8, smax dans [2, 11])

</system-out>
	</testcase>
	<testcase name="mhgp7_cli_refus_s_suffix" classname="mhgp7_cli_refus_s_suffix" time="0.0161638" status="run">
		<properties>
			<property name="cmake_labels" value="gate"/>
		</properties>
		<system-out>REFUS : arguments (parsing exact ; profil s &gt;= 8, smax dans [2, 11])

</system-out>
	</testcase>
	<testcase name="mhgp7_cli_refus_n_suffix" classname="mhgp7_cli_refus_n_suffix" time="0.0129903" status="run">
		<properties>
			<property name="cmake_labels" value="gate"/>
		</properties>
		<system-out>REFUS : arguments (parsing exact ; profil s &gt;= 8, smax dans [2, 11])

</system-out>
	</testcase>
	<testcase name="mhgp7_cli_ok_s8" classname="mhgp7_cli_ok_s8" time="0.748689" status="run">
		<properties>
			<property name="cmake_labels" value="gate"/>
		</properties>
		<system-out>payload=mhgp7-forests-horizontal-v1 authority=status_terminal callbacks=provisional vertical_maps=none
forest_layout=classic forest_storage_kind=vector_component_delta_v1 csr_fallback=0 ordres_publies=10 ordres_storage_conformes=10
backend=cpu_reference
forest_semantics=verified_events_only public_status=not_claimed require_exact=false
census_storage=mhgp7-census-direct-v1 census_payload_peak_scope=owned_balldata_capacities
tower_scope=profile_complete_k10 smax_requested=11 smax_effective=11
famille=uniform n=200 coord=58 s=8 smax=11 seed=3 threads=1 emis=42129 boules_uniques=42109 mortes_profondeur=492 survivantes=41617 census_int=206628 census_shell=137477 evenements=42018 facettes=252460 fusions=252417 deltas=39392 noeuds=26828
generation rect_alive=4343/8233/8705 rect_visites_fusionnes=24179 ancres=5416/12149/13155 candidats=5273/19843/17013 tues_profondeur=0/98488/25398 ancres_w4=2023 ancres_w3=1736 ancres_secteurs=854/1718 ancres_cellules=0/0 seeds_cellules=0/0 grilles=0/0 seeds=118331/114004 completion...
[This part of the test output was removed since it exceeds the threshold of 1024 bytes.]
</system-out>
	</testcase>
	<testcase name="mhgp7_cli_budget_signature" classname="mhgp7_cli_budget_signature" time="0.77261" status="run">
		<properties>
			<property name="cmake_labels" value="gate"/>
		</properties>
		<system-out>memory_budget_scope=partial_named_payload_proxy_v1 budget=1073741824 cap_brut_demande=4294967295 cap_brut_effectif=7456540 cap_fusion_budgetaire=3728270
payload=mhgp7-forests-horizontal-v1 authority=status_terminal callbacks=provisional vertical_maps=none
forest_layout=classic forest_storage_kind=vector_component_delta_v1 csr_fallback=0 ordres_publies=10 ordres_storage_conformes=10
backend=cpu_reference
forest_semantics=verified_events_only public_status=not_claimed require_exact=false
census_storage=mhgp7-census-direct-v1 census_payload_peak_scope=owned_balldata_capacities
tower_scope=profile_complete_k10 smax_requested=11 smax_effective=11
famille=uniform n=200 coord=58 s=8 smax=11 seed=3 threads=1 emis=42129 boules_uniques=42109 mortes_profondeur=492 survivantes=41617 census_int=206628 census_shell=137477 evenements=42018 facettes=252460 fusions=252417 deltas=39392 noeuds=26828
generation rect_alive=4343/8233/8705 rect_visites_fusionnes=24179 ancres=5416/12149/13155 candidats=5273/19843/17013 tues_profonde...
[This part of the test output was removed since it exceeds the threshold of 1024 bytes.]
</system-out>
	</testcase>
	<testcase name="mhgp7_prefix_uniform_400" classname="mhgp7_prefix_uniform_400" time="0.245491" status="run">
		<properties>
			<property name="cmake_labels" value="gate"/>
		</properties>
		<system-out>note : divergence diagnostique NON JUGEE des candidats v5-compat (v5=2b50f878e2ddb641... v6=424557841d9204c5...) — attendue en mode prefixe : l'elagage de generation depend de smax
forest_layout=classic csr_fallback=0 ordres_storage_conformes=5
prefixe exact : uniform n=400 smax=6 : 5 ordre(s) sur 10 de la reference (digests + cardinalites), deltas=18405 facettes=60224 evenements=22737

</system-out>
	</testcase>
	<testcase name="mhgp7_prefix_terrain_400" classname="mhgp7_prefix_terrain_400" time="0.0853267" status="run">
		<properties>
			<property name="cmake_labels" value="gate"/>
		</properties>
		<system-out>note : divergence diagnostique NON JUGEE des candidats v5-compat (v5=5d21fd8c0cd02339... v6=a528f619646934d7...) — attendue en mode prefixe : l'elagage de generation depend de smax
forest_layout=classic csr_fallback=0 ordres_storage_conformes=5
prefixe exact : terrain n=400 smax=6 : 5 ordre(s) sur 10 de la reference (digests + cardinalites), deltas=6105 facettes=22696 evenements=8310

</system-out>
	</testcase>
	<testcase name="mhgp7_prefix_eight_clusters_400" classname="mhgp7_prefix_eight_clusters_400" time="0.233221" status="run">
		<properties>
			<property name="cmake_labels" value="gate"/>
		</properties>
		<system-out>note : divergence diagnostique NON JUGEE des candidats v5-compat (v5=2be6cc9b76a4b205... v6=c4df241a498f26d7...) — attendue en mode prefixe : l'elagage de generation depend de smax
forest_layout=classic csr_fallback=0 ordres_storage_conformes=5
prefixe exact : eight_clusters n=400 smax=6 : 5 ordre(s) sur 10 de la reference (digests + cardinalites), deltas=14826 facettes=43912 evenements=16401

</system-out>
	</testcase>
	<testcase name="mhgp7_prefix_scanline_single_pass_400" classname="mhgp7_prefix_scanline_single_pass_400" time="0.0897031" status="run">
		<properties>
			<property name="cmake_labels" value="gate"/>
		</properties>
		<system-out>note : divergence diagnostique NON JUGEE des candidats v5-compat (v5=33cc30fb577831f7... v6=b3e74ad86404cd4c...) — attendue en mode prefixe : l'elagage de generation depend de smax
forest_layout=classic csr_fallback=0 ordres_storage_conformes=5
prefixe exact : scanline_single_pass n=400 smax=6 : 5 ordre(s) sur 10 de la reference (digests + cardinalites), deltas=3939 facettes=24615 evenements=9362

</system-out>
	</testcase>
	<testcase name="mhgp7_prefix_collinear_seven_600" classname="mhgp7_prefix_collinear_seven_600" time="0.0184754" status="run">
		<properties>
			<property name="cmake_labels" value="gate"/>
		</properties>
		<system-out>note : divergence diagnostique NON JUGEE des candidats v5-compat (v5=e21c98bb2233cfe1... v6=7c6c6d2147295faa...) — attendue en mode prefixe : l'elagage de generation depend de smax
forest_layout=classic csr_fallback=0 ordres_storage_conformes=5
prefixe exact : collinear_seven n=600 smax=6 : 5 ordre(s) sur 8 de la reference (digests + cardinalites), deltas=10 facettes=85 evenements=30

</system-out>
	</testcase>
	<testcase name="mhgp7_prefix_two_lines_200" classname="mhgp7_prefix_two_lines_200" time="0.236925" status="run">
		<properties>
			<property name="cmake_labels" value="gate"/>
		</properties>
		<system-out>note : divergence diagnostique NON JUGEE des candidats v5-compat (v5=44d2eecf8d92ac2c... v6=b379680faa1ad514...) — attendue en mode prefixe : l'elagage de generation depend de smax
forest_layout=classic csr_fallback=0 ordres_storage_conformes=5
prefixe exact : two_lines n=200 smax=6 : 5 ordre(s) sur 10 de la reference (digests + cardinalites), deltas=19 facettes=2950 evenements=985

</system-out>
	</testcase>
	<testcase name="mhgp7_prefix_uniform_2000" classname="mhgp7_prefix_uniform_2000" time="1.96184" status="run">
		<properties>
			<property name="cmake_labels" value="gate"/>
		</properties>
		<system-out>note : divergence diagnostique NON JUGEE des candidats v5-compat (v5=9a906c53fa09b949... v6=4d5f10b5d2d901af...) — attendue en mode prefixe : l'elagage de generation depend de smax
forest_layout=classic csr_fallback=0 ordres_storage_conformes=5
prefixe exact : uniform n=2000 smax=6 : 5 ordre(s) sur 10 de la reference (digests + cardinalites), deltas=104965 facettes=362566 evenements=137060

</system-out>
	</testcase>
	<testcase name="mhgp7_prefix_terrain_2000" classname="mhgp7_prefix_terrain_2000" time="0.480833" status="run">
		<properties>
			<property name="cmake_labels" value="gate"/>
		</properties>
		<system-out>note : divergence diagnostique NON JUGEE des candidats v5-compat (v5=00275339e8d19a5a... v6=20ea0f474bc73a66...) — attendue en mode prefixe : l'elagage de generation depend de smax
forest_layout=classic csr_fallback=0 ordres_storage_conformes=5
prefixe exact : terrain n=2000 smax=6 : 5 ordre(s) sur 10 de la reference (digests + cardinalites), deltas=30587 facettes=121996 evenements=44404

</system-out>
	</testcase>
	<testcase name="mhgp7_prefix_temoin_evenements" classname="mhgp7_prefix_temoin_evenements" time="1.31546" status="run">
		<properties>
			<property name="cmake_labels" value="gate"/>
		</properties>
		<system-out>note : divergence diagnostique NON JUGEE des candidats v5-compat (v5=2b50f878e2ddb641... v6=424557841d9204c5...) — attendue en mode prefixe : l'elagage de generation depend de smax
forest_layout=classic csr_fallback=0 ordres_storage_conformes=5
temoin_evenements ordres=5 evenements_observes=22737 divergences=0
prefixe exact : uniform n=400 smax=6 : 5 ordre(s) sur 10 de la reference (digests + cardinalites), deltas=18405 facettes=60224 evenements=22737

</system-out>
	</testcase>
	<testcase name="mhgp7_prefix_mutant_event_order" classname="mhgp7_prefix_mutant_event_order" time="1.28253" status="run">
		<properties>
			<property name="cmake_labels" value="gate"/>
		</properties>
		<system-out>note : divergence diagnostique NON JUGEE des candidats v5-compat (v5=2b50f878e2ddb641... v6=424557841d9204c5...) — attendue en mode prefixe : l'elagage de generation depend de smax
multiensemble canonique des evenements : K5 : evenement canonique 0 different (support/interieur/masque/niveau)
mutant prefix-tamper-event-order : 1 divergence(s) — tue
forest_layout=classic csr_fallback=0 ordres_storage_conformes=5
temoin_evenements ordres=5 evenements_observes=22737 divergences=1

</system-out>
	</testcase>
	<testcase name="mhgp7_prefix_contre_event_order_sans_temoin" classname="mhgp7_prefix_contre_event_order_sans_temoin" time="0.289043" status="run">
		<properties>
			<property name="cmake_labels" value="gate"/>
		</properties>
		<system-out>note : divergence diagnostique NON JUGEE des candidats v5-compat (v5=2b50f878e2ddb641... v6=424557841d9204c5...) — attendue en mode prefixe : l'elagage de generation depend de smax
mutant prefix-tamper-event-order : AUCUNE divergence — survivant
forest_layout=classic csr_fallback=0 ordres_storage_conformes=5

</system-out>
	</testcase>
	<testcase name="mhgp7_prefix_mutant_batch_levels" classname="mhgp7_prefix_mutant_batch_levels" time="0.287637" status="run">
		<properties>
			<property name="cmake_labels" value="gate"/>
		</properties>
		<system-out>note : divergence diagnostique NON JUGEE des candidats v5-compat (v5=2b50f878e2ddb641... v6=424557841d9204c5...) — attendue en mode prefixe : l'elagage de generation depend de smax
invariant de lot : batch_levels.size() != batches sur 1 foret(s) recue(s)
mutant prefix-tamper-batch-levels : 1 divergence(s) — tue
forest_layout=classic csr_fallback=0 ordres_storage_conformes=5

</system-out>
	</testcase>
	<testcase name="mhgp7_prefix_mutant_depth_smax6" classname="mhgp7_prefix_mutant_depth_smax6" time="0.263314" status="run">
		<properties>
			<property name="cmake_labels" value="gate"/>
		</properties>
		<system-out>note : divergence diagnostique NON JUGEE des candidats v5-compat (v5=2b50f878e2ddb641... v6=424557841d9204c5...) — attendue en mode prefixe : l'elagage de generation depend de smax
digest_forest_K5 : v5=ea5e9b4e3af0ace6129a6b5eeaaaff5d8b9c6f9f169a286080951402f30a72ec v6=4181b40019fa6334253b5ba545b14d1b43357e25cd8747a7707235d58bf92f11
cardinalites K=5 : v5(smax=11) ev=8428 fa=31715 de=7692 at=24044 fu=31712 no=4955 | v6(smax=6) ev=99 fa=583 de=95 at=393 fu=495 no=95
mutant depth-threshold-minus-one : 2 divergence(s) — tue
forest_layout=classic csr_fallback=0 ordres_storage_conformes=5

</system-out>
	</testcase>
	<testcase name="mhgp7_prefix_refus_smax11" classname="mhgp7_prefix_refus_smax11" time="0.0134057" status="run">
		<properties>
			<property name="cmake_labels" value="gate"/>
		</properties>
		<system-out>--prefix exige --smax &lt; 11 (recu 11)

</system-out>
	</testcase>
	<testcase name="mhgp7_prefix_refus_sans_reference" classname="mhgp7_prefix_refus_sans_reference" time="0.013133" status="run">
		<properties>
			<property name="cmake_labels" value="gate"/>
		</properties>
		<system-out>--prefix exige --expected=&lt;reference gravee des dix ordres&gt;

</system-out>
	</testcase>
	<testcase name="mhgp7_prefix_refus_reference_courte" classname="mhgp7_prefix_refus_reference_courte" time="0.279493" status="run">
		<properties>
			<property name="cmake_labels" value="gate"/>
		</properties>
		<system-out>reference non prefixable : 5 foret(s) / 5 cardinalite(s) pour kmax_eff=5 (une reference strictement plus longue est exigee)
forest_layout=classic csr_fallback=0 ordres_storage_conformes=5

</system-out>
	</testcase>
	<testcase name="mhgp7_prefix_plancher_cable" classname="mhgp7_prefix_plancher_cable" time="0.275745" status="run">
		<properties>
			<property name="cmake_labels" value="gate"/>
		</properties>
		<system-out>note : divergence diagnostique NON JUGEE des candidats v5-compat (v5=2b50f878e2ddb641... v6=424557841d9204c5...) — attendue en mode prefixe : l'elagage de generation depend de smax
plancher de couverture viole : ordres=5 (&gt;=99) deltas=18405 (&gt;=0) facettes=60224 (&gt;=0) evenements=22737 (&gt;=0)
forest_layout=classic csr_fallback=0 ordres_storage_conformes=5

</system-out>
	</testcase>
	<testcase name="mhgp7_residence_jalons" classname="mhgp7_residence_jalons" time="8.6003" status="run">
		<properties>
			<property name="cmake_labels" value="gate;residence"/>
		</properties>
		<system-out>residence_jalons famille=uniform n=2000 smax=11 threads=4 tolerance_mb=2.000
  jalon apres_generation rss_mb=    139 hwm_mb=    172 increment_mb=    172
  jalon apres_rle        rss_mb=    140 hwm_mb=    172 increment_mb=      0
  jalon apres_prefiltre  rss_mb=    145 hwm_mb=    172 increment_mb=      0
  jalon apres_census     rss_mb=    290 hwm_mb=    290 increment_mb=    117
  jalon max_fold         rss_mb=    481 hwm_mb=    508 increment_mb=    218
  jalon fin              rss_mb=     66 hwm_mb=    508 increment_mb=      0
residence_sonde mb_demande=256 mb_effectif=699 avant_hwm=507.9 avant_rss=65.6 apres_hwm=764.2 apres_rss=65.6 ecart=698.6
residence_census_version=mhgp7-census-direct-v1
residence_synthese jalons_juges=6 coexistence_census_pct=100.0 coexistence_census_octets=151366656 increment_census_mb=117 hwm_fin_mb=508 rss_fin_mb=66 max_rss_mb=481 ru_maxrss_mb=507.9 retard_vmhwm_max_mb=0.000
residence_compteurs boules_census=675744 boules_plateau=5276 plateau_pct=0.781 somme_parents_total=1336783
res...
[This part of the test output was removed since it exceeds the threshold of 1024 bytes.]
</system-out>
	</testcase>
	<testcase name="mhgp7_residence_mutant_hwm_instantane" classname="mhgp7_residence_mutant_hwm_instantane" time="8.71179" status="run">
		<properties>
			<property name="cmake_labels" value="gate;residence"/>
		</properties>
		<system-out>jalon fin : hwm_mb=65.754 &lt; jalon precedent 467.754 (VmHWM est monotone)
hwm_mb[fin]=65.754 &lt; max des rss_mb=467.754 (le pic historique domine tout instantane)
sonde d'instrumentation : apres munmap de 257 Mo, hwm=65.5 rss=65.5 ecart=0.0 &lt; 257 — la ligne hwm rend un INSTANTANE, pas un PIC
mutant hwm-instant-rss : 3 violation(s) de residence — tue
residence_jalons famille=uniform n=2000 smax=11 threads=4 tolerance_mb=2.000
  jalon apres_generation rss_mb=    139 hwm_mb=    139 increment_mb=    139
  jalon apres_rle        rss_mb=    140 hwm_mb=    140 increment_mb=      1
  jalon apres_prefiltre  rss_mb=    145 hwm_mb=    145 increment_mb=      5
  jalon apres_census     rss_mb=    290 hwm_mb=    290 increment_mb=    144
  jalon max_fold         rss_mb=    468 hwm_mb=    468 increment_mb=    178
  jalon fin              rss_mb=     66 hwm_mb=     66 increment_mb=      0
residence_sonde mb_demande=256 mb_effectif=257 avant_hwm=65.5 avant_rss=65.5 apres_hwm=65.5 apres_rss=65.5 ecart=0.0
residence_census_vers...
[This part of the test output was removed since it exceeds the threshold of 1024 bytes.]
</system-out>
	</testcase>
	<testcase name="mhgp7_residence_mutant_jalon_manquant" classname="mhgp7_residence_mutant_jalon_manquant" time="8.72425" status="run">
		<properties>
			<property name="cmake_labels" value="gate;residence"/>
		</properties>
		<system-out>jalons juges=5 &lt; --min-jalons=6 (un jalon a disparu de l'instrumentation)
mutant drop-stage-milestone : 1 violation(s) de residence — tue
residence_jalons famille=uniform n=2000 smax=11 threads=4 tolerance_mb=2.000
  jalon apres_generation rss_mb=    139 hwm_mb=    174 increment_mb=    174
  jalon apres_rle        rss_mb=      0 hwm_mb=      0 increment_mb=      0
  jalon apres_prefiltre  rss_mb=    145 hwm_mb=    174 increment_mb=      0
  jalon apres_census     rss_mb=    290 hwm_mb=    290 increment_mb=    115
  jalon max_fold         rss_mb=    468 hwm_mb=    508 increment_mb=    219
  jalon fin              rss_mb=     61 hwm_mb=    508 increment_mb=      0
residence_sonde mb_demande=256 mb_effectif=704 avant_hwm=508.2 avant_rss=61.2 apres_hwm=764.8 apres_rss=61.2 ecart=703.6
residence_census_version=mhgp7-census-direct-v1
residence_synthese jalons_juges=5 coexistence_census_pct=100.0 coexistence_census_octets=151366656 increment_census_mb=115 hwm_fin_mb=508 rss_fin_mb=61 max_rss_mb=468 ru_maxrss_mb=50...
[This part of the test output was removed since it exceeds the threshold of 1024 bytes.]
</system-out>
	</testcase>
	<testcase name="mhgp7_residence_mutant_tranches_gardees" classname="mhgp7_residence_mutant_tranches_gardees" time="8.77069" status="run">
		<properties>
			<property name="cmake_labels" value="gate;residence"/>
		</properties>
		<system-out>PLAFOND de residence viole : capacites du census direct = 200.0 % de survivants x sizeof(BallData) (&lt;= 110 %)
mutant keep-ball-chunks : 1 violation(s) de residence — tue
residence_jalons famille=uniform n=2000 smax=11 threads=4 tolerance_mb=2.000
  jalon apres_generation rss_mb=    139 hwm_mb=    171 increment_mb=    171
  jalon apres_rle        rss_mb=    140 hwm_mb=    171 increment_mb=      0
  jalon apres_prefiltre  rss_mb=    145 hwm_mb=    171 increment_mb=      0
  jalon apres_census     rss_mb=    290 hwm_mb=    434 increment_mb=    262
  jalon max_fold         rss_mb=    474 hwm_mb=    513 increment_mb=     79
  jalon fin              rss_mb=     66 hwm_mb=    513 increment_mb=      0
residence_sonde mb_demande=256 mb_effectif=704 avant_hwm=513.0 avant_rss=65.7 apres_hwm=769.3 apres_rss=65.7 ecart=703.6
residence_census_version=mhgp7-census-direct-v1
residence_synthese jalons_juges=6 coexistence_census_pct=200.0 coexistence_census_octets=302733312 increment_census_mb=262 hwm_fin_mb=513 rss_fin_mb=6...
[This part of the test output was removed since it exceeds the threshold of 1024 bytes.]
</system-out>
	</testcase>
	<testcase name="mhgp7_residence_plafond_cable" classname="mhgp7_residence_plafond_cable" time="8.65461" status="run">
		<properties>
			<property name="cmake_labels" value="gate;residence"/>
		</properties>
		<system-out>PLAFOND de residence viole : capacites du census direct = 100.0 % de survivants x sizeof(BallData) (&lt;= 0 %)
residence_jalons famille=uniform n=2000 smax=11 threads=4 tolerance_mb=2.000
  jalon apres_generation rss_mb=    138 hwm_mb=    172 increment_mb=    172
  jalon apres_rle        rss_mb=    140 hwm_mb=    172 increment_mb=      0
  jalon apres_prefiltre  rss_mb=    145 hwm_mb=    172 increment_mb=      0
  jalon apres_census     rss_mb=    289 hwm_mb=    289 increment_mb=    117
  jalon max_fold         rss_mb=    470 hwm_mb=    510 increment_mb=    220
  jalon fin              rss_mb=     68 hwm_mb=    510 increment_mb=      0
residence_sonde mb_demande=256 mb_effectif=699 avant_hwm=509.7 avant_rss=67.3 apres_hwm=765.8 apres_rss=67.3 ecart=698.5
residence_census_version=mhgp7-census-direct-v1
residence_synthese jalons_juges=6 coexistence_census_pct=100.0 coexistence_census_octets=151366656 increment_census_mb=117 hwm_fin_mb=510 rss_fin_mb=68 max_rss_mb=470 ru_maxrss_mb=509.7 retard_vmhwm_max_mb=0.000
re...
[This part of the test output was removed since it exceeds the threshold of 1024 bytes.]
</system-out>
	</testcase>
	<testcase name="mhgp7_residence_plancher_cable" classname="mhgp7_residence_plancher_cable" time="8.68773" status="run">
		<properties>
			<property name="cmake_labels" value="gate;residence"/>
		</properties>
		<system-out>plancher de couverture viole : boules_census=675744 (&gt;=999999999) boules_plateau=5276 (&gt;=0) somme_parents=1336783 (&gt;=0)
residence_jalons famille=uniform n=2000 smax=11 threads=4 tolerance_mb=2.000
  jalon apres_generation rss_mb=    139 hwm_mb=    173 increment_mb=    173
  jalon apres_rle        rss_mb=    140 hwm_mb=    173 increment_mb=      0
  jalon apres_prefiltre  rss_mb=    145 hwm_mb=    173 increment_mb=      0
  jalon apres_census     rss_mb=    290 hwm_mb=    290 increment_mb=    117
  jalon max_fold         rss_mb=    484 hwm_mb=    514 increment_mb=    225
  jalon fin              rss_mb=     66 hwm_mb=    514 increment_mb=      0
residence_sonde mb_demande=256 mb_effectif=705 avant_hwm=514.2 avant_rss=66.1 apres_hwm=770.7 apres_rss=66.1 ecart=704.7
residence_census_version=mhgp7-census-direct-v1
residence_synthese jalons_juges=6 coexistence_census_pct=100.0 coexistence_census_octets=151366656 increment_census_mb=117 hwm_fin_mb=514 rss_fin_mb=66 max_rss_mb=484 ru_maxrss_mb=514.2 retard_vmhwm_max...
[This part of the test output was removed since it exceeds the threshold of 1024 bytes.]
</system-out>
	</testcase>
	<testcase name="mhgp7_residence_refus_smax" classname="mhgp7_residence_refus_smax" time="0.014616" status="run">
		<properties>
			<property name="cmake_labels" value="gate;residence"/>
		</properties>
		<system-out>
</system-out>
	</testcase>
	<testcase name="mhgp7_residence_jalons_prefixe" classname="mhgp7_residence_jalons_prefixe" time="1.65924" status="run">
		<properties>
			<property name="cmake_labels" value="gate;residence"/>
		</properties>
		<system-out>residence_jalons famille=uniform n=2000 smax=6 threads=4 tolerance_mb=2.000
  jalon apres_generation rss_mb=     43 hwm_mb=     57 increment_mb=     57
  jalon apres_rle        rss_mb=     43 hwm_mb=     57 increment_mb=      0
  jalon apres_prefiltre  rss_mb=     44 hwm_mb=     57 increment_mb=      0
  jalon apres_census     rss_mb=     73 hwm_mb=     73 increment_mb=     16
  jalon max_fold         rss_mb=    143 hwm_mb=    143 increment_mb=     70
  jalon fin              rss_mb=     81 hwm_mb=    142 increment_mb=      0
residence_sonde mb_demande=256 mb_effectif=318 avant_hwm=142.2 avant_rss=81.0 apres_hwm=398.3 apres_rss=81.0 ecart=317.3
residence_census_version=mhgp7-census-direct-v1
residence_synthese jalons_juges=6 coexistence_census_pct=100.0 coexistence_census_octets=30302944 increment_census_mb=16 hwm_fin_mb=142 rss_fin_mb=81 max_rss_mb=143 ru_maxrss_mb=142.2 retard_vmhwm_max_mb=0.000
residence_compteurs boules_census=135281 boules_plateau=2193 plateau_pct=1.621 somme_parents_total=210550
residen...
[This part of the test output was removed since it exceeds the threshold of 1024 bytes.]
</system-out>
	</testcase>
	<testcase name="mhgp7_linked_arcs_u16" classname="mhgp7_linked_arcs_u16" time="0.529912" status="run">
		<properties>
			<property name="cmake_labels" value="gate;oracle"/>
		</properties>
		<system-out>n=2 oracle  : q3=12 q4=4 (attendus 12 / 4)
n=2 census  : cles q3/q4 profondeur zero = 16 (oracle 16)
n=2 produit : pre-RLE q2=15 q3=18 q4=9 ; attendues trouvees exact-once q3=12 q4=4
n=4 oracle  : q3=40 q4=16 (attendus 40 / 16)
n=4 census  : cles q3/q4 profondeur zero = 56 (oracle 56)
n=4 produit : pre-RLE q2=45 q3=100 q4=100 ; attendues trouvees exact-once q3=40 q4=16
n=8 oracle  : q3=144 q4=64 (attendus 144 / 64)
n=8 census  : cles q3/q4 profondeur zero = 208 (oracle 208)
n=8 produit : pre-RLE q2=153 q3=648 q4=1086 ; attendues trouvees exact-once q3=144 q4=64
n=16 oracle  : q3=544 q4=256 (attendus 544 / 256)
n=16 marges : acuite=58928 pow3=9505372644204968192 pow4=2588950695868800
n=16 census  : cles q3/q4 profondeur zero = 800 (oracle 800)
n=16 produit : pre-RLE q2=519 q3=3672 q4=6654 ; attendues trouvees exact-once q3=544 q4=256
linked_arcs_u16 : conforme

</system-out>
	</testcase>
	<testcase name="mhgp7_linked_arcs_oracle_i64" classname="mhgp7_linked_arcs_oracle_i64" time="0.339213" status="run">
		<properties>
			<property name="cmake_labels" value="gate"/>
		</properties>
		<system-out>oracle-i64 n=16 : OBig q3=544 q4=256 ; i64 tronque q3=0 q4=256
oracle-i64 : verdict different — mutant TUE

</system-out>
	</testcase>
	<testcase name="mhgp7_cell_grid_oracle" classname="mhgp7_cell_grid_oracle" time="17.2053" status="run">
		<properties>
			<property name="cmake_labels" value="gate;oracle"/>
		</properties>
		<system-out>cell_grid_oracle G=8 grilles=18748 sites=894818 paires=4799488 desaccords_cnt=0 desaccords_meta=0 egalites=54802 log2max=38/37 primitifs=894818 desaccords_prim=0 synth=4000 desaccords_synth=0 localises=324171 cordes=108057 sur_arete=447 hors_domaine=0 violations=0
cell_grid_oracle G=16 grilles=18748 sites=894818 paires=19197952 desaccords_cnt=0 desaccords_meta=0 egalites=114162 log2max=39/38 primitifs=894818 desaccords_prim=0 synth=4000 desaccords_synth=0 localises=324171 cordes=108057 sur_arete=480 hors_domaine=0 violations=0
cell_grid_oracle OK (G=8 et G=16)

</system-out>
	</testcase>
	<testcase name="mhgp7_cell_grid_oracle_mutant_ns" classname="mhgp7_cell_grid_oracle_mutant_ns" time="17.3443" status="run">
		<properties>
			<property name="cmake_labels" value="gate"/>
		</properties>
		<system-out>cell_grid_oracle G=8 grilles=18748 sites=894818 paires=4799488 desaccords_cnt=46872 desaccords_meta=1065 egalites=54802 log2max=38/37 primitifs=894818 desaccords_prim=0 synth=4000 desaccords_synth=0 localises=324171 cordes=108057 sur_arete=447 hors_domaine=0 violations=0
cell_grid_oracle G=16 grilles=18748 sites=894818 paires=19197952 desaccords_cnt=103460 desaccords_meta=1546 egalites=114162 log2max=39/38 primitifs=894818 desaccords_prim=0 synth=4000 desaccords_synth=0 localises=324171 cordes=108057 sur_arete=480 hors_domaine=0 violations=0

</system-out>
	</testcase>
	<testcase name="mhgp7_cell_grid_oracle_mutant_eps" classname="mhgp7_cell_grid_oracle_mutant_eps" time="18.0385" status="run">
		<properties>
			<property name="cmake_labels" value="gate"/>
		</properties>
		<system-out>cell_grid_oracle G=8 grilles=18748 sites=894818 paires=4799488 desaccords_cnt=0 desaccords_meta=0 egalites=54802 log2max=38/37 primitifs=894818 desaccords_prim=0 synth=4000 desaccords_synth=0 localises=324171 cordes=108057 sur_arete=447 hors_domaine=0 violations=444
cell_grid_oracle G=16 grilles=18748 sites=894818 paires=19197952 desaccords_cnt=0 desaccords_meta=0 egalites=114162 log2max=39/38 primitifs=894818 desaccords_prim=0 synth=4000 desaccords_synth=0 localises=324171 cordes=108057 sur_arete=480 hors_domaine=0 violations=476

</system-out>
	</testcase>
	<testcase name="mhgp7_cell_grid_oracle_mutant_h1" classname="mhgp7_cell_grid_oracle_mutant_h1" time="18.1889" status="run">
		<properties>
			<property name="cmake_labels" value="gate"/>
		</properties>
		<system-out>cell_grid_oracle G=8 grilles=18748 sites=894818 paires=4799488 desaccords_cnt=0 desaccords_meta=9478 egalites=54802 log2max=38/37 primitifs=894818 desaccords_prim=0 synth=4000 desaccords_synth=0 localises=324171 cordes=108057 sur_arete=447 hors_domaine=0 violations=0
cell_grid_oracle G=16 grilles=18748 sites=894818 paires=19197952 desaccords_cnt=0 desaccords_meta=9121 egalites=114162 log2max=39/38 primitifs=894818 desaccords_prim=0 synth=4000 desaccords_synth=0 localises=324171 cordes=108057 sur_arete=480 hors_domaine=0 violations=0

</system-out>
	</testcase>
	<testcase name="mhgp7_sweep_frontieres" classname="mhgp7_sweep_frontieres" time="0.0144943" status="run">
		<properties>
			<property name="cmake_labels" value="gate"/>
		</properties>
		<system-out>sweep_fixtures : F1-F5 conformes

</system-out>
	</testcase>
	<testcase name="mhgp7_sweep_frontieres_mutant_depth" classname="mhgp7_sweep_frontieres_mutant_depth" time="0.0121442" status="run">
		<properties>
			<property name="cmake_labels" value="gate"/>
		</properties>
		<system-out>
</system-out>
	</testcase>
	<testcase name="mhgp7_sweep_frontieres_mutant_exit" classname="mhgp7_sweep_frontieres_mutant_exit" time="0.0119256" status="run">
		<properties>
			<property name="cmake_labels" value="gate"/>
		</properties>
		<system-out>
</system-out>
	</testcase>
	<testcase name="mhgp7_cover_coef4" classname="mhgp7_cover_coef4" time="0.0121405" status="run">
		<properties>
			<property name="cmake_labels" value="gate"/>
		</properties>
		<system-out>cover_fixture raw=0 rle=0 survivantes=0
cover_fixture : coefficient 4 tue a la generation ; frontiere conforme

</system-out>
	</testcase>
	<testcase name="mhgp7_cover_coef3_mutant" classname="mhgp7_cover_coef3_mutant" time="0.0119032" status="run">
		<properties>
			<property name="cmake_labels" value="gate"/>
		</properties>
		<system-out>cover_fixture raw=1 rle=1 survivantes=0
mutant q4-cover-coef3 : boule fautive emise puis masquee — tue

</system-out>
	</testcase>
	<testcase name="mhgp7_postprefilter_uniform_400" classname="mhgp7_postprefilter_uniform_400" time="1.06581" status="run">
		<properties>
			<property name="cmake_labels" value="gate"/>
		</properties>
		<system-out>forest_layout=classic csr_fallback=0 ordres_storage_conformes=10
conformite v5=v6 : uniform n=400 : 10 forets + digest_all identiques (objet)

</system-out>
	</testcase>
	<testcase name="mhgp7_mutant_wspd-drop-rect" classname="mhgp7_mutant_wspd-drop-rect" time="0.467029" status="run">
		<properties>
			<property name="cmake_labels" value="gate"/>
		</properties>
		<system-out>mutant wspd-drop-rect : statut invariant : grand-livre des masses de paires du front fusionne viole (3 lane(s)) — tue

</system-out>
	</testcase>
	<testcase name="mhgp7_mutant_census-nonstrict" classname="mhgp7_mutant_census-nonstrict" time="0.662002" status="run">
		<properties>
			<property name="cmake_labels" value="gate"/>
		</properties>
		<system-out>mutant census-nonstrict : statut invariant : census contredit la passe count-only — tue

</system-out>
	</testcase>
	<testcase name="mhgp7_mutant_genfilter-nonstrict" classname="mhgp7_mutant_genfilter-nonstrict" time="0.863371" status="run">
		<properties>
			<property name="cmake_labels" value="gate"/>
		</properties>
		<system-out>note : divergence diagnostique NON JUGEE des candidats v5-compat (v5=2be6cc9b76a4b205... v6=d102d3b226596ec5...)
digest_forest_K7 : v5=23d839ede1b43c0623a50aef7c69e34ea4a11260d2b89ac6ccb0ef2bb4efa833 v6=c6ce8e99fbf5628857419e63b21b5c449a088e3c4e509bb5e060fec587c494d2
digest_forest_K8 : v5=1d74d3d31750369abdcc1e126e072c0c4807516e09a2adca498bff071c2cda75 v6=c3b6e8d0a76597c1e97722f2203389eadb5ca45bf12848fb90a65843efe90e73
digest_forest_K9 : v5=64f8a3e45aabc3e42b163b5f4107fde070e28b83ac7531bbfa9d35da621a755d v6=385bedbe0862d988e6453200b64e77fc9ba782f7f79a91d03af7cb45f6c43464
digest_forest_K10 : v5=39442f69752708ad98eacc3a185f3843174ed16350cbceb93a5623dac3d83e72 v6=79f10a6699711cd1ea06561482b9272fe9d276220633b0ac1f3dd161e5dcdb27
digest_all : v5=f64eeb006397eeadc3b650f06f56a42a343dad1af7a56bd8bc0f302596404f2b v6=87171ef750eb3a8c4f1e813dff47c6548ac3a01b491864368f53637225a4d4d2
mutant genfilter-nonstrict : 5 divergence(s) — tue
forest_layout=classic csr_fallback=0 ordres_storage_conformes=10

</system-out>
	</testcase>
	<testcase name="mhgp7_mutant_depth-threshold-minus-one" classname="mhgp7_mutant_depth-threshold-minus-one" time="0.903085" status="run">
		<properties>
			<property name="cmake_labels" value="gate"/>
		</properties>
		<system-out>digest_forest_K10 : v5=39442f69752708ad98eacc3a185f3843174ed16350cbceb93a5623dac3d83e72 v6=e23dc8d91e0d3eb8357f6d21b045aaecdcd3a433808894331f4baf44322fd8ad
digest_all : v5=f64eeb006397eeadc3b650f06f56a42a343dad1af7a56bd8bc0f302596404f2b v6=16be6467ca24aac639e27c8b061b3775f7232792ef8758af6152dd8661caadfc
mutant depth-threshold-minus-one : 2 divergence(s) — tue
forest_layout=classic csr_fallback=0 ordres_storage_conformes=10

</system-out>
	</testcase>
	<testcase name="mhgp7_mutant_range-add-max-le-zero" classname="mhgp7_mutant_range-add-max-le-zero" time="0.654475" status="run">
		<properties>
			<property name="cmake_labels" value="gate"/>
		</properties>
		<system-out>mutant range-add-max-le-zero : statut invariant : census contredit la passe count-only — tue

</system-out>
	</testcase>
	<testcase name="mhgp7_mutant_skip-full-census" classname="mhgp7_mutant_skip-full-census" time="0.705628" status="run">
		<properties>
			<property name="cmake_labels" value="gate"/>
		</properties>
		<system-out>digest_forest_K1 : v5=57c1e7bb279bf07063d99b9ebca0bf7e5ec066f64c8fb0bd32a51b8e53da07cf v6=726fbd697d80a1917b9b85c6f772969429bbb12f85f88b5df64ce1b2f4306319
digest_forest_K2 : v5=7577d308f129c1247b38c8e67b8d4225cba914cf65e3fccea006c2a91150750c v6=ebd687a292db3ccd033f050a94e8679f0740fb7c2567108a9a85d0fc4e9770e2
digest_forest_K3 : v5=dad6fbb55c6bb5412779d560d19a8b4e596a4a8bc346dd2f62253d0932ea5b85 v6=d9e3d9aeabfe8368a8582a9b4c12dc4be8a609b4aa870b024db8bc7b746b032b
digest_forest_K4 : v5=d0d3b87aaa81b969819cfe12bda9d643d13b617a97a8700eb421f2aa8976cbfe v6=b92d682dae68b86678b545f40231c33be790ce727fe425f9ad527fb8d3eaaa33
digest_forest_K5 : v5=90ebf3bde167729c78f4998f96ee0b6bfea9ab9330326d2f6badeb16ce66098c v6=b3e1d1c48bef4612e4285125cb0f81b1b4577f06c3e87197daf8ccf63070369b
digest_forest_K6 : v5=bb3c4a7f49f2e0ad6ace58aa859460cc1118c575714785c0a7894945c13da2a8 v6=eacb6f1a6490cf4471f947fa8c26193e019f861dc9c986af243596dc79d50af6
digest_forest_K7 : v5=23d839ede1b43c0623a50aef7c69e34ea4a11260d2b89ac6ccb0ef2bb4efa833 v6=9b61...
[This part of the test output was removed since it exceeds the threshold of 1024 bytes.]
</system-out>
	</testcase>
	<testcase name="mhgp7_mutant_binary-ties" classname="mhgp7_mutant_binary-ties" time="0.768177" status="run">
		<properties>
			<property name="cmake_labels" value="gate"/>
		</properties>
		<system-out>mutant binary-ties : statut invariant : violations de roles, de partition ou de stockage (K=2) — tue

</system-out>
	</testcase>
	<testcase name="mhgp7_mutant_repr-ties" classname="mhgp7_mutant_repr-ties" time="1.03825" status="run">
		<properties>
			<property name="cmake_labels" value="gate"/>
		</properties>
		<system-out>digest_forest_K3 : v5=dad6fbb55c6bb5412779d560d19a8b4e596a4a8bc346dd2f62253d0932ea5b85 v6=d6011288284e58d9386ed031dc38ea51a51c47b86d4cb4c67d460296bd847960
digest_forest_K4 : v5=d0d3b87aaa81b969819cfe12bda9d643d13b617a97a8700eb421f2aa8976cbfe v6=a3e735298def4d996e46c5652ecf3879bd7d595c014d5dff1bee7ddf52ec085f
digest_forest_K5 : v5=90ebf3bde167729c78f4998f96ee0b6bfea9ab9330326d2f6badeb16ce66098c v6=6e311612d9ecf95cf6abb2118724de0b1444f6b4e7acffa31f8522cdc8a9af05
digest_forest_K6 : v5=bb3c4a7f49f2e0ad6ace58aa859460cc1118c575714785c0a7894945c13da2a8 v6=89c1fa2a554a288be70660c4828490255f13c5dc8ee54ce211547afaf7b478e5
digest_forest_K7 : v5=23d839ede1b43c0623a50aef7c69e34ea4a11260d2b89ac6ccb0ef2bb4efa833 v6=e274a8060c57656bba0b325fbfa18c1282597c333dbee7ee7250c6cf32130959
digest_forest_K8 : v5=1d74d3d31750369abdcc1e126e072c0c4807516e09a2adca498bff071c2cda75 v6=2f2dc6ecb0499ee3e3678428a02b1baa2ee1003a83d6ad11fb9a8a639c861470
digest_forest_K9 : v5=64f8a3e45aabc3e42b163b5f4107fde070e28b83ac7531bbfa9d35da621a755d v6=07b6...
[This part of the test output was removed since it exceeds the threshold of 1024 bytes.]
</system-out>
	</testcase>
	<testcase name="mhgp7_mutant_attach-prebatch" classname="mhgp7_mutant_attach-prebatch" time="1.06091" status="run">
		<properties>
			<property name="cmake_labels" value="gate"/>
		</properties>
		<system-out>digest_forest_K2 : v5=7577d308f129c1247b38c8e67b8d4225cba914cf65e3fccea006c2a91150750c v6=70d53acabe20448e0bf542a9755e492951d8df5538db9e120b7deaae7c2f792a
digest_forest_K3 : v5=dad6fbb55c6bb5412779d560d19a8b4e596a4a8bc346dd2f62253d0932ea5b85 v6=a5e0e2932a8860c994aadeed11d4cc100d70dfeb62d5c99288aee7dfa4830322
digest_forest_K4 : v5=d0d3b87aaa81b969819cfe12bda9d643d13b617a97a8700eb421f2aa8976cbfe v6=a27dddfd128552a4583474554007a87d70c95479f5a245d9b73aebf17285d536
digest_forest_K5 : v5=90ebf3bde167729c78f4998f96ee0b6bfea9ab9330326d2f6badeb16ce66098c v6=33bc3728ad6979332ba331dd50670f297ace4dbee0a92b20c7c318bf20fcbd9f
digest_forest_K6 : v5=bb3c4a7f49f2e0ad6ace58aa859460cc1118c575714785c0a7894945c13da2a8 v6=c753c7a142ae528b95bf37c8dc00064fff71e8a90f41500450927443de8e01ec
digest_forest_K7 : v5=23d839ede1b43c0623a50aef7c69e34ea4a11260d2b89ac6ccb0ef2bb4efa833 v6=106457c32787fef8442e03a92e0f0bf36205251283be0822ea3b71c26ce829e4
digest_forest_K8 : v5=1d74d3d31750369abdcc1e126e072c0c4807516e09a2adca498bff071c2cda75 v6=f600...
[This part of the test output was removed since it exceeds the threshold of 1024 bytes.]
</system-out>
	</testcase>
	<testcase name="mhgp7_mutant_drop-nonmerge" classname="mhgp7_mutant_drop-nonmerge" time="1.01092" status="run">
		<properties>
			<property name="cmake_labels" value="gate"/>
		</properties>
		<system-out>digest_forest_K2 : v5=7577d308f129c1247b38c8e67b8d4225cba914cf65e3fccea006c2a91150750c v6=4129c92ed65bf7d6040caef223015f40406041e48a10426d6bf9e093bc37c6ce
digest_forest_K3 : v5=dad6fbb55c6bb5412779d560d19a8b4e596a4a8bc346dd2f62253d0932ea5b85 v6=73e5a887e2e1fcb4d2e0b233de907c8e6eac9587e4d58231129100d4ab141935
digest_forest_K4 : v5=d0d3b87aaa81b969819cfe12bda9d643d13b617a97a8700eb421f2aa8976cbfe v6=ecf5745ea5c5d8844d372c785746cc3f9a6424d2f97e8f472734220acbec5c27
digest_forest_K5 : v5=90ebf3bde167729c78f4998f96ee0b6bfea9ab9330326d2f6badeb16ce66098c v6=bde951a00667273fadde9516783afd4c0d861dc00a240bcf342af87356ced2ab
digest_forest_K6 : v5=bb3c4a7f49f2e0ad6ace58aa859460cc1118c575714785c0a7894945c13da2a8 v6=8c1fc5fccb95ecb708203274d63e3e0e1d72ee1252571895a2306821e10b402d
digest_forest_K7 : v5=23d839ede1b43c0623a50aef7c69e34ea4a11260d2b89ac6ccb0ef2bb4efa833 v6=57f80c27e4d5e81155562a359b57c3dc1bda5a4bba410eb5055d0daa22fe8158
digest_forest_K8 : v5=1d74d3d31750369abdcc1e126e072c0c4807516e09a2adca498bff071c2cda75 v6=9f68...
[This part of the test output was removed since it exceeds the threshold of 1024 bytes.]
</system-out>
	</testcase>
	<testcase name="mhgp7_mutant_dense-pointid" classname="mhgp7_mutant_dense-pointid" time="0.947252" status="run">
		<properties>
			<property name="cmake_labels" value="gate"/>
		</properties>
		<system-out>digest_forest_K1 : v5=57c1e7bb279bf07063d99b9ebca0bf7e5ec066f64c8fb0bd32a51b8e53da07cf v6=8f4487b1e1802bde65f40e5e953f776077b849f16bbac8e05d76e47c85898637
digest_forest_K2 : v5=7577d308f129c1247b38c8e67b8d4225cba914cf65e3fccea006c2a91150750c v6=f183f5dda90c8fb89f6a53a2385dcaba80f953a4cc32ea0f3b8b0b40be060761
digest_forest_K3 : v5=dad6fbb55c6bb5412779d560d19a8b4e596a4a8bc346dd2f62253d0932ea5b85 v6=4ed4efce41f4b9f81cfb66096401288b4314194d2ecca9fc8fd4dea9d5379123
digest_forest_K4 : v5=d0d3b87aaa81b969819cfe12bda9d643d13b617a97a8700eb421f2aa8976cbfe v6=7801c0b26d9dbbb633b6a5338307af838abe735e3f37ad96a3ab2bdd18bdd908
digest_forest_K5 : v5=90ebf3bde167729c78f4998f96ee0b6bfea9ab9330326d2f6badeb16ce66098c v6=80a2a9469fd2e6107992c000f125e075ff14f8c8b6b9bab0a05d2e2a69656ca1
digest_forest_K6 : v5=bb3c4a7f49f2e0ad6ace58aa859460cc1118c575714785c0a7894945c13da2a8 v6=a00a5267770fdeb3c2b114e167a8f92ac96306ec53984861ff6842e309212783
digest_forest_K7 : v5=23d839ede1b43c0623a50aef7c69e34ea4a11260d2b89ac6ccb0ef2bb4efa833 v6=a38b...
[This part of the test output was removed since it exceeds the threshold of 1024 bytes.]
</system-out>
	</testcase>
	<testcase name="mhgp7_mutant_canonical-is-uf-root" classname="mhgp7_mutant_canonical-is-uf-root" time="0.758967" status="run">
		<properties>
			<property name="cmake_labels" value="gate"/>
		</properties>
		<system-out>mutant canonical-is-uf-root : statut invariant : violations de roles, de partition ou de stockage (K=1) — tue

</system-out>
	</testcase>
	<testcase name="mhgp7_mutant_q3-level-4g" classname="mhgp7_mutant_q3-level-4g" time="0.778901" status="run">
		<properties>
			<property name="cmake_labels" value="gate"/>
		</properties>
		<system-out>mutant q3-level-4g : statut invariant : violations de roles, de partition ou de stockage (K=3) — tue

</system-out>
	</testcase>
	<testcase name="mhgp7_mutant_q4-center-parity" classname="mhgp7_mutant_q4-center-parity" time="0.759907" status="run">
		<properties>
			<property name="cmake_labels" value="gate"/>
		</properties>
		<system-out>note : divergence diagnostique NON JUGEE des candidats v5-compat (v5=2be6cc9b76a4b205... v6=6dcb671bd004f0b6...)
digest_forest_K3 : v5=dad6fbb55c6bb5412779d560d19a8b4e596a4a8bc346dd2f62253d0932ea5b85 v6=ea8543a61e0e29cef1a69846f3d11ea3d73241562367de1324659aa6362963ad
digest_forest_K4 : v5=d0d3b87aaa81b969819cfe12bda9d643d13b617a97a8700eb421f2aa8976cbfe v6=568272f0aaefa29b79d4fec46b04a61048ac3e04493e109bd17befeae79a54b7
digest_forest_K5 : v5=90ebf3bde167729c78f4998f96ee0b6bfea9ab9330326d2f6badeb16ce66098c v6=ff9d6a9168784694395be060a1d33f4ad24a88fe70af38cb0342748d106fb5f9
digest_forest_K6 : v5=bb3c4a7f49f2e0ad6ace58aa859460cc1118c575714785c0a7894945c13da2a8 v6=52d9f6f80eb6ec55874faa98980860b5bb00c259251eec997640c52354209d63
digest_forest_K7 : v5=23d839ede1b43c0623a50aef7c69e34ea4a11260d2b89ac6ccb0ef2bb4efa833 v6=ec1c524123cdeaa467783a188563e5a1450bd52e55b137dcee45c90f1f47ac9c
digest_forest_K8 : v5=1d74d3d31750369abdcc1e126e072c0c4807516e09a2adca498bff071c2cda75 v6=7ab278d77d1068d87f55f58b9164db788637b3b861309f...
[This part of the test output was removed since it exceeds the threshold of 1024 bytes.]
</system-out>
	</testcase>
	<testcase name="mhgp7_mutant_q4-eq-sign" classname="mhgp7_mutant_q4-eq-sign" time="0.80191" status="run">
		<properties>
			<property name="cmake_labels" value="gate"/>
		</properties>
		<system-out>note : divergence diagnostique NON JUGEE des candidats v5-compat (v5=2be6cc9b76a4b205... v6=6dcb671bd004f0b6...)
digest_forest_K3 : v5=dad6fbb55c6bb5412779d560d19a8b4e596a4a8bc346dd2f62253d0932ea5b85 v6=ea8543a61e0e29cef1a69846f3d11ea3d73241562367de1324659aa6362963ad
[...]
		<properties>
			<property name="cmake_labels" value="gate"/>
		</properties>
		<system-out>OK axis_bounds boxes=1212 axis_points=454697 volume_points=31720 census_queries=45 max_bits=106 rejected_fixtures=10 extended_profile_boxes=4

</system-out>
	</testcase>
	<testcase name="mhgp7_axis_bounds_axis-argmin-floor-only" classname="mhgp7_axis_bounds_axis-argmin-floor-only" time="0.0546376" status="run">
		<properties>
			<property name="cmake_labels" value="gate"/>
		</properties>
		<system-out>DIVERGENCE axis_bounds box=1 min_equal=0 max_equal=1

</system-out>
	</testcase>
	<testcase name="mhgp7_axis_bounds_axis-argmin-ceil-always" classname="mhgp7_axis_bounds_axis-argmin-ceil-always" time="0.0182868" status="run">
		<properties>
			<property name="cmake_labels" value="gate"/>
		</properties>
		<system-out>DIVERGENCE axis_bounds box=1 min_equal=0 max_equal=1

</system-out>
	</testcase>
	<testcase name="mhgp7_axis_bounds_axis-argmin-no-clip" classname="mhgp7_axis_bounds_axis-argmin-no-clip" time="0.0192094" status="run">
		<properties>
			<property name="cmake_labels" value="gate"/>
		</properties>
		<system-out>DIVERGENCE axis_bounds box=7 min_equal=0 max_equal=1

</system-out>
	</testcase>
	<testcase name="mhgp7_axis_bounds_axis-argmin-narrow-coefficient" classname="mhgp7_axis_bounds_axis-argmin-narrow-coefficient" time="0.0190679" status="run">
		<properties>
			<property name="cmake_labels" value="gate"/>
		</properties>
		<system-out>DIVERGENCE axis_bounds box=8 min_equal=0 max_equal=1

</system-out>
	</testcase>
	<testcase name="mhgp7_axis_bounds_axis-argmin-max-min" classname="mhgp7_axis_bounds_axis-argmin-max-min" time="0.0176309" status="run">
		<properties>
			<property name="cmake_labels" value="gate"/>
		</properties>
		<system-out>DIVERGENCE axis_bounds box=1 min_equal=1 max_equal=0

</system-out>
	</testcase>
	<testcase name="mhgp7_arithmetic_integer" classname="mhgp7_arithmetic_integer" time="0.0199804" status="run">
		<properties>
			<property name="cmake_labels" value="gate"/>
		</properties>
		<system-out>arithmetic_integer_gate=passed case=all mutant=none divergence=none boost=absent_local authority=obig_and_literals public_status=not_claimed
integer_counts oracle_literal=1 overflow_refused=1 conversions=6 u192_calls=19 u192_high=4 u320_calls=31 u320_w4=2 first_bit_256=1 sums=1 sum_carries=2 comparisons=45 gcd_zero=1 gcd_one=188 gcd_wide=3 gcd_cases=192 fibonacci=185 abs=4 keys=4 rationals=4 floors=6 fixture_reject_product=1 fixture_reject_sum=1 fixture_reject_den=4 fixture_reject_num=1 fixture_reject_cross=1 fixture_reject_floor=2 fixture_reject_key=2

</system-out>
	</testcase>
	<testcase name="mhgp7_arithmetic_integer_u320" classname="mhgp7_arithmetic_integer_u320" time="0.0160656" status="run">
		<properties>
			<property name="cmake_labels" value="gate"/>
		</properties>
		<system-out>arithmetic_integer_gate=passed case=u320-only mutant=none divergence=none boost=absent_local authority=obig_and_literals public_status=not_claimed
integer_counts oracle_literal=1 overflow_refused=1 conversions=6 u192_calls=0 u192_high=0 u320_calls=9 u320_w4=2 first_bit_256=1 sums=0 sum_carries=0 comparisons=4 gcd_zero=0 gcd_one=0 gcd_wide=0 gcd_cases=0 fibonacci=0 abs=0 keys=0 rationals=0 floors=0 fixture_reject_product=0 fixture_reject_sum=0 fixture_reject_den=0 fixture_reject_num=0 fixture_reject_cross=0 fixture_reject_floor=0 fixture_reject_key=0

</system-out>
	</testcase>
	<testcase name="mhgp7_arithmetic_integer_oracle" classname="mhgp7_arithmetic_integer_oracle" time="0.0208067" status="run">
		<properties>
			<property name="cmake_labels" value="gate"/>
		</properties>
		<system-out>arithmetic_integer_gate=passed case=oracle-only mutant=none divergence=none boost=absent_local authority=obig_and_literals public_status=not_claimed
integer_counts oracle_literal=1 overflow_refused=1 conversions=6 u192_calls=0 u192_high=0 u320_calls=0 u320_w4=0 first_bit_256=0 sums=0 sum_carries=0 comparisons=0 gcd_zero=0 gcd_one=0 gcd_wide=0 gcd_cases=0 fibonacci=0 abs=0 keys=0 rationals=0 floors=0 fixture_reject_product=0 fixture_reject_sum=0 fixture_reject_den=0 fixture_reject_num=0 fixture_reject_cross=0 fixture_reject_floor=0 fixture_reject_key=0

</system-out>
	</testcase>
	<testcase name="mhgp7_arithmetic_u320_word4" classname="mhgp7_arithmetic_u320_word4" time="0.0178579" status="run">
		<properties>
			<property name="cmake_labels" value="gate"/>
		</properties>
		<system-out>arithmetic_integer_gate=mutant_killed case=u320-only mutant=level-trunc-hi divergence=W2.u320_word4 boost=absent_local authority=obig_and_literals public_status=not_claimed
integer_counts oracle_literal=1 overflow_refused=1 conversions=6 u192_calls=0 u192_high=0 u320_calls=9 u320_w4=2 first_bit_256=1 sums=0 sum_carries=0 comparisons=4 gcd_zero=0 gcd_one=0 gcd_wide=0 gcd_cases=0 fibonacci=0 abs=0 keys=0 rationals=0 floors=0 fixture_reject_product=0 fixture_reject_sum=0 fixture_reject_den=0 fixture_reject_num=0 fixture_reject_cross=0 fixture_reject_floor=0 fixture_reject_key=0

</system-out>
	</testcase>
	<testcase name="mhgp7_arithmetic_integer_oracle_carry" classname="mhgp7_arithmetic_integer_oracle_carry" time="0.0163069" status="run">
		<properties>
			<property name="cmake_labels" value="gate"/>
		</properties>
		<system-out>arithmetic_integer_gate=mutant_killed case=oracle-only mutant=obig-carry-lost divergence=oracle.W2_carry boost=absent_local authority=obig_and_literals public_status=not_claimed
integer_counts oracle_literal=1 overflow_refused=0 conversions=0 u192_calls=0 u192_high=0 u320_calls=0 u320_w4=0 first_bit_256=0 sums=0 sum_carries=0 comparisons=0 gcd_zero=0 gcd_one=0 gcd_wide=0 gcd_cases=0 fibonacci=0 abs=0 keys=0 rationals=0 floors=0 fixture_reject_product=0 fixture_reject_sum=0 fixture_reject_den=0 fixture_reject_num=0 fixture_reject_cross=0 fixture_reject_floor=0 fixture_reject_key=0

</system-out>
	</testcase>
	<testcase name="mhgp7_arithmetic_integer_bad_case" classname="mhgp7_arithmetic_integer_bad_case" time="0.0170422" status="run">
		<properties>
			<property name="cmake_labels" value="gate"/>
		</properties>
		<system-out>
</system-out>
	</testcase>
	<testcase name="mhgp7_arithmetic_integer_bad_mutant" classname="mhgp7_arithmetic_integer_bad_mutant" time="0.0137908" status="run">
		<properties>
			<property name="cmake_labels" value="gate"/>
		</properties>
		<system-out>
</system-out>
	</testcase>
	<testcase name="mhgp7_arithmetic_integer_case_mismatch" classname="mhgp7_arithmetic_integer_case_mismatch" time="0.020027" status="run">
		<properties>
			<property name="cmake_labels" value="gate"/>
		</properties>
		<system-out>
</system-out>
	</testcase>
	<testcase name="mhgp7_arithmetic_lanes" classname="mhgp7_arithmetic_lanes" time="0.0271842" status="run">
		<properties>
			<property name="cmake_labels" value="gate"/>
		</properties>
		<system-out>authority=obig_and_literals boost=not_used public_status=not_claimed oracle_carry=1 q2=2 q3=81 q4=51 q3_rank_zero=1 q4_rank_zero=1 det_positive=25 det_negative=25 inside=25 outside=1 boundary=24 power_negative=303 power_zero=858 power_positive=599 q3_acute=74 q3_rejected=7 diam_negative=4 diam_zero=3 diam_positive=74 fixture_domain_rejected=2 q4_num_high=24 q4_cross_w4_zero=50 q4_cross_w3_nonzero=25 interlane_equal=24 cassini_large_center=2 cassini_axis_calls=9 face_power_zero=6 max_g_bits=66 max_w_bits=82 max_b3_bits=82 max_c3_bits=96 max_det4_bits=52 max_np4_bits=67 max_num4_bits=136 max_cross4_bits=240 c3_negative=1 c3_positive=1 c4_nonzero=1
arithmetic_lanes_gate PASS

</system-out>
	</testcase>
	<testcase name="mhgp7_arithmetic_lanes_q4_level" classname="mhgp7_arithmetic_lanes_q4_level" time="0.0243977" status="run">
		<properties>
			<property name="cmake_labels" value="gate"/>
		</properties>
		<system-out>authority=obig_and_literals boost=not_used public_status=not_claimed oracle_carry=1 q2=0 q3=0 q4=1 q3_rank_zero=0 q4_rank_zero=0 det_positive=0 det_negative=1 inside=1 outside=0 boundary=0 power_negative=2 power_zero=12 power_positive=0 q3_acute=0 q3_rejected=0 diam_negative=0 diam_zero=0 diam_positive=0 fixture_domain_rejected=0 q4_num_high=1 q4_cross_w4_zero=1 q4_cross_w3_nonzero=1 interlane_equal=1 cassini_large_center=0 cassini_axis_calls=0 face_power_zero=0 max_g_bits=0 max_w_bits=0 max_b3_bits=0 max_c3_bits=0 max_det4_bits=52 max_np4_bits=67 max_num4_bits=136 max_cross4_bits=240 c3_negative=0 c3_positive=0 c4_nonzero=0
arithmetic_lanes_gate PASS

</system-out>
	</testcase>
	<testcase name="mhgp7_arithmetic_lanes_oracle" classname="mhgp7_arithmetic_lanes_oracle" time="0.0227008" status="run">
		<properties>
			<property name="cmake_labels" value="gate"/>
		</properties>
		<system-out>authority=obig_and_literals boost=not_used public_status=not_claimed oracle_carry=1 q2=0 q3=0 q4=0 q3_rank_zero=0 q4_rank_zero=0 det_positive=0 det_negative=0 inside=0 outside=0 boundary=0 power_negative=0 power_zero=0 power_positive=0 q3_acute=0 q3_rejected=0 diam_negative=0 diam_zero=0 diam_positive=0 fixture_domain_rejected=0 q4_num_high=0 q4_cross_w4_zero=0 q4_cross_w3_nonzero=0 interlane_equal=0 cassini_large_center=0 cassini_axis_calls=0 face_power_zero=0 max_g_bits=0 max_w_bits=0 max_b3_bits=0 max_c3_bits=0 max_det4_bits=0 max_np4_bits=0 max_num4_bits=0 max_cross4_bits=0 c3_negative=0 c3_positive=0 c4_nonzero=0
arithmetic_lanes_gate PASS

</system-out>
	</testcase>
	<testcase name="mhgp7_arithmetic_lanes_oracle_overflow" classname="mhgp7_arithmetic_lanes_oracle_overflow" time="0.0170304" status="run">
		<properties>
			<property name="cmake_labels" value="gate"/>
		</properties>
		<system-out>obig: debordement de largeur (add) — echec ferme
authority=obig_and_literals boost=not_used public_status=not_claimed oracle_carry=1 q2=0 q3=0 q4=0 q3_rank_zero=0 q4_rank_zero=0 det_positive=0 det_negative=0 inside=0 outside=0 boundary=0 power_negative=0 power_zero=0 power_positive=0 q3_acute=0 q3_rejected=0 diam_negative=0 diam_zero=0 diam_positive=0 fixture_domain_rejected=0 q4_num_high=0 q4_cross_w4_zero=0 q4_cross_w3_nonzero=0 interlane_equal=0 cassini_large_center=0 cassini_axis_calls=0 face_power_zero=0 max_g_bits=0 max_w_bits=0 max_b3_bits=0 max_c3_bits=0 max_det4_bits=0 max_np4_bits=0 max_num4_bits=0 max_cross4_bits=0 c3_negative=0 c3_positive=0 c4_nonzero=0
first_divergence=oracle.overflow inject=

</system-out>
	</testcase>
	<testcase name="mhgp7_arithmetic_q3_factor" classname="mhgp7_arithmetic_q3_factor" time="0.0170444" status="run">
		<properties>
			<property name="cmake_labels" value="gate"/>
		</properties>
		<system-out>authority=obig_and_literals boost=not_used public_status=not_claimed oracle_carry=1 q2=2 q3=1 q4=0 q3_rank_zero=0 q4_rank_zero=0 det_positive=0 det_negative=0 inside=0 outside=0 boundary=0 power_negative=2 power_zero=9 power_positive=9 q3_acute=1 q3_rejected=0 diam_negative=0 diam_zero=0 diam_positive=1 fixture_domain_rejected=2 q4_num_high=0 q4_cross_w4_zero=0 q4_cross_w3_nonzero=0 interlane_equal=0 cassini_large_center=0 cassini_axis_calls=0 face_power_zero=0 max_g_bits=66 max_w_bits=82 max_b3_bits=82 max_c3_bits=0 max_det4_bits=0 max_np4_bits=0 max_num4_bits=0 max_cross4_bits=0 c3_negative=0 c3_positive=0 c4_nonzero=0
first_divergence=q3.level inject=q3-level-4g

</system-out>
	</testcase>
	<testcase name="mhgp7_arithmetic_q4_parity" classname="mhgp7_arithmetic_q4_parity" time="0.0222687" status="run">
		<properties>
			<property name="cmake_labels" value="gate"/>
		</properties>
		<system-out>authority=obig_and_literals boost=not_used public_status=not_claimed oracle_carry=1 q2=2 q3=81 q4=1 q3_rank_zero=1 q4_rank_zero=0 det_positive=0 det_negative=1 inside=1 outside=0 boundary=0 power_negative=230 power_zero=439 power_positive=391 q3_acute=74 q3_rejected=7 diam_negative=4 diam_zero=3 diam_positive=74 fixture_domain_rejected=2 q4_num_high=0 q4_cross_w4_zero=0 q4_cross_w3_nonzero=0 interlane_equal=0 cassini_large_center=2 cassini_axis_calls=9 face_power_zero=0 max_g_bits=66 max_w_bits=82 max_b3_bits=82 max_c3_bits=96 max_det4_bits=52 max_np4_bits=67 max_num4_bits=0 max_cross4_bits=0 c3_negative=1 c3_positive=1 c4_nonzero=0
first_divergence=q4.center inject=q4-center-parity

</system-out>
	</testcase>
	<testcase name="mhgp7_arithmetic_q4_face_boundary" classname="mhgp7_arithmetic_q4_face_boundary" time="0.0220626" status="run">
		<properties>
			<property name="cmake_labels" value="gate"/>
		</properties>
		<system-out>authority=obig_and_literals boost=not_used public_status=not_claimed oracle_carry=1 q2=2 q3=81 q4=2 q3_rank_zero=1 q4_rank_zero=0 det_positive=1 det_negative=1 inside=1 outside=0 boundary=1 power_negative=233 power_zero=456 power_positive=399 q3_acute=74 q3_rejected=7 diam_negative=4 diam_zero=3 diam_positive=74 fixture_domain_rejected=2 q4_num_high=1 q4_cross_w4_zero=2 q4_cross_w3_nonzero=1 interlane_equal=1 cassini_large_center=2 cassini_axis_calls=9 face_power_zero=1 max_g_bits=66 max_w_bits=82 max_b3_bits=82 max_c3_bits=96 max_det4_bits=52 max_np4_bits=67 max_num4_bits=136 max_cross4_bits=240 c3_negative=1 c3_positive=1 c4_nonzero=0
first_divergence=q4.face_power inject=q4-eq-nonstrict

</system-out>
	</testcase>
	<testcase name="mhgp7_arithmetic_q4_u192_word2" classname="mhgp7_arithmetic_q4_u192_word2" time="0.0203689" status="run">
		<properties>
			<property name="cmake_labels" value="gate"/>
		</properties>
		<system-out>authority=obig_and_literals boost=not_used public_status=not_claimed oracle_carry=1 q2=0 q3=0 q4=1 q3_rank_zero=0 q4_rank_zero=0 det_positive=0 det_negative=1 inside=1 outside=0 boundary=0 power_negative=0 power_zero=0 power_positive=0 q3_acute=0 q3_rejected=0 diam_negative=0 diam_zero=0 diam_positive=0 fixture_domain_rejected=0 q4_num_high=1 q4_cross_w4_zero=0 q4_cross_w3_nonzero=0 interlane_equal=0 cassini_large_center=0 cassini_axis_calls=0 face_power_zero=0 max_g_bits=0 max_w_bits=0 max_b3_bits=0 max_c3_bits=0 max_det4_bits=52 max_np4_bits=67 max_num4_bits=136 max_cross4_bits=0 c3_negative=0 c3_positive=0 c4_nonzero=0
first_divergence=q4.level.num inject=level-trunc-hi

</system-out>
	</testcase>
	<testcase name="mhgp7_arithmetic_lanes_oracle_carry" classname="mhgp7_arithmetic_lanes_oracle_carry" time="0.030079" status="run">
		<properties>
			<property name="cmake_labels" value="gate"/>
		</properties>
		<system-out>authority=obig_and_literals boost=not_used public_status=not_claimed oracle_carry=1 q2=0 q3=0 q4=0 q3_rank_zero=0 q4_rank_zero=0 det_positive=0 det_negative=0 inside=0 outside=0 boundary=0 power_negative=0 power_zero=0 power_positive=0 q3_acute=0 q3_rejected=0 diam_negative=0 diam_zero=0 diam_positive=0 fixture_domain_rejected=0 q4_num_high=0 q4_cross_w4_zero=0 q4_cross_w3_nonzero=0 interlane_equal=0 cassini_large_center=0 cassini_axis_calls=0 face_power_zero=0 max_g_bits=0 max_w_bits=0 max_b3_bits=0 max_c3_bits=0 max_det4_bits=0 max_np4_bits=0 max_num4_bits=0 max_cross4_bits=0 c3_negative=0 c3_positive=0 c4_nonzero=0
first_divergence=oracle.literal-carry inject=obig-carry-lost

</system-out>
	</testcase>
	<testcase name="mhgp7_arithmetic_lanes_bad_case" classname="mhgp7_arithmetic_lanes_bad_case" time="0.0326391" status="run">
		<properties>
			<property name="cmake_labels" value="gate"/>
		</properties>
		<system-out>
</system-out>
	</testcase>
	<testcase name="mhgp7_arithmetic_lanes_bad_inject" classname="mhgp7_arithmetic_lanes_bad_inject" time="0.0316946" status="run">
		<properties>
			<property name="cmake_labels" value="gate"/>
		</properties>
		<system-out>
</system-out>
	</testcase>
	<testcase name="mhgp7_arithmetic_lanes_duplicate_case" classname="mhgp7_arithmetic_lanes_duplicate_case" time="0.0328081" status="run">
		<properties>
			<property name="cmake_labels" value="gate"/>
		</properties>
		<system-out>
</system-out>
	</testcase>
	<testcase name="mhgp7_arithmetic_lanes_duplicate_inject" classname="mhgp7_arithmetic_lanes_duplicate_inject" time="0.0299667" status="run">
		<properties>
			<property name="cmake_labels" value="gate"/>
		</properties>
		<system-out>
</system-out>
	</testcase>
	<testcase name="mhgp7_arithmetic_lanes_empty_inject" classname="mhgp7_arithmetic_lanes_empty_inject" time="0.0264341" status="run">
		<properties>
			<property name="cmake_labels" value="gate"/>
		</properties>
		<system-out>
</system-out>
	</testcase>
	<testcase name="mhgp7_arithmetic_lanes_u192_case_mismatch" classname="mhgp7_arithmetic_lanes_u192_case_mismatch" time="0.0255843" status="run">
		<properties>
			<property name="cmake_labels" value="gate"/>
		</properties>
		<system-out>
</system-out>
	</testcase>
	<testcase name="mhgp7_arithmetic_lanes_oracle_case_mismatch" classname="mhgp7_arithmetic_lanes_oracle_case_mismatch" time="0.0296141" status="run">
		<properties>
			<property name="cmake_labels" value="gate"/>
		</properties>
		<system-out>
</system-out>
	</testcase>
	<testcase name="mhgp7_meb_lazy" classname="mhgp7_meb_lazy" time="0.41982" status="run">
		<properties>
			<property name="cmake_labels" value="gate"/>
		</properties>
		<system-out>meb_lazy_gate=passed mutant=none divergence=none public_status=not_claimed
meb_lazy_counts cases=11805 success=664 degenerate=8 capped=11133 q2=53 q3=79 q4=34 logical_reject3=329615 logical_reject4=26952 materialized3=320 materialized4=136 rejected_materialized3=0 rejected_materialized4=0 reference_minimal_q=4 reference_complete=1

</system-out>
	</testcase>
	<testcase name="mhgp7_meb_lazy_q3_reject_shell" classname="mhgp7_meb_lazy_q3_reject_shell" time="0.025791" status="run">
		<properties>
			<property name="cmake_labels" value="gate"/>
		</properties>
		<system-out>meb_lazy_gate=mutant_killed mutant=silent-meb-q3-reject-shell divergence=differential.status_reason public_status=not_claimed
meb_lazy_counts cases=0 success=0 degenerate=0 capped=0 q2=0 q3=0 q4=0 logical_reject3=1 logical_reject4=0 materialized3=0 materialized4=0 rejected_materialized3=0 rejected_materialized4=0 reference_minimal_q=3 reference_complete=1

</system-out>
	</testcase>
	<testcase name="mhgp7_meb_lazy_q4_reject_shell" classname="mhgp7_meb_lazy_q4_reject_shell" time="0.0315662" status="run">
		<properties>
			<property name="cmake_labels" value="gate"/>
		</properties>
		<system-out>meb_lazy_gate=mutant_killed mutant=silent-meb-q4-reject-shell divergence=differential.status_reason public_status=not_claimed
meb_lazy_counts cases=0 success=0 degenerate=0 capped=0 q2=0 q3=0 q4=0 logical_reject3=4 logical_reject4=1 materialized3=0 materialized4=0 rejected_materialized3=0 rejected_materialized4=0 reference_minimal_q=4 reference_complete=1

</system-out>
	</testcase>
	<testcase name="mhgp7_meb_lazy_eager_materialization" classname="mhgp7_meb_lazy_eager_materialization" time="0.595547" status="run">
		<properties>
			<property name="cmake_labels" value="gate"/>
		</properties>
		<system-out>meb_lazy_gate=mutant_killed mutant=silent-meb-eager-materialization divergence=logical_rejected_materialization public_status=not_claimed
meb_lazy_counts cases=11805 success=664 degenerate=8 capped=11133 q2=53 q3=79 q4=34 logical_reject3=329615 logical_reject4=26952 materialized3=329935 materialized4=27088 rejected_materialized3=329615 rejected_materialized4=26952 reference_minimal_q=4 reference_complete=1

</system-out>
	</testcase>
	<testcase name="mhgp7_meb_lazy_unknown_mutant" classname="mhgp7_meb_lazy_unknown_mutant" time="0.0176154" status="run">
		<properties>
			<property name="cmake_labels" value="gate"/>
		</properties>
		<system-out>
</system-out>
	</testcase>
	<testcase name="mhgp7_meb_lazy_empty_mutant" classname="mhgp7_meb_lazy_empty_mutant" time="0.0159905" status="run">
		<properties>
			<property name="cmake_labels" value="gate"/>
		</properties>
		<system-out>
</system-out>
	</testcase>
	<testcase name="mhgp7_meb_lazy_duplicate_mutant" classname="mhgp7_meb_lazy_duplicate_mutant" time="0.0156986" status="run">
		<properties>
			<property name="cmake_labels" value="gate"/>
		</properties>
		<system-out>
</system-out>
	</testcase>
</testsuite>
